2024-10-21 00:47:54.527 [info] [main] Log level: Info
2024-10-21 00:47:54.527 [info] [main] Validating found git in: "git"
2024-10-21 00:47:54.527 [info] [main] Using git "2.47.0" from "git"
2024-10-21 00:47:54.527 [info] [Model][doInitialScan] Initial repository scan started
2024-10-21 00:47:54.527 [info] > git rev-parse --show-toplevel [11ms]
2024-10-21 00:47:54.527 [info] > git rev-parse --git-dir --git-common-dir [8ms]
2024-10-21 00:47:54.527 [info] [Model][openRepository] Opened repository: /home/bobbeh/codes/BobbehLandingPage
2024-10-21 00:47:54.528 [info] > git rev-parse --show-toplevel [3ms]
2024-10-21 00:47:54.528 [info] > git config --get commit.template [6ms]
2024-10-21 00:47:54.547 [info] > git for-each-ref --format=%(refname)%00%(upstream:short)%00%(objectname)%00%(upstream:track)%00%(upstream:remotename)%00%(upstream:remoteref) refs/heads/master refs/remotes/master [1ms]
2024-10-21 00:47:54.547 [info] > git rev-parse --show-toplevel [5ms]
2024-10-21 00:47:54.562 [info] > git rev-parse --show-toplevel [10ms]
2024-10-21 00:47:54.567 [info] > git status -z -uall [10ms]
2024-10-21 00:47:54.568 [info] > git for-each-ref --sort -committerdate --format %(refname) %(objectname) %(*objectname) [7ms]
2024-10-21 00:47:54.734 [info] > git for-each-ref --format=%(refname)%00%(upstream:short)%00%(objectname)%00%(upstream:track)%00%(upstream:remotename)%00%(upstream:remoteref) refs/heads/master refs/remotes/master [159ms]
2024-10-21 00:47:54.739 [info] > git rev-parse --show-toplevel [172ms]
2024-10-21 00:47:54.764 [info] > git config --local branch.master.vscode-merge-base [25ms]
2024-10-21 00:47:54.768 [info] > git config --get commit.template [37ms]
2024-10-21 00:47:54.775 [info] > git for-each-ref --format=%(refname)%00%(upstream:short)%00%(objectname)%00%(upstream:track)%00%(upstream:remotename)%00%(upstream:remoteref) refs/heads/origin/master refs/remotes/origin/master [7ms]
2024-10-21 00:47:54.788 [info] > git rev-parse --show-toplevel [25ms]
2024-10-21 00:47:54.797 [info] > git merge-base refs/heads/master refs/remotes/origin/master [17ms]
2024-10-21 00:47:54.803 [info] > git diff --name-status -z --diff-filter=ADMR ada8bb29fb92ea59d35d5b1c7d6c632b3ef83796...refs/remotes/origin/master [2ms]
2024-10-21 00:47:54.803 [info] > git rev-parse --show-toplevel [6ms]
2024-10-21 00:47:54.803 [info] > git for-each-ref --format=%(refname)%00%(upstream:short)%00%(objectname)%00%(upstream:track)%00%(upstream:remotename)%00%(upstream:remoteref) refs/heads/master refs/remotes/master [10ms]
2024-10-21 00:47:54.820 [info] > git rev-parse --show-toplevel [12ms]
2024-10-21 00:47:54.821 [info] [Model][doInitialScan] Initial repository scan completed - repositories (1), closed repositories (0), parent repositories (0), unsafe repositories (0)
2024-10-21 00:47:54.879 [info] > git status -z -uall [54ms]
2024-10-21 00:47:54.879 [info] > git for-each-ref --sort -committerdate --format %(refname) %(objectname) %(*objectname) [50ms]
2024-10-21 00:47:54.953 [info] > git show --textconv :static/styles.css [6ms]
2024-10-21 00:47:54.954 [info] > git ls-files --stage -- /home/bobbeh/codes/BobbehLandingPage/static/styles.css [2ms]
2024-10-21 00:47:54.959 [info] > git cat-file -s e24236706a80fa1df136017b3b3727c2b4b47174 [2ms]
2024-10-21 00:47:55.245 [info] > git check-ignore -v -z --stdin [1ms]
2024-10-21 00:47:55.690 [info] > git fetch [1181ms]
2024-10-21 00:47:55.698 [info] > git config --get commit.template [3ms]
2024-10-21 00:47:55.698 [info] > git for-each-ref --format=%(refname)%00%(upstream:short)%00%(objectname)%00%(upstream:track)%00%(upstream:remotename)%00%(upstream:remoteref) refs/heads/master refs/remotes/master [1ms]
2024-10-21 00:47:55.707 [info] > git for-each-ref --sort -committerdate --format %(refname) %(objectname) %(*objectname) [0ms]
2024-10-21 00:47:55.710 [info] > git status -z -uall [7ms]
2024-10-21 00:47:56.745 [info] > git config --get commit.template [5ms]
2024-10-21 00:47:56.745 [info] > git for-each-ref --format=%(refname)%00%(upstream:short)%00%(objectname)%00%(upstream:track)%00%(upstream:remotename)%00%(upstream:remoteref) refs/heads/master refs/remotes/master [1ms]
2024-10-21 00:47:56.754 [info] > git for-each-ref --sort -committerdate --format %(refname) %(objectname) %(*objectname) [1ms]
2024-10-21 00:47:56.755 [info] > git status -z -uall [6ms]
2024-10-21 00:47:56.840 [info] > git ls-files --stage -- /home/bobbeh/codes/BobbehLandingPage/static/styles.css [0ms]
2024-10-21 00:47:56.845 [info] > git cat-file -s e24236706a80fa1df136017b3b3727c2b4b47174 [1ms]
2024-10-21 00:47:56.851 [info] > git show --textconv :static/styles.css [1ms]
