2024-10-22 04:16:31.037 [info] [main] Log level: Info
2024-10-22 04:16:31.037 [info] [main] Validating found git in: "git"
2024-10-22 04:16:31.037 [info] [main] Using git "2.47.0" from "git"
2024-10-22 04:16:31.037 [info] [Model][doInitialScan] Initial repository scan started
2024-10-22 04:16:31.037 [info] > git rev-parse --show-toplevel [17ms]
2024-10-22 04:16:31.037 [info] > git rev-parse --git-dir --git-common-dir [4ms]
2024-10-22 04:16:31.037 [info] [Model][openRepository] Opened repository: /home/bobbeh/codes/BobbehLandingPage
2024-10-22 04:16:31.038 [info] > git rev-parse --show-toplevel [134ms]
2024-10-22 04:16:31.039 [info] > git config --get commit.template [138ms]
2024-10-22 04:16:31.073 [info] > git for-each-ref --format=%(refname)%00%(upstream:short)%00%(objectname)%00%(upstream:track)%00%(upstream:remotename)%00%(upstream:remoteref) refs/heads/master refs/remotes/master [6ms]
2024-10-22 04:16:31.073 [info] > git rev-parse --show-toplevel [10ms]
2024-10-22 04:16:31.080 [info] > git rev-parse --show-toplevel [1ms]
2024-10-22 04:16:31.108 [info] > git status -z -uall [19ms]
2024-10-22 04:16:31.108 [info] > git for-each-ref --sort -committerdate --format %(refname) %(objectname) %(*objectname) [14ms]
2024-10-22 04:16:31.117 [info] > git rev-parse --show-toplevel [33ms]
2024-10-22 04:16:31.126 [info] > git for-each-ref --format=%(refname)%00%(upstream:short)%00%(objectname)%00%(upstream:track)%00%(upstream:remotename)%00%(upstream:remoteref) refs/heads/master refs/remotes/master [10ms]
2024-10-22 04:16:31.131 [info] > git rev-parse --show-toplevel [6ms]
2024-10-22 04:16:31.131 [info] > git config --get commit.template [10ms]
2024-10-22 04:16:31.136 [info] > git config --local branch.master.vscode-merge-base [6ms]
2024-10-22 04:16:31.191 [info] > git rev-parse --show-toplevel [55ms]
2024-10-22 04:16:31.196 [info] > git for-each-ref --format=%(refname)%00%(upstream:short)%00%(objectname)%00%(upstream:track)%00%(upstream:remotename)%00%(upstream:remoteref) refs/heads/master refs/remotes/master [53ms]
2024-10-22 04:16:31.196 [info] > git for-each-ref --format=%(refname)%00%(upstream:short)%00%(objectname)%00%(upstream:track)%00%(upstream:remotename)%00%(upstream:remoteref) refs/heads/origin/master refs/remotes/origin/master [56ms]
2024-10-22 04:16:31.210 [info] > git merge-base refs/heads/master refs/remotes/origin/master [10ms]
2024-10-22 04:16:31.214 [info] > git rev-parse --show-toplevel [19ms]
2024-10-22 04:16:31.214 [info] [Model][doInitialScan] Initial repository scan completed - repositories (1), closed repositories (0), parent repositories (0), unsafe repositories (0)
2024-10-22 04:16:31.216 [info] > git diff --name-status -z --diff-filter=ADMR ada8bb29fb92ea59d35d5b1c7d6c632b3ef83796...refs/remotes/origin/master [2ms]
2024-10-22 04:16:31.251 [info] > git status -z -uall [30ms]
2024-10-22 04:16:31.251 [info] > git for-each-ref --sort -committerdate --format %(refname) %(objectname) %(*objectname) [26ms]
2024-10-22 04:16:31.345 [info] > git show --textconv :static/styles.css [5ms]
2024-10-22 04:16:31.346 [info] > git ls-files --stage -- /home/bobbeh/codes/BobbehLandingPage/static/styles.css [2ms]
2024-10-22 04:16:31.351 [info] > git cat-file -s e24236706a80fa1df136017b3b3727c2b4b47174 [0ms]
2024-10-22 04:16:31.542 [info] > git check-ignore -v -z --stdin [2ms]
2024-10-22 04:16:32.094 [info] > git fetch [1246ms]
2024-10-22 04:16:32.102 [info] > git config --get commit.template [4ms]
2024-10-22 04:16:32.103 [info] > git for-each-ref --format=%(refname)%00%(upstream:short)%00%(objectname)%00%(upstream:track)%00%(upstream:remotename)%00%(upstream:remoteref) refs/heads/master refs/remotes/master [1ms]
2024-10-22 04:16:32.112 [info] > git for-each-ref --sort -committerdate --format %(refname) %(objectname) %(*objectname) [2ms]
2024-10-22 04:16:32.113 [info] > git status -z -uall [6ms]
2024-10-22 04:16:33.143 [info] > git config --get commit.template [4ms]
2024-10-22 04:16:33.144 [info] > git for-each-ref --format=%(refname)%00%(upstream:short)%00%(objectname)%00%(upstream:track)%00%(upstream:remotename)%00%(upstream:remoteref) refs/heads/master refs/remotes/master [1ms]
2024-10-22 04:16:33.153 [info] > git for-each-ref --sort -committerdate --format %(refname) %(objectname) %(*objectname) [1ms]
2024-10-22 04:16:33.154 [info] > git status -z -uall [6ms]
2024-10-22 04:16:33.240 [info] > git ls-files --stage -- /home/bobbeh/codes/BobbehLandingPage/static/styles.css [1ms]
2024-10-22 04:16:33.244 [info] > git cat-file -s e24236706a80fa1df136017b3b3727c2b4b47174 [1ms]
2024-10-22 04:16:33.250 [info] > git show --textconv :static/styles.css [2ms]
2024-10-22 04:17:22.249 [info] [main] Log level: Info
2024-10-22 04:17:22.249 [info] [main] Validating found git in: "git"
2024-10-22 04:17:22.249 [info] [main] Using git "2.47.0" from "git"
2024-10-22 04:17:22.249 [info] [Model][doInitialScan] Initial repository scan started
2024-10-22 04:17:22.249 [info] > git rev-parse --show-toplevel [13ms]
2024-10-22 04:17:22.255 [info] > git rev-parse --git-dir --git-common-dir [1ms]
2024-10-22 04:17:22.267 [info] [Model][openRepository] Opened repository: /home/bobbeh/codes/BobbehLandingPage
2024-10-22 04:17:22.275 [info] > git config --get commit.template [1ms]
2024-10-22 04:17:22.286 [info] > git for-each-ref --format=%(refname)%00%(upstream:short)%00%(objectname)%00%(upstream:track)%00%(upstream:remotename)%00%(upstream:remoteref) refs/heads/master refs/remotes/master [1ms]
2024-10-22 04:17:22.286 [info] > git rev-parse --show-toplevel [7ms]
2024-10-22 04:17:22.300 [info] > git rev-parse --show-toplevel [10ms]
2024-10-22 04:17:22.313 [info] > git rev-parse --show-toplevel [9ms]
2024-10-22 04:17:22.317 [info] > git status -z -uall [9ms]
2024-10-22 04:17:22.318 [info] > git for-each-ref --sort -committerdate --format %(refname) %(objectname) %(*objectname) [6ms]
2024-10-22 04:17:22.326 [info] > git rev-parse --show-toplevel [10ms]
2024-10-22 04:17:22.330 [info] > git for-each-ref --format=%(refname)%00%(upstream:short)%00%(objectname)%00%(upstream:track)%00%(upstream:remotename)%00%(upstream:remoteref) refs/heads/master refs/remotes/master [5ms]
2024-10-22 04:17:22.334 [info] > git rev-parse --show-toplevel [4ms]
2024-10-22 04:17:22.338 [info] > git config --local branch.master.vscode-merge-base [4ms]
2024-10-22 04:17:22.342 [info] > git rev-parse --show-toplevel [4ms]
2024-10-22 04:17:22.343 [info] [Model][doInitialScan] Initial repository scan completed - repositories (1), closed repositories (0), parent repositories (0), unsafe repositories (0)
2024-10-22 04:17:22.343 [info] > git for-each-ref --format=%(refname)%00%(upstream:short)%00%(objectname)%00%(upstream:track)%00%(upstream:remotename)%00%(upstream:remoteref) refs/heads/origin/master refs/remotes/origin/master [1ms]
2024-10-22 04:17:22.357 [info] > git merge-base refs/heads/master refs/remotes/origin/master [10ms]
2024-10-22 04:17:22.362 [info] > git diff --name-status -z --diff-filter=ADMR ada8bb29fb92ea59d35d5b1c7d6c632b3ef83796...refs/remotes/origin/master [2ms]
2024-10-22 04:17:22.627 [info] > git config --get commit.template [12ms]
2024-10-22 04:17:22.664 [info] > git for-each-ref --format=%(refname)%00%(upstream:short)%00%(objectname)%00%(upstream:track)%00%(upstream:remotename)%00%(upstream:remoteref) refs/heads/master refs/remotes/master [32ms]
2024-10-22 04:17:22.887 [info] > git check-ignore -v -z --stdin [31ms]
2024-10-22 04:17:22.887 [info] > git status -z -uall [9ms]
2024-10-22 04:17:22.896 [info] > git for-each-ref --sort -committerdate --format %(refname) %(objectname) %(*objectname) [14ms]
2024-10-22 04:17:23.565 [info] > git fetch [1298ms]
2024-10-22 04:17:23.573 [info] > git config --get commit.template [4ms]
2024-10-22 04:17:23.573 [info] > git for-each-ref --format=%(refname)%00%(upstream:short)%00%(objectname)%00%(upstream:track)%00%(upstream:remotename)%00%(upstream:remoteref) refs/heads/master refs/remotes/master [0ms]
2024-10-22 04:17:23.581 [info] > git for-each-ref --sort -committerdate --format %(refname) %(objectname) %(*objectname) [1ms]
2024-10-22 04:17:23.582 [info] > git status -z -uall [5ms]
