2024-10-22 04:16:31.057 [info] Reading sessions from keychain...
2024-10-22 04:16:31.057 [info] Getting sessions for all scopes...
2024-10-22 04:16:31.057 [info] Getting sessions for all scopes...
2024-10-22 04:16:31.057 [info] Got 0 sessions for ...
2024-10-22 04:16:31.057 [info] Got 0 sessions for ...
2024-10-22 04:16:31.057 [info] Getting sessions for all scopes...
2024-10-22 04:16:31.057 [info] Got 0 sessions for ...
2024-10-22 04:16:31.140 [info] Getting sessions for read:user,repo,user:email,workflow...
2024-10-22 04:16:31.140 [info] Got 0 sessions for read:user,repo,user:email,workflow...
2024-10-22 04:16:31.975 [info] Getting sessions for all scopes...
2024-10-22 04:16:31.975 [info] Got 0 sessions for ...
2024-10-22 04:17:22.222 [info] Reading sessions from keychain...
2024-10-22 04:17:22.222 [info] Getting sessions for all scopes...
2024-10-22 04:17:22.222 [info] Got 0 sessions for ...
2024-10-22 04:17:22.222 [info] Getting sessions for all scopes...
2024-10-22 04:17:22.222 [info] Got 0 sessions for ...
2024-10-22 04:17:22.628 [info] Getting sessions for all scopes...
2024-10-22 04:17:22.628 [info] Got 0 sessions for ...
2024-10-22 04:17:22.905 [info] Getting sessions for read:user,repo,user:email,workflow...
2024-10-22 04:17:22.905 [info] Got 0 sessions for read:user,repo,user:email,workflow...
