2024-10-23 02:57:51.026 [info] Reading sessions from keychain...
2024-10-23 02:57:51.026 [info] Getting sessions for all scopes...
2024-10-23 02:57:51.026 [info] Getting sessions for all scopes...
2024-10-23 02:57:51.026 [info] Got 0 sessions for ...
2024-10-23 02:57:51.026 [info] Got 0 sessions for ...
2024-10-23 02:57:51.026 [info] Getting sessions for all scopes...
2024-10-23 02:57:51.026 [info] Got 0 sessions for ...
2024-10-23 02:57:52.335 [info] Getting sessions for all scopes...
2024-10-23 02:57:52.335 [info] Got 0 sessions for ...
2024-10-23 02:58:13.697 [info] Reading sessions from keychain...
2024-10-23 02:58:13.697 [info] Getting sessions for all scopes...
2024-10-23 02:58:13.697 [info] Getting sessions for all scopes...
2024-10-23 02:58:13.697 [info] Got 0 sessions for ...
2024-10-23 02:58:13.697 [info] Got 0 sessions for ...
2024-10-23 02:58:13.697 [info] Getting sessions for all scopes...
2024-10-23 02:58:13.697 [info] Got 0 sessions for ...
2024-10-23 02:58:13.840 [info] Getting sessions for read:user,repo,user:email,workflow...
2024-10-23 02:58:13.840 [info] Got 0 sessions for read:user,repo,user:email,workflow...
2024-10-23 02:58:14.684 [info] Getting sessions for all scopes...
2024-10-23 02:58:14.684 [info] Got 0 sessions for ...
2024-10-23 03:05:25.121 [info] Reading sessions from keychain...
2024-10-23 03:05:25.121 [info] Getting sessions for all scopes...
2024-10-23 03:05:25.121 [info] Getting sessions for all scopes...
2024-10-23 03:05:25.121 [info] Got 0 sessions for ...
2024-10-23 03:05:25.121 [info] Got 0 sessions for ...
2024-10-23 03:05:25.121 [info] Getting sessions for all scopes...
2024-10-23 03:05:25.121 [info] Got 0 sessions for ...
2024-10-23 03:05:25.471 [info] Getting sessions for read:user,repo,user:email,workflow...
2024-10-23 03:05:25.471 [info] Got 0 sessions for read:user,repo,user:email,workflow...
2024-10-23 03:05:26.437 [info] Getting sessions for all scopes...
2024-10-23 03:05:26.437 [info] Got 0 sessions for ...
