2024-10-22 04:16:29.361 [info] Added views:outline in workbench.view.explorer
2024-10-22 04:16:29.361 [info] Added views:workbench.view.search in workbench.view.search
2024-10-22 04:16:29.361 [info] Added views:workbench.scm in workbench.view.scm
2024-10-22 04:16:29.361 [info] Added views:workbench.panel.markers.view in workbench.panel.markers
2024-10-22 04:16:29.361 [info] Added views:workbench.panel.output in workbench.panel.output
2024-10-22 04:16:29.361 [info] Added views:terminal in terminal
2024-10-22 04:16:29.361 [info] Added views:timeline in workbench.view.explorer
2024-10-22 04:16:29.361 [info] Added views:workbench.explorer.fileView in workbench.view.explorer
2024-10-22 04:16:29.441 [info] Added views:workbench.debug.variablesView,workbench.debug.watchExpressionsView,workbench.debug.callStackView,workbench.debug.breakPointsView in workbench.view.debug
2024-10-22 04:16:30.043 [info] Added views:workbench.panel.repl.view in workbench.panel.repl
2024-10-22 04:16:30.215 [info] Added views:~remote.forwardedPorts in ~remote.forwardedPortsContainer
2024-10-22 04:16:30.768 [info] Added views:workbench.view.testing in workbench.view.extension.test
2024-10-22 04:16:30.846 [info] Added views:workbench.scm.history in workbench.view.scm
2024-10-22 04:16:33.450 [info] Added views:workbench.views.extensions.installed,workbench.views.extensions.popular,extensions.recommendedList in workbench.view.extensions
2024-10-22 04:16:33.453 [info] Removed views:workbench.views.extensions.popular from workbench.view.extensions
2024-10-22 04:16:35.459 [info] Removed views:extensions.recommendedList,workbench.views.extensions.installed from workbench.view.extensions
2024-10-22 04:16:35.464 [info] Added views:workbench.views.extensions.marketplace in workbench.view.extensions
2024-10-22 04:17:21.519 [info] Removed views:workbench.scm.history from workbench.view.scm
2024-10-22 04:17:21.522 [info] Removed views:workbench.view.testing from workbench.view.extension.test
2024-10-22 04:17:21.713 [info] Removed views:workbench.panel.repl.view from workbench.panel.repl
2024-10-22 04:17:21.716 [info] Removed views:workbench.debug.breakPointsView,workbench.debug.callStackView,workbench.debug.watchExpressionsView,workbench.debug.variablesView from workbench.view.debug
2024-10-22 04:17:21.717 [info] Added views:workbench.debug.welcome in workbench.view.debug
2024-10-22 04:17:21.928 [info] Added views:workbench.panel.repl.view in workbench.panel.repl
2024-10-22 04:17:21.929 [info] Removed views:workbench.debug.welcome from workbench.view.debug
2024-10-22 04:17:21.930 [info] Added views:workbench.debug.variablesView,workbench.debug.watchExpressionsView,workbench.debug.callStackView,workbench.debug.breakPointsView in workbench.view.debug
2024-10-22 04:17:22.267 [info] Added views:workbench.scm.history in workbench.view.scm
2024-10-22 04:17:22.646 [info] Added views:workbench.view.testing in workbench.view.extension.test
2024-10-22 04:17:29.328 [info] Removed views:workbench.scm.history from workbench.view.scm
2024-10-22 04:17:29.329 [info] Removed views:workbench.view.testing from workbench.view.extension.test
