2024-10-21 00:35:02.230 [info] [main] Log level: Info
2024-10-21 00:35:02.230 [info] [main] Validating found git in: "git"
2024-10-21 00:35:02.230 [info] [main] Using git "2.47.0" from "git"
2024-10-21 00:35:02.230 [info] [Model][doInitialScan] Initial repository scan started
2024-10-21 00:35:02.230 [info] > git rev-parse --show-toplevel [49ms]
2024-10-21 00:35:02.230 [info] > git rev-parse --git-dir --git-common-dir [4ms]
2024-10-21 00:35:02.230 [info] [Model][openRepository] Opened repository: /home/bobbeh/codes/BobbehLandingPage
2024-10-21 00:35:02.230 [info] > git rev-parse --show-toplevel [13ms]
2024-10-21 00:35:02.230 [info] > git config --get commit.template [17ms]
2024-10-21 00:35:02.231 [info] > git for-each-ref --format=%(refname)%00%(upstream:short)%00%(objectname)%00%(upstream:track)%00%(upstream:remotename)%00%(upstream:remoteref) refs/heads/master refs/remotes/master [2ms]
2024-10-21 00:35:02.232 [info] > git rev-parse --show-toplevel [6ms]
2024-10-21 00:35:02.247 [info] > git rev-parse --show-toplevel [12ms]
2024-10-21 00:35:02.253 [info] > git for-each-ref --sort -committerdate --format %(refname) %(objectname) %(*objectname) [6ms]
2024-10-21 00:35:02.256 [info] > git status -z -uall [16ms]
2024-10-21 00:35:02.256 [info] > git rev-parse --show-toplevel [4ms]
2024-10-21 00:35:02.276 [info] > git for-each-ref --format=%(refname)%00%(upstream:short)%00%(objectname)%00%(upstream:track)%00%(upstream:remotename)%00%(upstream:remoteref) refs/heads/master refs/remotes/master [13ms]
2024-10-21 00:35:02.459 [info] > git config --local branch.master.vscode-merge-base [178ms]
2024-10-21 00:35:02.464 [info] > git config --get commit.template [189ms]
2024-10-21 00:35:02.464 [info] > git rev-parse --show-toplevel [195ms]
2024-10-21 00:35:02.491 [info] > git for-each-ref --format=%(refname)%00%(upstream:short)%00%(objectname)%00%(upstream:track)%00%(upstream:remotename)%00%(upstream:remoteref) refs/heads/origin/master refs/remotes/origin/master [28ms]
2024-10-21 00:35:02.513 [info] > git merge-base refs/heads/master refs/remotes/origin/master [16ms]
2024-10-21 00:35:02.516 [info] > git rev-parse --show-toplevel [29ms]
2024-10-21 00:35:02.522 [info] > git diff --name-status -z --diff-filter=ADMR ada8bb29fb92ea59d35d5b1c7d6c632b3ef83796...refs/remotes/origin/master [6ms]
2024-10-21 00:35:02.522 [info] > git for-each-ref --format=%(refname)%00%(upstream:short)%00%(objectname)%00%(upstream:track)%00%(upstream:remotename)%00%(upstream:remoteref) refs/heads/master refs/remotes/master [11ms]
2024-10-21 00:35:02.530 [info] > git rev-parse --show-toplevel [9ms]
2024-10-21 00:35:02.531 [info] [Model][doInitialScan] Initial repository scan completed - repositories (1), closed repositories (0), parent repositories (0), unsafe repositories (0)
2024-10-21 00:35:02.547 [info] > git show --textconv :static/styles.css [12ms]
2024-10-21 00:35:02.548 [info] > git ls-files --stage -- /home/bobbeh/codes/BobbehLandingPage/static/styles.css [8ms]
2024-10-21 00:35:02.561 [info] > git cat-file -s e24236706a80fa1df136017b3b3727c2b4b47174 [9ms]
2024-10-21 00:35:02.563 [info] > git for-each-ref --sort -committerdate --format %(refname) %(objectname) %(*objectname) [2ms]
2024-10-21 00:35:02.563 [info] > git status -z -uall [7ms]
2024-10-21 00:35:02.787 [info] > git check-ignore -v -z --stdin [1ms]
2024-10-21 00:35:03.369 [info] > git fetch [1187ms]
2024-10-21 00:35:03.377 [info] > git config --get commit.template [4ms]
2024-10-21 00:35:03.378 [info] > git for-each-ref --format=%(refname)%00%(upstream:short)%00%(objectname)%00%(upstream:track)%00%(upstream:remotename)%00%(upstream:remoteref) refs/heads/master refs/remotes/master [1ms]
2024-10-21 00:35:03.387 [info] > git for-each-ref --sort -committerdate --format %(refname) %(objectname) %(*objectname) [1ms]
2024-10-21 00:35:03.388 [info] > git status -z -uall [6ms]
2024-10-21 00:35:04.474 [info] > git ls-files --stage -- /home/bobbeh/codes/BobbehLandingPage/static/styles.css [1ms]
2024-10-21 00:35:04.478 [info] > git cat-file -s e24236706a80fa1df136017b3b3727c2b4b47174 [0ms]
2024-10-21 00:35:04.484 [info] > git show --textconv :static/styles.css [2ms]
