2024-10-26 03:38:24.118 [info] Extension host with pid 692177 started
2024-10-26 03:38:24.118 [info] Skipping acquiring lock for /home/bobbeh/.config/Code - OSS/User/workspaceStorage/008d9bde6456e54e612539106dee52d4.
2024-10-26 03:38:24.518 [info] ExtensionService#_doActivateExtension vscode.emmet, startup: false, activationEvent: 'onLanguage'
2024-10-26 03:38:24.540 [info] ExtensionService#_doActivateExtension vscode.css-language-features, startup: false, activationEvent: 'onLanguage:css'
2024-10-26 03:38:25.074 [info] ExtensionService#_doActivateExtension vscode.git-base, startup: true, activationEvent: '*', root cause: vscode.git
2024-10-26 03:38:25.077 [info] ExtensionService#_doActivateExtension Codemos.codemos-modern, startup: true, activationEvent: '*'
2024-10-26 03:38:25.133 [info] ExtensionService#_doActivateExtension vscode.git, startup: true, activationEvent: '*'
2024-10-26 03:38:25.238 [info] ExtensionService#_doActivateExtension vscode.github, startup: true, activationEvent: '*'
2024-10-26 03:38:25.311 [warning] [vscode.git] Accessing a resource scoped configuration without providing a resource is not expected. To get the effective value for 'git.openRepositoryInParentFolders', provide the URI of a resource or 'null' for any resource.
2024-10-26 03:38:25.311 [warning] [vscode.git] Accessing a resource scoped configuration without providing a resource is not expected. To get the effective value for 'git.showProgress', provide the URI of a resource or 'null' for any resource.
2024-10-26 03:38:25.342 [info] ExtensionService#_doActivateExtension vscode.github-authentication, startup: false, activationEvent: 'onAuthenticationRequest:github'
2024-10-26 03:38:25.408 [warning] Accessing a resource scoped configuration without providing a resource is not expected. To get the effective value for 'files.watcherExclude', provide the URI of a resource or 'null' for any resource.
2024-10-26 03:38:25.445 [info] Extension host terminating: renderer closed the MessagePort
2024-10-26 03:38:25.455 [error] Canceled: Canceled
	at Ac (file:///usr/lib/code/out/vs/workbench/api/node/extensionHostProcess.js:7:1122)
	at file:///usr/lib/code/out/vs/workbench/api/node/extensionHostProcess.js:31:110774
	at Array.forEach (<anonymous>)
	at Zb.dispose (file:///usr/lib/code/out/vs/workbench/api/node/extensionHostProcess.js:31:110714)
	at hB.terminate (file:///usr/lib/code/out/vs/workbench/api/node/extensionHostProcess.js:118:10085)
	at M3.terminate (file:///usr/lib/code/out/vs/workbench/api/node/extensionHostProcess.js:119:1424)
	at ps (file:///usr/lib/code/out/vs/workbench/api/node/extensionHostProcess.js:174:15058)
	at MessagePortMain.<anonymous> (file:///usr/lib/code/out/vs/workbench/api/node/extensionHostProcess.js:174:11603)
	at MessagePortMain.emit (node:events:519:28)
	at MessagePortMain._internalPort.emit (node:electron/js2c/utility_init:2:2619) setContext undefined
2024-10-26 03:38:25.455 [error] Canceled: Canceled
	at Ac (file:///usr/lib/code/out/vs/workbench/api/node/extensionHostProcess.js:7:1122)
	at file:///usr/lib/code/out/vs/workbench/api/node/extensionHostProcess.js:31:110774
	at Array.forEach (<anonymous>)
	at Zb.dispose (file:///usr/lib/code/out/vs/workbench/api/node/extensionHostProcess.js:31:110714)
	at hB.terminate (file:///usr/lib/code/out/vs/workbench/api/node/extensionHostProcess.js:118:10085)
	at M3.terminate (file:///usr/lib/code/out/vs/workbench/api/node/extensionHostProcess.js:119:1424)
	at ps (file:///usr/lib/code/out/vs/workbench/api/node/extensionHostProcess.js:174:15058)
	at MessagePortMain.<anonymous> (file:///usr/lib/code/out/vs/workbench/api/node/extensionHostProcess.js:174:11603)
	at MessagePortMain.emit (node:events:519:28)
	at MessagePortMain._internalPort.emit (node:electron/js2c/utility_init:2:2619) setContext undefined
2024-10-26 03:38:25.455 [error] Canceled: Canceled
	at Ac (file:///usr/lib/code/out/vs/workbench/api/node/extensionHostProcess.js:7:1122)
	at file:///usr/lib/code/out/vs/workbench/api/node/extensionHostProcess.js:31:110774
	at Array.forEach (<anonymous>)
	at Zb.dispose (file:///usr/lib/code/out/vs/workbench/api/node/extensionHostProcess.js:31:110714)
	at hB.terminate (file:///usr/lib/code/out/vs/workbench/api/node/extensionHostProcess.js:118:10085)
	at M3.terminate (file:///usr/lib/code/out/vs/workbench/api/node/extensionHostProcess.js:119:1424)
	at ps (file:///usr/lib/code/out/vs/workbench/api/node/extensionHostProcess.js:174:15058)
	at MessagePortMain.<anonymous> (file:///usr/lib/code/out/vs/workbench/api/node/extensionHostProcess.js:174:11603)
	at MessagePortMain.emit (node:events:519:28)
	at MessagePortMain._internalPort.emit (node:electron/js2c/utility_init:2:2619) setContext undefined
2024-10-26 03:38:25.455 [error] Canceled: Canceled
	at Ac (file:///usr/lib/code/out/vs/workbench/api/node/extensionHostProcess.js:7:1122)
	at file:///usr/lib/code/out/vs/workbench/api/node/extensionHostProcess.js:31:110774
	at Array.forEach (<anonymous>)
	at Zb.dispose (file:///usr/lib/code/out/vs/workbench/api/node/extensionHostProcess.js:31:110714)
	at hB.terminate (file:///usr/lib/code/out/vs/workbench/api/node/extensionHostProcess.js:118:10085)
	at M3.terminate (file:///usr/lib/code/out/vs/workbench/api/node/extensionHostProcess.js:119:1424)
	at ps (file:///usr/lib/code/out/vs/workbench/api/node/extensionHostProcess.js:174:15058)
	at MessagePortMain.<anonymous> (file:///usr/lib/code/out/vs/workbench/api/node/extensionHostProcess.js:174:11603)
	at MessagePortMain.emit (node:events:519:28)
	at MessagePortMain._internalPort.emit (node:electron/js2c/utility_init:2:2619) setContext undefined
2024-10-26 03:38:25.455 [error] Canceled: Canceled
	at Ac (file:///usr/lib/code/out/vs/workbench/api/node/extensionHostProcess.js:7:1122)
	at file:///usr/lib/code/out/vs/workbench/api/node/extensionHostProcess.js:31:110774
	at Array.forEach (<anonymous>)
	at Zb.dispose (file:///usr/lib/code/out/vs/workbench/api/node/extensionHostProcess.js:31:110714)
	at hB.terminate (file:///usr/lib/code/out/vs/workbench/api/node/extensionHostProcess.js:118:10085)
	at M3.terminate (file:///usr/lib/code/out/vs/workbench/api/node/extensionHostProcess.js:119:1424)
	at ps (file:///usr/lib/code/out/vs/workbench/api/node/extensionHostProcess.js:174:15058)
	at MessagePortMain.<anonymous> (file:///usr/lib/code/out/vs/workbench/api/node/extensionHostProcess.js:174:11603)
	at MessagePortMain.emit (node:events:519:28)
	at MessagePortMain._internalPort.emit (node:electron/js2c/utility_init:2:2619) setContext undefined
2024-10-26 03:38:25.457 [error] Canceled: Canceled
	at new eA (file:///usr/lib/code/out/vs/workbench/api/node/extensionHostProcess.js:31:109321)
	at Zb.U (file:///usr/lib/code/out/vs/workbench/api/node/extensionHostProcess.js:31:113933)
	at s.<computed>.n.charCodeAt.s.<computed> (file:///usr/lib/code/out/vs/workbench/api/node/extensionHostProcess.js:31:111427)
	at T0.g (file:///usr/lib/code/out/vs/workbench/api/node/extensionHostProcess.js:114:32325)
	at T0.executeCommand (file:///usr/lib/code/out/vs/workbench/api/node/extensionHostProcess.js:114:31826)
	at r.registerCommand.description (file:///usr/lib/code/out/vs/workbench/api/node/extensionHostProcess.js:114:31156)
	at T0.h (file:///usr/lib/code/out/vs/workbench/api/node/extensionHostProcess.js:114:32845)
	at T0.g (file:///usr/lib/code/out/vs/workbench/api/node/extensionHostProcess.js:114:31919)
	at T0.executeCommand (file:///usr/lib/code/out/vs/workbench/api/node/extensionHostProcess.js:114:31826)
	at Object.executeCommand (file:///usr/lib/code/out/vs/workbench/api/node/extensionHostProcess.js:156:37049)
	at gh.O [as value] (/usr/lib/code/extensions/git/dist/main.js:2:953034)
	at T.B (file:///usr/lib/code/out/vs/workbench/api/node/extensionHostProcess.js:29:732)
	at T.C (file:///usr/lib/code/out/vs/workbench/api/node/extensionHostProcess.js:29:802)
	at T.fire (file:///usr/lib/code/out/vs/workbench/api/node/extensionHostProcess.js:29:1019)
	at Object.p [as dispose] (/usr/lib/code/extensions/git/dist/main.js:2:973612)
	at /usr/lib/code/extensions/git/dist/main.js:2:979734
	at Array.forEach (<anonymous>)
	at f.dispose (/usr/lib/code/extensions/git/dist/main.js:2:979720)
	at D1.<anonymous> (file:///usr/lib/code/out/vs/workbench/api/node/extensionHostProcess.js:108:19996)
	at D1.dispose (file:///usr/lib/code/out/vs/workbench/api/node/extensionHostProcess.js:108:20092)
	at D1.<anonymous> (/usr/lib/code/extensions/git/dist/main.js:2:955332)
	at D1.dispose (file:///usr/lib/code/out/vs/workbench/api/node/extensionHostProcess.js:108:20092)
	at Si (file:///usr/lib/code/out/vs/workbench/api/node/extensionHostProcess.js:24:701)
	at file:///usr/lib/code/out/vs/workbench/api/node/extensionHostProcess.js:118:14995
	at file:///usr/lib/code/out/vs/workbench/api/node/extensionHostProcess.js:24:1011
	at Object.dispose (file:///usr/lib/code/out/vs/workbench/api/node/extensionHostProcess.js:7:2146)
	at hB.eb (file:///usr/lib/code/out/vs/workbench/api/node/extensionHostProcess.js:118:11922)
	at file:///usr/lib/code/out/vs/workbench/api/node/extensionHostProcess.js:118:9877
	at Array.map (<anonymous>)
	at hB.$ (file:///usr/lib/code/out/vs/workbench/api/node/extensionHostProcess.js:118:9865)
	at hB.terminate (file:///usr/lib/code/out/vs/workbench/api/node/extensionHostProcess.js:118:10108)
	at M3.terminate (file:///usr/lib/code/out/vs/workbench/api/node/extensionHostProcess.js:119:1424)
	at ps (file:///usr/lib/code/out/vs/workbench/api/node/extensionHostProcess.js:174:15058)
	at MessagePortMain.<anonymous> (file:///usr/lib/code/out/vs/workbench/api/node/extensionHostProcess.js:174:11603)
	at MessagePortMain.emit (node:events:519:28)
	at MessagePortMain._internalPort.emit (node:electron/js2c/utility_init:2:2619) setContext undefined
2024-10-26 03:38:25.458 [error] Canceled: Canceled
	at new eA (file:///usr/lib/code/out/vs/workbench/api/node/extensionHostProcess.js:31:109321)
	at Zb.U (file:///usr/lib/code/out/vs/workbench/api/node/extensionHostProcess.js:31:113933)
	at s.<computed>.n.charCodeAt.s.<computed> (file:///usr/lib/code/out/vs/workbench/api/node/extensionHostProcess.js:31:111427)
	at T0.g (file:///usr/lib/code/out/vs/workbench/api/node/extensionHostProcess.js:114:32325)
	at T0.executeCommand (file:///usr/lib/code/out/vs/workbench/api/node/extensionHostProcess.js:114:31826)
	at r.registerCommand.description (file:///usr/lib/code/out/vs/workbench/api/node/extensionHostProcess.js:114:31156)
	at T0.h (file:///usr/lib/code/out/vs/workbench/api/node/extensionHostProcess.js:114:32845)
	at T0.g (file:///usr/lib/code/out/vs/workbench/api/node/extensionHostProcess.js:114:31919)
	at T0.executeCommand (file:///usr/lib/code/out/vs/workbench/api/node/extensionHostProcess.js:114:31826)
	at Object.executeCommand (file:///usr/lib/code/out/vs/workbench/api/node/extensionHostProcess.js:156:37049)
	at set hasGitHubRepositories (/usr/lib/code/extensions/github/dist/extension.js:2:321578)
	at /usr/lib/code/extensions/github/dist/extension.js:2:322537
	at gh.value (/usr/lib/code/extensions/git/dist/main.js:2:1061875)
	at T.B (file:///usr/lib/code/out/vs/workbench/api/node/extensionHostProcess.js:29:732)
	at T.C (file:///usr/lib/code/out/vs/workbench/api/node/extensionHostProcess.js:29:802)
	at T.fire (file:///usr/lib/code/out/vs/workbench/api/node/extensionHostProcess.js:29:1019)
	at Object.p [as dispose] (/usr/lib/code/extensions/git/dist/main.js:2:973612)
	at /usr/lib/code/extensions/git/dist/main.js:2:979734
	at Array.forEach (<anonymous>)
	at f.dispose (/usr/lib/code/extensions/git/dist/main.js:2:979720)
	at D1.<anonymous> (file:///usr/lib/code/out/vs/workbench/api/node/extensionHostProcess.js:108:19996)
	at D1.dispose (file:///usr/lib/code/out/vs/workbench/api/node/extensionHostProcess.js:108:20092)
	at D1.<anonymous> (/usr/lib/code/extensions/git/dist/main.js:2:955332)
	at D1.dispose (file:///usr/lib/code/out/vs/workbench/api/node/extensionHostProcess.js:108:20092)
	at Si (file:///usr/lib/code/out/vs/workbench/api/node/extensionHostProcess.js:24:701)
	at file:///usr/lib/code/out/vs/workbench/api/node/extensionHostProcess.js:118:14995
	at file:///usr/lib/code/out/vs/workbench/api/node/extensionHostProcess.js:24:1011
	at Object.dispose (file:///usr/lib/code/out/vs/workbench/api/node/extensionHostProcess.js:7:2146)
	at hB.eb (file:///usr/lib/code/out/vs/workbench/api/node/extensionHostProcess.js:118:11922)
	at file:///usr/lib/code/out/vs/workbench/api/node/extensionHostProcess.js:118:9877
	at Array.map (<anonymous>)
	at hB.$ (file:///usr/lib/code/out/vs/workbench/api/node/extensionHostProcess.js:118:9865)
	at hB.terminate (file:///usr/lib/code/out/vs/workbench/api/node/extensionHostProcess.js:118:10108)
	at M3.terminate (file:///usr/lib/code/out/vs/workbench/api/node/extensionHostProcess.js:119:1424)
	at ps (file:///usr/lib/code/out/vs/workbench/api/node/extensionHostProcess.js:174:15058)
	at MessagePortMain.<anonymous> (file:///usr/lib/code/out/vs/workbench/api/node/extensionHostProcess.js:174:11603)
	at MessagePortMain.emit (node:events:519:28)
	at MessagePortMain._internalPort.emit (node:electron/js2c/utility_init:2:2619) setContext undefined
2024-10-26 03:38:25.459 [info] Eager extensions activated
2024-10-26 03:38:25.460 [error] Activating extension vscode.debug-auto-launch failed due to an error:
2024-10-26 03:38:25.460 [error] Canceled: Canceled
	at new eA (file:///usr/lib/code/out/vs/workbench/api/node/extensionHostProcess.js:31:109321)
	at Zb.U (file:///usr/lib/code/out/vs/workbench/api/node/extensionHostProcess.js:31:113933)
	at s.<computed>.n.charCodeAt.s.<computed> (file:///usr/lib/code/out/vs/workbench/api/node/extensionHostProcess.js:31:111427)
	at hB.fb (file:///usr/lib/code/out/vs/workbench/api/node/extensionHostProcess.js:118:12164)
	at Object.actualActivateExtension (file:///usr/lib/code/out/vs/workbench/api/node/extensionHostProcess.js:118:9405)
	at x0.n (file:///usr/lib/code/out/vs/workbench/api/node/extensionHostProcess.js:114:4463)
	at x0.m (file:///usr/lib/code/out/vs/workbench/api/node/extensionHostProcess.js:114:4424)
	at x0.l (file:///usr/lib/code/out/vs/workbench/api/node/extensionHostProcess.js:114:3880)
	at new x0 (file:///usr/lib/code/out/vs/workbench/api/node/extensionHostProcess.js:114:3807)
	at E0.k (file:///usr/lib/code/out/vs/workbench/api/node/extensionHostProcess.js:114:3369)
	at E0.j (file:///usr/lib/code/out/vs/workbench/api/node/extensionHostProcess.js:114:3324)
	at file:///usr/lib/code/out/vs/workbench/api/node/extensionHostProcess.js:114:2295
	at Array.map (<anonymous>)
	at E0.h (file:///usr/lib/code/out/vs/workbench/api/node/extensionHostProcess.js:114:2283)
	at E0.activateById (file:///usr/lib/code/out/vs/workbench/api/node/extensionHostProcess.js:114:2195)
	at hB.bb (file:///usr/lib/code/out/vs/workbench/api/node/extensionHostProcess.js:118:10631)
	at hB.lb (file:///usr/lib/code/out/vs/workbench/api/node/extensionHostProcess.js:118:15417)
	at file:///usr/lib/code/out/vs/workbench/api/node/extensionHostProcess.js:118:16061
	at process.processTicksAndRejections (node:internal/process/task_queues:95:5)
2024-10-26 03:38:25.460 [error] Activating extension vscode.merge-conflict failed due to an error:
2024-10-26 03:38:25.460 [error] Canceled: Canceled
	at new eA (file:///usr/lib/code/out/vs/workbench/api/node/extensionHostProcess.js:31:109321)
	at Zb.U (file:///usr/lib/code/out/vs/workbench/api/node/extensionHostProcess.js:31:113933)
	at s.<computed>.n.charCodeAt.s.<computed> (file:///usr/lib/code/out/vs/workbench/api/node/extensionHostProcess.js:31:111427)
	at hB.fb (file:///usr/lib/code/out/vs/workbench/api/node/extensionHostProcess.js:118:12164)
	at Object.actualActivateExtension (file:///usr/lib/code/out/vs/workbench/api/node/extensionHostProcess.js:118:9405)
	at x0.n (file:///usr/lib/code/out/vs/workbench/api/node/extensionHostProcess.js:114:4463)
	at x0.m (file:///usr/lib/code/out/vs/workbench/api/node/extensionHostProcess.js:114:4424)
	at x0.l (file:///usr/lib/code/out/vs/workbench/api/node/extensionHostProcess.js:114:3880)
	at new x0 (file:///usr/lib/code/out/vs/workbench/api/node/extensionHostProcess.js:114:3807)
	at E0.k (file:///usr/lib/code/out/vs/workbench/api/node/extensionHostProcess.js:114:3369)
	at E0.j (file:///usr/lib/code/out/vs/workbench/api/node/extensionHostProcess.js:114:3324)
	at file:///usr/lib/code/out/vs/workbench/api/node/extensionHostProcess.js:114:2295
	at Array.map (<anonymous>)
	at E0.h (file:///usr/lib/code/out/vs/workbench/api/node/extensionHostProcess.js:114:2283)
	at E0.activateById (file:///usr/lib/code/out/vs/workbench/api/node/extensionHostProcess.js:114:2195)
	at hB.bb (file:///usr/lib/code/out/vs/workbench/api/node/extensionHostProcess.js:118:10631)
	at hB.lb (file:///usr/lib/code/out/vs/workbench/api/node/extensionHostProcess.js:118:15417)
	at file:///usr/lib/code/out/vs/workbench/api/node/extensionHostProcess.js:118:16061
	at process.processTicksAndRejections (node:internal/process/task_queues:95:5)
2024-10-26 03:38:25.460 [error] Activating extension Catppuccin.catppuccin-vsc failed due to an error:
2024-10-26 03:38:25.460 [error] Canceled: Canceled
	at new eA (file:///usr/lib/code/out/vs/workbench/api/node/extensionHostProcess.js:31:109321)
	at Zb.U (file:///usr/lib/code/out/vs/workbench/api/node/extensionHostProcess.js:31:113933)
	at s.<computed>.n.charCodeAt.s.<computed> (file:///usr/lib/code/out/vs/workbench/api/node/extensionHostProcess.js:31:111427)
	at hB.fb (file:///usr/lib/code/out/vs/workbench/api/node/extensionHostProcess.js:118:12164)
	at Object.actualActivateExtension (file:///usr/lib/code/out/vs/workbench/api/node/extensionHostProcess.js:118:9405)
	at x0.n (file:///usr/lib/code/out/vs/workbench/api/node/extensionHostProcess.js:114:4463)
	at x0.m (file:///usr/lib/code/out/vs/workbench/api/node/extensionHostProcess.js:114:4424)
	at x0.l (file:///usr/lib/code/out/vs/workbench/api/node/extensionHostProcess.js:114:3880)
	at new x0 (file:///usr/lib/code/out/vs/workbench/api/node/extensionHostProcess.js:114:3807)
	at E0.k (file:///usr/lib/code/out/vs/workbench/api/node/extensionHostProcess.js:114:3369)
	at E0.j (file:///usr/lib/code/out/vs/workbench/api/node/extensionHostProcess.js:114:3324)
	at file:///usr/lib/code/out/vs/workbench/api/node/extensionHostProcess.js:114:2295
	at Array.map (<anonymous>)
	at E0.h (file:///usr/lib/code/out/vs/workbench/api/node/extensionHostProcess.js:114:2283)
	at E0.activateById (file:///usr/lib/code/out/vs/workbench/api/node/extensionHostProcess.js:114:2195)
	at hB.bb (file:///usr/lib/code/out/vs/workbench/api/node/extensionHostProcess.js:118:10631)
	at hB.lb (file:///usr/lib/code/out/vs/workbench/api/node/extensionHostProcess.js:118:15417)
	at file:///usr/lib/code/out/vs/workbench/api/node/extensionHostProcess.js:118:16061
	at process.processTicksAndRejections (node:internal/process/task_queues:95:5)
2024-10-26 03:38:25.460 [error] Activating extension equinusocio.vsc-material-theme-icons failed due to an error:
2024-10-26 03:38:25.460 [error] Canceled: Canceled
	at new eA (file:///usr/lib/code/out/vs/workbench/api/node/extensionHostProcess.js:31:109321)
	at Zb.U (file:///usr/lib/code/out/vs/workbench/api/node/extensionHostProcess.js:31:113933)
	at s.<computed>.n.charCodeAt.s.<computed> (file:///usr/lib/code/out/vs/workbench/api/node/extensionHostProcess.js:31:111427)
	at hB.fb (file:///usr/lib/code/out/vs/workbench/api/node/extensionHostProcess.js:118:12164)
	at Object.actualActivateExtension (file:///usr/lib/code/out/vs/workbench/api/node/extensionHostProcess.js:118:9405)
	at x0.n (file:///usr/lib/code/out/vs/workbench/api/node/extensionHostProcess.js:114:4463)
	at x0.m (file:///usr/lib/code/out/vs/workbench/api/node/extensionHostProcess.js:114:4424)
	at x0.l (file:///usr/lib/code/out/vs/workbench/api/node/extensionHostProcess.js:114:3880)
	at new x0 (file:///usr/lib/code/out/vs/workbench/api/node/extensionHostProcess.js:114:3807)
	at E0.k (file:///usr/lib/code/out/vs/workbench/api/node/extensionHostProcess.js:114:3369)
	at E0.j (file:///usr/lib/code/out/vs/workbench/api/node/extensionHostProcess.js:114:3324)
	at file:///usr/lib/code/out/vs/workbench/api/node/extensionHostProcess.js:114:2295
	at Array.map (<anonymous>)
	at E0.h (file:///usr/lib/code/out/vs/workbench/api/node/extensionHostProcess.js:114:2283)
	at E0.activateById (file:///usr/lib/code/out/vs/workbench/api/node/extensionHostProcess.js:114:2195)
	at hB.bb (file:///usr/lib/code/out/vs/workbench/api/node/extensionHostProcess.js:118:10631)
	at hB.lb (file:///usr/lib/code/out/vs/workbench/api/node/extensionHostProcess.js:118:15417)
	at file:///usr/lib/code/out/vs/workbench/api/node/extensionHostProcess.js:118:16061
	at process.processTicksAndRejections (node:internal/process/task_queues:95:5)
2024-10-26 03:38:25.461 [error] Activating extension PKief.material-icon-theme failed due to an error:
2024-10-26 03:38:25.461 [error] Canceled: Canceled
	at new eA (file:///usr/lib/code/out/vs/workbench/api/node/extensionHostProcess.js:31:109321)
	at Zb.U (file:///usr/lib/code/out/vs/workbench/api/node/extensionHostProcess.js:31:113933)
	at s.<computed>.n.charCodeAt.s.<computed> (file:///usr/lib/code/out/vs/workbench/api/node/extensionHostProcess.js:31:111427)
	at hB.fb (file:///usr/lib/code/out/vs/workbench/api/node/extensionHostProcess.js:118:12164)
	at Object.actualActivateExtension (file:///usr/lib/code/out/vs/workbench/api/node/extensionHostProcess.js:118:9405)
	at x0.n (file:///usr/lib/code/out/vs/workbench/api/node/extensionHostProcess.js:114:4463)
	at x0.m (file:///usr/lib/code/out/vs/workbench/api/node/extensionHostProcess.js:114:4424)
	at x0.l (file:///usr/lib/code/out/vs/workbench/api/node/extensionHostProcess.js:114:3880)
	at new x0 (file:///usr/lib/code/out/vs/workbench/api/node/extensionHostProcess.js:114:3807)
	at E0.k (file:///usr/lib/code/out/vs/workbench/api/node/extensionHostProcess.js:114:3369)
	at E0.j (file:///usr/lib/code/out/vs/workbench/api/node/extensionHostProcess.js:114:3324)
	at file:///usr/lib/code/out/vs/workbench/api/node/extensionHostProcess.js:114:2295
	at Array.map (<anonymous>)
	at E0.h (file:///usr/lib/code/out/vs/workbench/api/node/extensionHostProcess.js:114:2283)
	at E0.activateById (file:///usr/lib/code/out/vs/workbench/api/node/extensionHostProcess.js:114:2195)
	at hB.bb (file:///usr/lib/code/out/vs/workbench/api/node/extensionHostProcess.js:118:10631)
	at hB.lb (file:///usr/lib/code/out/vs/workbench/api/node/extensionHostProcess.js:118:15417)
	at file:///usr/lib/code/out/vs/workbench/api/node/extensionHostProcess.js:118:16061
	at process.processTicksAndRejections (node:internal/process/task_queues:95:5)
2024-10-26 03:38:25.461 [error] Activating extension vscode-icons-team.vscode-icons failed due to an error:
2024-10-26 03:38:25.461 [error] Canceled: Canceled
	at new eA (file:///usr/lib/code/out/vs/workbench/api/node/extensionHostProcess.js:31:109321)
	at Zb.U (file:///usr/lib/code/out/vs/workbench/api/node/extensionHostProcess.js:31:113933)
	at s.<computed>.n.charCodeAt.s.<computed> (file:///usr/lib/code/out/vs/workbench/api/node/extensionHostProcess.js:31:111427)
	at hB.fb (file:///usr/lib/code/out/vs/workbench/api/node/extensionHostProcess.js:118:12164)
	at Object.actualActivateExtension (file:///usr/lib/code/out/vs/workbench/api/node/extensionHostProcess.js:118:9405)
	at x0.n (file:///usr/lib/code/out/vs/workbench/api/node/extensionHostProcess.js:114:4463)
	at x0.m (file:///usr/lib/code/out/vs/workbench/api/node/extensionHostProcess.js:114:4424)
	at x0.l (file:///usr/lib/code/out/vs/workbench/api/node/extensionHostProcess.js:114:3880)
	at new x0 (file:///usr/lib/code/out/vs/workbench/api/node/extensionHostProcess.js:114:3807)
	at E0.k (file:///usr/lib/code/out/vs/workbench/api/node/extensionHostProcess.js:114:3369)
	at E0.j (file:///usr/lib/code/out/vs/workbench/api/node/extensionHostProcess.js:114:3324)
	at file:///usr/lib/code/out/vs/workbench/api/node/extensionHostProcess.js:114:2295
	at Array.map (<anonymous>)
	at E0.h (file:///usr/lib/code/out/vs/workbench/api/node/extensionHostProcess.js:114:2283)
	at E0.activateById (file:///usr/lib/code/out/vs/workbench/api/node/extensionHostProcess.js:114:2195)
	at hB.bb (file:///usr/lib/code/out/vs/workbench/api/node/extensionHostProcess.js:118:10631)
	at hB.lb (file:///usr/lib/code/out/vs/workbench/api/node/extensionHostProcess.js:118:15417)
	at file:///usr/lib/code/out/vs/workbench/api/node/extensionHostProcess.js:118:16061
	at process.processTicksAndRejections (node:internal/process/task_queues:95:5)
2024-10-26 03:38:25.461 [error] Activating extension yandeu.five-server failed due to an error:
2024-10-26 03:38:25.461 [error] Canceled: Canceled
	at new eA (file:///usr/lib/code/out/vs/workbench/api/node/extensionHostProcess.js:31:109321)
	at Zb.U (file:///usr/lib/code/out/vs/workbench/api/node/extensionHostProcess.js:31:113933)
	at s.<computed>.n.charCodeAt.s.<computed> (file:///usr/lib/code/out/vs/workbench/api/node/extensionHostProcess.js:31:111427)
	at hB.fb (file:///usr/lib/code/out/vs/workbench/api/node/extensionHostProcess.js:118:12164)
	at Object.actualActivateExtension (file:///usr/lib/code/out/vs/workbench/api/node/extensionHostProcess.js:118:9405)
	at x0.n (file:///usr/lib/code/out/vs/workbench/api/node/extensionHostProcess.js:114:4463)
	at x0.m (file:///usr/lib/code/out/vs/workbench/api/node/extensionHostProcess.js:114:4424)
	at x0.l (file:///usr/lib/code/out/vs/workbench/api/node/extensionHostProcess.js:114:3880)
	at new x0 (file:///usr/lib/code/out/vs/workbench/api/node/extensionHostProcess.js:114:3807)
	at E0.k (file:///usr/lib/code/out/vs/workbench/api/node/extensionHostProcess.js:114:3369)
	at E0.j (file:///usr/lib/code/out/vs/workbench/api/node/extensionHostProcess.js:114:3324)
	at file:///usr/lib/code/out/vs/workbench/api/node/extensionHostProcess.js:114:2295
	at Array.map (<anonymous>)
	at E0.h (file:///usr/lib/code/out/vs/workbench/api/node/extensionHostProcess.js:114:2283)
	at E0.activateById (file:///usr/lib/code/out/vs/workbench/api/node/extensionHostProcess.js:114:2195)
	at hB.bb (file:///usr/lib/code/out/vs/workbench/api/node/extensionHostProcess.js:118:10631)
	at hB.lb (file:///usr/lib/code/out/vs/workbench/api/node/extensionHostProcess.js:118:15417)
	at file:///usr/lib/code/out/vs/workbench/api/node/extensionHostProcess.js:118:16061
	at process.processTicksAndRejections (node:internal/process/task_queues:95:5)
2024-10-26 03:38:25.464 [error] Canceled: Canceled
	at new eA (file:///usr/lib/code/out/vs/workbench/api/node/extensionHostProcess.js:31:109321)
	at Zb.U (file:///usr/lib/code/out/vs/workbench/api/node/extensionHostProcess.js:31:113933)
	at s.<computed>.n.charCodeAt.s.<computed> (file:///usr/lib/code/out/vs/workbench/api/node/extensionHostProcess.js:31:111427)
	at T0.g (file:///usr/lib/code/out/vs/workbench/api/node/extensionHostProcess.js:114:32325)
	at T0.executeCommand (file:///usr/lib/code/out/vs/workbench/api/node/extensionHostProcess.js:114:31826)
	at r.registerCommand.description (file:///usr/lib/code/out/vs/workbench/api/node/extensionHostProcess.js:114:31156)
	at T0.h (file:///usr/lib/code/out/vs/workbench/api/node/extensionHostProcess.js:114:32845)
	at T0.g (file:///usr/lib/code/out/vs/workbench/api/node/extensionHostProcess.js:114:31919)
	at T0.executeCommand (file:///usr/lib/code/out/vs/workbench/api/node/extensionHostProcess.js:114:31826)
	at Object.executeCommand (file:///usr/lib/code/out/vs/workbench/api/node/extensionHostProcess.js:156:37049)
	at f.setState (/usr/lib/code/extensions/git/dist/main.js:2:959762)
	at /usr/lib/code/extensions/git/dist/main.js:2:962592
	at <anonymous> setContext undefined
2024-10-26 03:38:25.477 [info] Extension host with pid 692177 exiting with code 0
