2024-10-23 23:35:35.210 [info] [main] Log level: Info
2024-10-23 23:35:35.210 [info] [main] Validating found git in: "git"
2024-10-23 23:35:35.210 [info] [main] Using git "2.47.0" from "git"
2024-10-23 23:35:35.210 [info] [Model][doInitialScan] Initial repository scan started
2024-10-23 23:35:35.210 [info] > git rev-parse --show-toplevel [9ms]
2024-10-23 23:35:35.210 [info] > git rev-parse --git-dir --git-common-dir [7ms]
2024-10-23 23:35:35.210 [info] [Model][openRepository] Opened repository: /home/bobbeh/codes/css-exercises
2024-10-23 23:35:35.210 [info] > git rev-parse --show-toplevel [6ms]
2024-10-23 23:35:35.210 [info] > git config --get commit.template [11ms]
2024-10-23 23:35:35.568 [info] > git for-each-ref --format=%(refname)%00%(upstream:short)%00%(objectname)%00%(upstream:track)%00%(upstream:remotename)%00%(upstream:remoteref) refs/heads/main refs/remotes/main [270ms]
2024-10-23 23:35:35.597 [info] > git rev-parse --show-toplevel [41ms]
2024-10-23 23:35:35.614 [info] > git rev-parse --show-toplevel [9ms]
2024-10-23 23:35:35.644 [info] > git status -z -uall [24ms]
2024-10-23 23:35:35.644 [info] > git rev-parse --show-toplevel [12ms]
2024-10-23 23:35:35.644 [info] > git for-each-ref --sort -committerdate --format %(refname) %(objectname) %(*objectname) [18ms]
2024-10-23 23:35:35.670 [info] > git for-each-ref --format=%(refname)%00%(upstream:short)%00%(objectname)%00%(upstream:track)%00%(upstream:remotename)%00%(upstream:remoteref) refs/heads/main refs/remotes/main [14ms]
2024-10-23 23:35:35.684 [info] > git config --local branch.main.vscode-merge-base [8ms]
2024-10-23 23:35:35.689 [info] > git config --get commit.template [20ms]
2024-10-23 23:35:35.690 [info] > git rev-parse --show-toplevel [25ms]
2024-10-23 23:35:35.701 [info] > git for-each-ref --format=%(refname)%00%(upstream:short)%00%(objectname)%00%(upstream:track)%00%(upstream:remotename)%00%(upstream:remoteref) refs/heads/origin/main refs/remotes/origin/main [12ms]
2024-10-23 23:35:35.735 [info] > git check-ignore -v -z --stdin [9ms]
2024-10-23 23:35:35.736 [info] > git merge-base refs/heads/main refs/remotes/origin/main [29ms]
2024-10-23 23:35:35.741 [info] > git rev-parse --show-toplevel [46ms]
2024-10-23 23:35:35.751 [info] > git diff --name-status -z --diff-filter=ADMR 26c71f8959bf05c5c0a15c3dc8674e5e5242054a...refs/remotes/origin/main [10ms]
2024-10-23 23:35:35.751 [info] > git for-each-ref --format=%(refname)%00%(upstream:short)%00%(objectname)%00%(upstream:track)%00%(upstream:remotename)%00%(upstream:remoteref) refs/heads/main refs/remotes/main [19ms]
2024-10-23 23:35:35.755 [info] > git rev-parse --show-toplevel [7ms]
2024-10-23 23:35:35.910 [info] > git status -z -uall [7ms]
2024-10-23 23:35:35.910 [info] > git rev-parse --show-toplevel [69ms]
2024-10-23 23:35:35.910 [info] [Model][doInitialScan] Initial repository scan completed - repositories (1), closed repositories (0), parent repositories (0), unsafe repositories (0)
2024-10-23 23:35:35.933 [info] > git show --textconv :flex/03-flex-header-2/solution/solution.css [17ms]
2024-10-23 23:35:35.933 [info] > git ls-files --stage -- /home/bobbeh/codes/css-exercises/flex/03-flex-header-2/solution/solution.css [12ms]
2024-10-23 23:35:35.939 [info] > git for-each-ref --sort -committerdate --format %(refname) %(objectname) %(*objectname) [31ms]
2024-10-23 23:35:35.953 [info] > git cat-file -s df6c99a9e449f6e8a7d5441cbe5fa04d9c41f497 [15ms]
2024-10-23 23:35:36.401 [info] > git fetch [1216ms]
2024-10-23 23:35:36.416 [info] > git config --get commit.template [7ms]
2024-10-23 23:35:36.417 [info] > git for-each-ref --format=%(refname)%00%(upstream:short)%00%(objectname)%00%(upstream:track)%00%(upstream:remotename)%00%(upstream:remoteref) refs/heads/main refs/remotes/main [1ms]
2024-10-23 23:35:36.436 [info] > git status -z -uall [10ms]
2024-10-23 23:35:36.437 [info] > git for-each-ref --sort -committerdate --format %(refname) %(objectname) %(*objectname) [2ms]
2024-10-23 23:35:37.459 [info] > git config --get commit.template [8ms]
2024-10-23 23:35:37.459 [info] > git for-each-ref --format=%(refname)%00%(upstream:short)%00%(objectname)%00%(upstream:track)%00%(upstream:remotename)%00%(upstream:remoteref) refs/heads/main refs/remotes/main [1ms]
2024-10-23 23:35:37.474 [info] > git status -z -uall [7ms]
2024-10-23 23:35:37.475 [info] > git for-each-ref --sort -committerdate --format %(refname) %(objectname) %(*objectname) [1ms]
2024-10-23 23:35:37.553 [info] > git ls-files --stage -- /home/bobbeh/codes/css-exercises/flex/03-flex-header-2/solution/solution.css [1ms]
2024-10-23 23:35:37.561 [info] > git cat-file -s df6c99a9e449f6e8a7d5441cbe5fa04d9c41f497 [1ms]
2024-10-23 23:35:37.571 [info] > git show --textconv :flex/03-flex-header-2/solution/solution.css [1ms]
2024-10-23 23:36:29.574 [info] > git log --format=%H%n%aN%n%aE%n%at%n%ct%n%P%n%D%n%B -z --shortstat --diff-merges=first-parent -n50 --skip=0 --topo-order --decorate=full --stdin [20ms]
2024-10-23 23:36:31.398 [info] > git add -A -- . [14ms]
2024-10-23 23:36:31.899 [info] > git show --textconv :.git/COMMIT_EDITMSG [10ms]
2024-10-23 23:36:31.900 [info] > git ls-files --stage -- /home/bobbeh/codes/css-exercises/.git/COMMIT_EDITMSG [2ms]
2024-10-23 23:36:32.216 [info] > git check-ignore -v -z --stdin [1ms]
2024-10-23 23:36:32.699 [info] > git ls-files --stage -- /home/bobbeh/codes/css-exercises/.git/COMMIT_EDITMSG [1ms]
2024-10-23 23:36:32.709 [info] > git show --textconv :.git/COMMIT_EDITMSG [1ms]
2024-10-23 23:37:00.935 [info] > git ls-files --stage -- /home/bobbeh/codes/css-exercises/.git/COMMIT_EDITMSG [1ms]
2024-10-23 23:37:00.946 [info] > git show --textconv :.git/COMMIT_EDITMSG [2ms]
2024-10-23 23:41:43.631 [info] > git -c user.useConfigOnly=true commit --quiet [312224ms]
2024-10-23 23:41:43.649 [info] > git config --get commit.template [9ms]
2024-10-23 23:41:43.650 [info] > git for-each-ref --format=%(refname)%00%(upstream:short)%00%(objectname)%00%(upstream:track)%00%(upstream:remotename)%00%(upstream:remoteref) refs/heads/main refs/remotes/main [2ms]
2024-10-23 23:41:43.671 [info] > git status -z -uall [12ms]
2024-10-23 23:41:43.672 [info] > git for-each-ref --sort -committerdate --format %(refname) %(objectname) %(*objectname) [3ms]
2024-10-23 23:41:43.696 [info] > git merge-base refs/heads/main refs/remotes/origin/main [12ms]
2024-10-23 23:41:43.707 [info] > git diff --name-status -z --diff-filter=ADMR 26c71f8959bf05c5c0a15c3dc8674e5e5242054a...refs/remotes/origin/main [1ms]
2024-10-23 23:41:43.750 [info] > git config --get commit.template [1ms]
2024-10-23 23:41:43.750 [info] > git log --format=%H%n%aN%n%aE%n%at%n%ct%n%P%n%D%n%B -z --shortstat --diff-merges=first-parent -n50 --skip=0 --topo-order --decorate=full --stdin [15ms]
2024-10-23 23:41:43.764 [info] > git for-each-ref --format=%(refname)%00%(upstream:short)%00%(objectname)%00%(upstream:track)%00%(upstream:remotename)%00%(upstream:remoteref) refs/heads/main refs/remotes/main [2ms]
2024-10-23 23:41:43.785 [info] > git status -z -uall [11ms]
2024-10-23 23:41:43.785 [info] > git for-each-ref --sort -committerdate --format %(refname) %(objectname) %(*objectname) [2ms]
2024-10-23 23:41:44.021 [info] > git show --textconv :flex/03-flex-header-2/solution/solution.css [9ms]
2024-10-23 23:41:44.022 [info] > git ls-files --stage -- /home/bobbeh/codes/css-exercises/flex/03-flex-header-2/solution/solution.css [1ms]
2024-10-23 23:41:44.031 [info] > git cat-file -s df6c99a9e449f6e8a7d5441cbe5fa04d9c41f497 [1ms]
2024-10-23 23:41:44.896 [info] > git ls-files --stage -- /home/bobbeh/codes/css-exercises/flex/03-flex-header-2/solution/solution.css [1ms]
2024-10-23 23:41:44.906 [info] > git cat-file -s df6c99a9e449f6e8a7d5441cbe5fa04d9c41f497 [1ms]
2024-10-23 23:41:44.920 [info] > git show --textconv :flex/03-flex-header-2/solution/solution.css [2ms]
2024-10-23 23:41:44.960 [info] > git fetch [1265ms]
2024-10-23 23:41:44.978 [info] > git config --get commit.template [9ms]
2024-10-23 23:41:44.979 [info] > git for-each-ref --format=%(refname)%00%(upstream:short)%00%(objectname)%00%(upstream:track)%00%(upstream:remotename)%00%(upstream:remoteref) refs/heads/main refs/remotes/main [1ms]
2024-10-23 23:41:44.998 [info] > git status -z -uall [10ms]
2024-10-23 23:41:44.999 [info] > git for-each-ref --sort -committerdate --format %(refname) %(objectname) %(*objectname) [2ms]
2024-10-23 23:41:46.060 [info] > git ls-files --stage -- /home/bobbeh/codes/css-exercises/flex/03-flex-header-2/solution/solution.css [1ms]
2024-10-23 23:41:46.069 [info] > git cat-file -s df6c99a9e449f6e8a7d5441cbe5fa04d9c41f497 [2ms]
2024-10-23 23:41:46.079 [info] > git show --textconv :flex/03-flex-header-2/solution/solution.css [2ms]
2024-10-23 23:41:46.824 [info] > git log --oneline --cherry main...main@{upstream} -- [2ms]
2024-10-23 23:41:48.051 [info] > git ls-files --stage -- /home/bobbeh/codes/css-exercises/flex/03-flex-header-2/solution/solution.css [1ms]
2024-10-23 23:41:48.059 [info] > git cat-file -s df6c99a9e449f6e8a7d5441cbe5fa04d9c41f497 [1ms]
2024-10-23 23:41:48.071 [info] > git show --textconv :flex/03-flex-header-2/solution/solution.css [2ms]
2024-10-23 23:41:48.099 [info] > git pull --tags origin main [1267ms]
2024-10-23 23:41:48.100 [info] From github.com:bdelucia/css-exercises
 * branch            main       -> FETCH_HEAD
2024-10-23 23:41:49.388 [info] > git ls-files --stage -- /home/bobbeh/codes/css-exercises/flex/03-flex-header-2/solution/solution.css [2ms]
2024-10-23 23:41:49.397 [info] > git cat-file -s df6c99a9e449f6e8a7d5441cbe5fa04d9c41f497 [2ms]
2024-10-23 23:41:49.408 [info] > git show --textconv :flex/03-flex-header-2/solution/solution.css [2ms]
2024-10-23 23:41:49.550 [info] > git push origin main:main [1443ms]
2024-10-23 23:41:49.550 [info] To github.com:bdelucia/css-exercises.git
   26c71f8..41d5370  main -> main
2024-10-23 23:41:49.568 [info] > git config --get commit.template [9ms]
2024-10-23 23:41:49.569 [info] > git for-each-ref --format=%(refname)%00%(upstream:short)%00%(objectname)%00%(upstream:track)%00%(upstream:remotename)%00%(upstream:remoteref) refs/heads/main refs/remotes/main [2ms]
2024-10-23 23:41:49.587 [info] > git status -z -uall [10ms]
2024-10-23 23:41:49.587 [info] > git for-each-ref --sort -committerdate --format %(refname) %(objectname) %(*objectname) [1ms]
2024-10-23 23:41:49.600 [info] > git merge-base refs/heads/main refs/remotes/origin/main [1ms]
2024-10-23 23:41:49.610 [info] > git diff --name-status -z --diff-filter=ADMR 41d5370dea92730d02e2144e1710786dad3f23fb...refs/remotes/origin/main [1ms]
2024-10-23 23:41:50.662 [info] > git config --get commit.template [9ms]
2024-10-23 23:41:50.663 [info] > git for-each-ref --format=%(refname)%00%(upstream:short)%00%(objectname)%00%(upstream:track)%00%(upstream:remotename)%00%(upstream:remoteref) refs/heads/main refs/remotes/main [1ms]
2024-10-23 23:41:50.679 [info] > git status -z -uall [8ms]
2024-10-23 23:41:50.680 [info] > git for-each-ref --sort -committerdate --format %(refname) %(objectname) %(*objectname) [1ms]
2024-10-23 23:41:50.755 [info] > git ls-files --stage -- /home/bobbeh/codes/css-exercises/flex/03-flex-header-2/solution/solution.css [1ms]
2024-10-23 23:41:50.764 [info] > git cat-file -s df6c99a9e449f6e8a7d5441cbe5fa04d9c41f497 [1ms]
2024-10-23 23:41:50.774 [info] > git show --textconv :flex/03-flex-header-2/solution/solution.css [1ms]
2024-10-23 23:41:52.755 [info] > git check-ignore -v -z --stdin [1ms]
2024-10-23 23:42:02.211 [info] > git show --textconv :flex/03-flex-header-2/index.html [9ms]
2024-10-23 23:42:02.212 [info] > git ls-files --stage -- /home/bobbeh/codes/css-exercises/flex/03-flex-header-2/index.html [1ms]
2024-10-23 23:42:02.222 [info] > git cat-file -s 58935f6b3a90596c800d70f0b4767e5807531c7c [2ms]
2024-10-23 23:42:03.042 [info] > git show --textconv :flex/03-flex-header-2/solution/solution.html [9ms]
2024-10-23 23:42:03.043 [info] > git ls-files --stage -- /home/bobbeh/codes/css-exercises/flex/03-flex-header-2/solution/solution.html [1ms]
2024-10-23 23:42:03.055 [info] > git cat-file -s 043e3d77d4efd7cdc91a330e7f71f2aef7c5e16b [4ms]
2024-10-23 23:42:06.649 [info] > git show --textconv :flex/03-flex-header-2/README.md [17ms]
2024-10-23 23:42:06.650 [info] > git ls-files --stage -- /home/bobbeh/codes/css-exercises/flex/03-flex-header-2/README.md [2ms]
2024-10-23 23:42:06.665 [info] > git cat-file -s 3d952160cf5abfaff824d33d036a0f80d166e5a0 [2ms]
2024-10-23 23:42:25.441 [info] > git check-ignore -v -z --stdin [1ms]
2024-10-23 23:42:25.989 [info] > git config --get commit.template [8ms]
2024-10-23 23:42:25.989 [info] > git for-each-ref --format=%(refname)%00%(upstream:short)%00%(objectname)%00%(upstream:track)%00%(upstream:remotename)%00%(upstream:remoteref) refs/heads/main refs/remotes/main [1ms]
2024-10-23 23:42:26.005 [info] > git status -z -uall [8ms]
2024-10-23 23:42:26.007 [info] > git for-each-ref --sort -committerdate --format %(refname) %(objectname) %(*objectname) [2ms]
2024-10-23 23:42:27.401 [info] > git log --format=%H%n%aN%n%aE%n%at%n%ct%n%P%n%D%n%B -z --shortstat --diff-merges=first-parent -n50 --skip=0 --topo-order --decorate=full --stdin [12ms]
2024-10-23 23:42:27.934 [info] > git check-ignore -v -z --stdin [1ms]
2024-10-23 23:42:31.557 [info] > git add -A -- . [41ms]
2024-10-23 23:42:31.570 [info] > git -c user.useConfigOnly=true commit --quiet --allow-empty-message --file - [5ms]
2024-10-23 23:42:31.580 [info] > git config --get commit.template [2ms]
2024-10-23 23:42:31.591 [info] > git config --get commit.template [2ms]
2024-10-23 23:42:31.601 [info] > git for-each-ref --format=%(refname)%00%(upstream:short)%00%(objectname)%00%(upstream:track)%00%(upstream:remotename)%00%(upstream:remoteref) refs/heads/main refs/remotes/main [2ms]
2024-10-23 23:42:31.619 [info] > git status -z -uall [9ms]
2024-10-23 23:42:31.620 [info] > git for-each-ref --sort -committerdate --format %(refname) %(objectname) %(*objectname) [2ms]
2024-10-23 23:42:31.635 [info] > git merge-base refs/heads/main refs/remotes/origin/main [4ms]
2024-10-23 23:42:31.645 [info] > git diff --name-status -z --diff-filter=ADMR 41d5370dea92730d02e2144e1710786dad3f23fb...refs/remotes/origin/main [2ms]
2024-10-23 23:42:31.709 [info] > git config --get commit.template [2ms]
2024-10-23 23:42:31.718 [info] > git log --format=%H%n%aN%n%aE%n%at%n%ct%n%P%n%D%n%B -z --shortstat --diff-merges=first-parent -n50 --skip=0 --topo-order --decorate=full --stdin [24ms]
2024-10-23 23:42:31.720 [info] > git for-each-ref --format=%(refname)%00%(upstream:short)%00%(objectname)%00%(upstream:track)%00%(upstream:remotename)%00%(upstream:remoteref) refs/heads/main refs/remotes/main [3ms]
2024-10-23 23:42:31.737 [info] > git status -z -uall [9ms]
2024-10-23 23:42:31.738 [info] > git for-each-ref --sort -committerdate --format %(refname) %(objectname) %(*objectname) [1ms]
2024-10-23 23:42:32.211 [info] > git log --oneline --cherry main...main@{upstream} -- [2ms]
2024-10-23 23:42:33.445 [info] > git pull --tags origin main [1225ms]
2024-10-23 23:42:33.446 [info] From github.com:bdelucia/css-exercises
 * branch            main       -> FETCH_HEAD
2024-10-23 23:42:35.005 [info] > git push origin main:main [1552ms]
2024-10-23 23:42:35.005 [info] To github.com:bdelucia/css-exercises.git
   41d5370..e1e77a5  main -> main
2024-10-23 23:42:35.022 [info] > git config --get commit.template [7ms]
2024-10-23 23:42:35.022 [info] > git for-each-ref --format=%(refname)%00%(upstream:short)%00%(objectname)%00%(upstream:track)%00%(upstream:remotename)%00%(upstream:remoteref) refs/heads/main refs/remotes/main [1ms]
2024-10-23 23:42:35.038 [info] > git status -z -uall [8ms]
2024-10-23 23:42:35.039 [info] > git for-each-ref --sort -committerdate --format %(refname) %(objectname) %(*objectname) [1ms]
2024-10-23 23:42:35.061 [info] > git merge-base refs/heads/main refs/remotes/origin/main [10ms]
2024-10-23 23:42:35.070 [info] > git config --get commit.template [10ms]
2024-10-23 23:42:35.070 [info] > git diff --name-status -z --diff-filter=ADMR e1e77a5d6e3e118f3b9f9f8df8d142b727543e8c...refs/remotes/origin/main [2ms]
2024-10-23 23:42:35.079 [info] > git for-each-ref --format=%(refname)%00%(upstream:short)%00%(objectname)%00%(upstream:track)%00%(upstream:remotename)%00%(upstream:remoteref) refs/heads/main refs/remotes/main [1ms]
2024-10-23 23:42:35.096 [info] > git status -z -uall [9ms]
2024-10-23 23:42:35.096 [info] > git for-each-ref --sort -committerdate --format %(refname) %(objectname) %(*objectname) [1ms]
2024-10-23 23:44:29.481 [info] > git show --textconv :flex/04-flex-information/style.css [10ms]
2024-10-23 23:44:29.482 [info] > git ls-files --stage -- /home/bobbeh/codes/css-exercises/flex/04-flex-information/style.css [2ms]
2024-10-23 23:44:29.490 [info] > git cat-file -s 80c00fd4bd5bdee3457dae266e588fe3a011fff5 [1ms]
2024-10-23 23:44:31.794 [info] > git show --textconv :flex/04-flex-information/index.html [8ms]
2024-10-23 23:44:31.795 [info] > git ls-files --stage -- /home/bobbeh/codes/css-exercises/flex/04-flex-information/index.html [2ms]
2024-10-23 23:44:31.803 [info] > git cat-file -s 3cc3efd262ae045e8d73de6269f05ffabb8ea4ee [1ms]
2024-10-23 23:44:39.529 [info] > git show --textconv :flex/04-flex-information/README.md [9ms]
2024-10-23 23:44:39.531 [info] > git ls-files --stage -- /home/bobbeh/codes/css-exercises/flex/04-flex-information/README.md [3ms]
2024-10-23 23:44:39.539 [info] > git cat-file -s f035b6308c3b934451e44783fe4af39903135a66 [1ms]
2024-10-23 23:44:46.201 [info] > git ls-files --stage -- /home/bobbeh/codes/css-exercises/flex/04-flex-information/README.md [1ms]
2024-10-23 23:44:46.209 [info] > git cat-file -s f035b6308c3b934451e44783fe4af39903135a66 [1ms]
2024-10-23 23:44:46.219 [info] > git show --textconv :flex/04-flex-information/README.md [1ms]
2024-10-23 23:44:46.303 [info] > git fetch [1290ms]
2024-10-23 23:44:46.319 [info] > git config --get commit.template [8ms]
2024-10-23 23:44:46.320 [info] > git for-each-ref --format=%(refname)%00%(upstream:short)%00%(objectname)%00%(upstream:track)%00%(upstream:remotename)%00%(upstream:remoteref) refs/heads/main refs/remotes/main [2ms]
2024-10-23 23:44:46.335 [info] > git status -z -uall [8ms]
2024-10-23 23:44:46.337 [info] > git for-each-ref --sort -committerdate --format %(refname) %(objectname) %(*objectname) [1ms]
2024-10-23 23:44:47.407 [info] > git ls-files --stage -- /home/bobbeh/codes/css-exercises/flex/04-flex-information/README.md [2ms]
2024-10-23 23:44:47.415 [info] > git cat-file -s f035b6308c3b934451e44783fe4af39903135a66 [1ms]
2024-10-23 23:44:47.425 [info] > git show --textconv :flex/04-flex-information/README.md [2ms]
2024-10-23 23:44:50.821 [info] > git show --textconv :flex/04-flex-information/index.html [8ms]
2024-10-23 23:44:50.823 [info] > git ls-files --stage -- /home/bobbeh/codes/css-exercises/flex/04-flex-information/index.html [1ms]
2024-10-23 23:44:50.831 [info] > git cat-file -s 3cc3efd262ae045e8d73de6269f05ffabb8ea4ee [2ms]
2024-10-23 23:45:49.024 [info] > git show --textconv :flex/04-flex-information/style.css [9ms]
2024-10-23 23:45:49.025 [info] > git ls-files --stage -- /home/bobbeh/codes/css-exercises/flex/04-flex-information/style.css [1ms]
2024-10-23 23:45:49.035 [info] > git cat-file -s 80c00fd4bd5bdee3457dae266e588fe3a011fff5 [1ms]
2024-10-23 23:46:00.434 [info] > git config --get commit.template [9ms]
2024-10-23 23:46:00.435 [info] > git for-each-ref --format=%(refname)%00%(upstream:short)%00%(objectname)%00%(upstream:track)%00%(upstream:remotename)%00%(upstream:remoteref) refs/heads/main refs/remotes/main [2ms]
2024-10-23 23:46:00.452 [info] > git status -z -uall [9ms]
2024-10-23 23:46:00.453 [info] > git for-each-ref --sort -committerdate --format %(refname) %(objectname) %(*objectname) [2ms]
2024-10-23 23:46:19.494 [info] > git show --textconv :flex/04-flex-information/index.html [10ms]
2024-10-23 23:46:19.495 [info] > git ls-files --stage -- /home/bobbeh/codes/css-exercises/flex/04-flex-information/index.html [2ms]
2024-10-23 23:46:19.505 [info] > git cat-file -s 3cc3efd262ae045e8d73de6269f05ffabb8ea4ee [1ms]
2024-10-23 23:46:22.881 [info] > git show --textconv :flex/04-flex-information/README.md [9ms]
2024-10-23 23:46:22.882 [info] > git ls-files --stage -- /home/bobbeh/codes/css-exercises/flex/04-flex-information/README.md [1ms]
2024-10-23 23:46:22.891 [info] > git cat-file -s f035b6308c3b934451e44783fe4af39903135a66 [1ms]
2024-10-23 23:46:28.010 [info] > git show --textconv :flex/04-flex-information/style.css [9ms]
2024-10-23 23:46:28.011 [info] > git ls-files --stage -- /home/bobbeh/codes/css-exercises/flex/04-flex-information/style.css [2ms]
2024-10-23 23:46:28.020 [info] > git cat-file -s 80c00fd4bd5bdee3457dae266e588fe3a011fff5 [1ms]
2024-10-23 23:46:34.449 [info] > git show --textconv :flex/04-flex-information/index.html [9ms]
2024-10-23 23:46:34.451 [info] > git ls-files --stage -- /home/bobbeh/codes/css-exercises/flex/04-flex-information/index.html [1ms]
2024-10-23 23:46:34.460 [info] > git cat-file -s 3cc3efd262ae045e8d73de6269f05ffabb8ea4ee [1ms]
2024-10-23 23:47:43.158 [info] > git show --textconv :flex/04-flex-information/README.md [10ms]
2024-10-23 23:47:43.158 [info] > git ls-files --stage -- /home/bobbeh/codes/css-exercises/flex/04-flex-information/README.md [1ms]
2024-10-23 23:47:43.168 [info] > git cat-file -s f035b6308c3b934451e44783fe4af39903135a66 [2ms]
2024-10-23 23:47:44.449 [info] > git show --textconv :flex/04-flex-information/style.css [9ms]
2024-10-23 23:47:44.450 [info] > git ls-files --stage -- /home/bobbeh/codes/css-exercises/flex/04-flex-information/style.css [2ms]
2024-10-23 23:47:44.459 [info] > git cat-file -s 80c00fd4bd5bdee3457dae266e588fe3a011fff5 [1ms]
2024-10-23 23:47:47.537 [info] > git ls-files --stage -- /home/bobbeh/codes/css-exercises/flex/04-flex-information/style.css [1ms]
2024-10-23 23:47:47.546 [info] > git cat-file -s 80c00fd4bd5bdee3457dae266e588fe3a011fff5 [1ms]
2024-10-23 23:47:47.557 [info] > git show --textconv :flex/04-flex-information/style.css [1ms]
2024-10-23 23:47:47.590 [info] > git fetch [1242ms]
2024-10-23 23:47:47.608 [info] > git config --get commit.template [9ms]
2024-10-23 23:47:47.608 [info] > git for-each-ref --format=%(refname)%00%(upstream:short)%00%(objectname)%00%(upstream:track)%00%(upstream:remotename)%00%(upstream:remoteref) refs/heads/main refs/remotes/main [1ms]
2024-10-23 23:47:47.626 [info] > git status -z -uall [8ms]
2024-10-23 23:47:47.626 [info] > git for-each-ref --sort -committerdate --format %(refname) %(objectname) %(*objectname) [1ms]
2024-10-23 23:47:48.693 [info] > git ls-files --stage -- /home/bobbeh/codes/css-exercises/flex/04-flex-information/style.css [2ms]
2024-10-23 23:47:48.702 [info] > git cat-file -s 80c00fd4bd5bdee3457dae266e588fe3a011fff5 [1ms]
2024-10-23 23:47:48.713 [info] > git show --textconv :flex/04-flex-information/style.css [2ms]
2024-10-23 23:47:54.411 [info] > git show --textconv :flex/04-flex-information/index.html [9ms]
2024-10-23 23:47:54.412 [info] > git ls-files --stage -- /home/bobbeh/codes/css-exercises/flex/04-flex-information/index.html [1ms]
2024-10-23 23:47:54.421 [info] > git cat-file -s 3cc3efd262ae045e8d73de6269f05ffabb8ea4ee [1ms]
2024-10-23 23:48:00.080 [info] > git show --textconv :flex/04-flex-information/style.css [10ms]
2024-10-23 23:48:00.081 [info] > git ls-files --stage -- /home/bobbeh/codes/css-exercises/flex/04-flex-information/style.css [2ms]
2024-10-23 23:48:00.090 [info] > git cat-file -s 80c00fd4bd5bdee3457dae266e588fe3a011fff5 [1ms]
2024-10-23 23:48:18.515 [info] > git config --get commit.template [9ms]
2024-10-23 23:48:18.516 [info] > git for-each-ref --format=%(refname)%00%(upstream:short)%00%(objectname)%00%(upstream:track)%00%(upstream:remotename)%00%(upstream:remoteref) refs/heads/main refs/remotes/main [1ms]
2024-10-23 23:48:18.535 [info] > git status -z -uall [10ms]
2024-10-23 23:48:18.536 [info] > git for-each-ref --sort -committerdate --format %(refname) %(objectname) %(*objectname) [2ms]
2024-10-23 23:48:33.221 [info] > git show --textconv :flex/04-flex-information/index.html [9ms]
2024-10-23 23:48:33.222 [info] > git ls-files --stage -- /home/bobbeh/codes/css-exercises/flex/04-flex-information/index.html [1ms]
2024-10-23 23:48:33.231 [info] > git cat-file -s 3cc3efd262ae045e8d73de6269f05ffabb8ea4ee [1ms]
2024-10-23 23:50:48.833 [info] > git fetch [1192ms]
2024-10-23 23:50:48.845 [info] > git ls-files --stage -- /home/bobbeh/codes/css-exercises/flex/04-flex-information/index.html [11ms]
2024-10-23 23:50:48.854 [info] > git config --get commit.template [11ms]
2024-10-23 23:50:48.863 [info] > git cat-file -s 3cc3efd262ae045e8d73de6269f05ffabb8ea4ee [10ms]
2024-10-23 23:50:48.864 [info] > git for-each-ref --format=%(refname)%00%(upstream:short)%00%(objectname)%00%(upstream:track)%00%(upstream:remotename)%00%(upstream:remoteref) refs/heads/main refs/remotes/main [2ms]
2024-10-23 23:50:48.891 [info] > git show --textconv :flex/04-flex-information/index.html [18ms]
2024-10-23 23:50:48.891 [info] > git status -z -uall [10ms]
2024-10-23 23:50:48.892 [info] > git for-each-ref --sort -committerdate --format %(refname) %(objectname) %(*objectname) [2ms]
2024-10-23 23:50:49.946 [info] > git ls-files --stage -- /home/bobbeh/codes/css-exercises/flex/04-flex-information/index.html [1ms]
2024-10-23 23:50:49.956 [info] > git cat-file -s 3cc3efd262ae045e8d73de6269f05ffabb8ea4ee [1ms]
2024-10-23 23:50:49.992 [info] > git show --textconv :flex/04-flex-information/index.html [1ms]
2024-10-23 23:53:50.094 [info] > git ls-files --stage -- /home/bobbeh/codes/css-exercises/flex/04-flex-information/index.html [1ms]
2024-10-23 23:53:50.104 [info] > git cat-file -s 3cc3efd262ae045e8d73de6269f05ffabb8ea4ee [1ms]
2024-10-23 23:53:50.115 [info] > git show --textconv :flex/04-flex-information/index.html [1ms]
2024-10-23 23:53:50.189 [info] > git fetch [1287ms]
2024-10-23 23:53:50.208 [info] > git config --get commit.template [9ms]
2024-10-23 23:53:50.209 [info] > git for-each-ref --format=%(refname)%00%(upstream:short)%00%(objectname)%00%(upstream:track)%00%(upstream:remotename)%00%(upstream:remoteref) refs/heads/main refs/remotes/main [1ms]
2024-10-23 23:53:50.227 [info] > git status -z -uall [9ms]
2024-10-23 23:53:50.228 [info] > git for-each-ref --sort -committerdate --format %(refname) %(objectname) %(*objectname) [1ms]
2024-10-23 23:53:51.287 [info] > git ls-files --stage -- /home/bobbeh/codes/css-exercises/flex/04-flex-information/index.html [2ms]
2024-10-23 23:53:51.296 [info] > git cat-file -s 3cc3efd262ae045e8d73de6269f05ffabb8ea4ee [2ms]
2024-10-23 23:53:51.332 [info] > git show --textconv :flex/04-flex-information/index.html [1ms]
2024-10-23 23:55:30.464 [info] > git config --get commit.template [1ms]
2024-10-23 23:55:30.474 [info] > git for-each-ref --format=%(refname)%00%(upstream:short)%00%(objectname)%00%(upstream:track)%00%(upstream:remotename)%00%(upstream:remoteref) refs/heads/main refs/remotes/main [2ms]
2024-10-23 23:55:30.492 [info] > git status -z -uall [9ms]
2024-10-23 23:55:30.493 [info] > git for-each-ref --sort -committerdate --format %(refname) %(objectname) %(*objectname) [2ms]
2024-10-23 23:55:38.755 [info] > git show --textconv :flex/04-flex-information/style.css [9ms]
2024-10-23 23:55:38.755 [info] > git ls-files --stage -- /home/bobbeh/codes/css-exercises/flex/04-flex-information/style.css [1ms]
2024-10-23 23:55:38.764 [info] > git cat-file -s 80c00fd4bd5bdee3457dae266e588fe3a011fff5 [1ms]
2024-10-23 23:56:51.431 [info] > git ls-files --stage -- /home/bobbeh/codes/css-exercises/flex/04-flex-information/style.css [1ms]
2024-10-23 23:56:51.441 [info] > git cat-file -s 80c00fd4bd5bdee3457dae266e588fe3a011fff5 [1ms]
2024-10-23 23:56:51.452 [info] > git show --textconv :flex/04-flex-information/style.css [1ms]
2024-10-23 23:56:51.504 [info] > git fetch [1263ms]
2024-10-23 23:56:51.522 [info] > git config --get commit.template [8ms]
2024-10-23 23:56:51.523 [info] > git for-each-ref --format=%(refname)%00%(upstream:short)%00%(objectname)%00%(upstream:track)%00%(upstream:remotename)%00%(upstream:remoteref) refs/heads/main refs/remotes/main [1ms]
2024-10-23 23:56:51.542 [info] > git status -z -uall [10ms]
2024-10-23 23:56:51.542 [info] > git for-each-ref --sort -committerdate --format %(refname) %(objectname) %(*objectname) [1ms]
2024-10-23 23:56:52.603 [info] > git ls-files --stage -- /home/bobbeh/codes/css-exercises/flex/04-flex-information/style.css [1ms]
2024-10-23 23:56:52.614 [info] > git cat-file -s 80c00fd4bd5bdee3457dae266e588fe3a011fff5 [2ms]
2024-10-23 23:56:52.626 [info] > git show --textconv :flex/04-flex-information/style.css [1ms]
2024-10-23 23:56:59.747 [info] > git show --textconv :flex/04-flex-information/style.css [9ms]
2024-10-23 23:56:59.748 [info] > git ls-files --stage -- /home/bobbeh/codes/css-exercises/flex/04-flex-information/style.css [1ms]
2024-10-23 23:56:59.758 [info] > git cat-file -s 80c00fd4bd5bdee3457dae266e588fe3a011fff5 [2ms]
