2024-10-21 00:35:00.971 [info] Extension host with pid 5186 started
2024-10-21 00:35:00.971 [info] Skipping acquiring lock for /home/bobbeh/.config/Code - OSS/User/workspaceStorage/18a5d67680a2b43e6df73c7e9eb5e5c4.
2024-10-21 00:35:01.251 [info] ExtensionService#_doActivateExtension vscode.emmet, startup: false, activationEvent: 'onLanguage'
2024-10-21 00:35:01.272 [info] ExtensionService#_doActivateExtension vscode.css-language-features, startup: false, activationEvent: 'onLanguage:css'
2024-10-21 00:35:01.622 [info] ExtensionService#_doActivateExtension vscode.git-base, startup: true, activationEvent: '*', root cause: vscode.git
2024-10-21 00:35:01.625 [info] ExtensionService#_doActivateExtension Codemos.codemos-modern, startup: true, activationEvent: '*'
2024-10-21 00:35:01.648 [info] ExtensionService#_doActivateExtension ms-python.python, startup: true, activationEvent: 'workspaceContains:requirements.txt'
2024-10-21 00:35:01.931 [info] ExtensionService#_doActivateExtension vscode.git, startup: true, activationEvent: '*'
2024-10-21 00:35:01.994 [info] ExtensionService#_doActivateExtension vscode.github, startup: true, activationEvent: '*'
2024-10-21 00:35:02.025 [error] Error: spawn /home/bobbeh/.vscode-oss/extensions/ms-python.python-2024.16.1-universal/python-env-tools/bin/pet ENOENT
	at ChildProcess._handle.onexit (node:internal/child_process:286:19)
	at onErrorNT (node:internal/child_process:484:16)
	at process.processTicksAndRejections (node:internal/process/task_queues:82:21)
2024-10-21 00:35:02.054 [warning] [vscode.git] Accessing a resource scoped configuration without providing a resource is not expected. To get the effective value for 'git.openRepositoryInParentFolders', provide the URI of a resource or 'null' for any resource.
2024-10-21 00:35:02.054 [warning] [vscode.git] Accessing a resource scoped configuration without providing a resource is not expected. To get the effective value for 'git.showProgress', provide the URI of a resource or 'null' for any resource.
2024-10-21 00:35:02.072 [info] ExtensionService#_doActivateExtension vscode.github-authentication, startup: false, activationEvent: 'onAuthenticationRequest:github'
2024-10-21 00:35:02.111 [warning] [ms-python.python] Accessing a window scoped configuration for a resource is not expected. To associate 'python.languageServer' to a resource, define its scope to 'resource' in configuration contributions in 'package.json'.
2024-10-21 00:35:02.112 [warning] [ms-python.python] Accessing a window scoped configuration for a resource is not expected. To associate 'python.languageServer' to a resource, define its scope to 'resource' in configuration contributions in 'package.json'.
2024-10-21 00:35:02.116 [warning] [ms-python.python] Accessing a resource scoped configuration without providing a resource is not expected. To get the effective value for 'python.terminal.shellIntegration.enabled', provide the URI of a resource or 'null' for any resource.
2024-10-21 00:35:02.118 [warning] [ms-python.python] Accessing a window scoped configuration for a resource is not expected. To associate 'python.languageServer' to a resource, define its scope to 'resource' in configuration contributions in 'package.json'.
2024-10-21 00:35:02.186 [warning] [ms-python.python] Accessing a resource scoped configuration without providing a resource is not expected. To get the effective value for 'python.envFile', provide the URI of a resource or 'null' for any resource.
2024-10-21 00:35:02.217 [warning] [ms-python.python] Accessing a window scoped configuration for a resource is not expected. To associate 'python.languageServer' to a resource, define its scope to 'resource' in configuration contributions in 'package.json'.
2024-10-21 00:35:02.218 [warning] [ms-python.python] Accessing a window scoped configuration for a resource is not expected. To associate 'python.languageServer' to a resource, define its scope to 'resource' in configuration contributions in 'package.json'.
2024-10-21 00:35:02.218 [warning] [ms-python.python] Accessing a window scoped configuration for a resource is not expected. To associate 'python.languageServer' to a resource, define its scope to 'resource' in configuration contributions in 'package.json'.
2024-10-21 00:35:02.255 [info] Eager extensions activated
2024-10-21 00:35:02.282 [info] ExtensionService#_doActivateExtension vscode.debug-auto-launch, startup: false, activationEvent: 'onStartupFinished'
2024-10-21 00:35:02.284 [info] ExtensionService#_doActivateExtension vscode.merge-conflict, startup: false, activationEvent: 'onStartupFinished'
2024-10-21 00:35:02.302 [info] ExtensionService#_doActivateExtension Catppuccin.catppuccin-vsc, startup: false, activationEvent: 'onStartupFinished'
2024-10-21 00:35:02.307 [info] ExtensionService#_doActivateExtension equinusocio.vsc-material-theme-icons, startup: false, activationEvent: 'onStartupFinished'
2024-10-21 00:35:02.329 [info] ExtensionService#_doActivateExtension PKief.material-icon-theme, startup: false, activationEvent: 'onStartupFinished'
2024-10-21 00:35:02.344 [info] ExtensionService#_doActivateExtension vscode-icons-team.vscode-icons, startup: false, activationEvent: 'onStartupFinished'
2024-10-21 00:35:02.395 [info] ExtensionService#_doActivateExtension yandeu.five-server, startup: false, activationEvent: 'onStartupFinished'
2024-10-21 00:35:03.459 [error] Error: Extension 'ms-python.python' CANNOT use API proposal: testObserver.
Its package.json#enabledApiProposals-property declares:  but NOT testObserver.
 The missing proposal MUST be added and you must start in extension development mode or use the following command line switch: --enable-proposed-api ms-python.python
	at H (file:///usr/lib/code/out/vs/workbench/api/node/extensionHostProcess.js:112:16479)
	at get testResults (file:///usr/lib/code/out/vs/workbench/api/node/extensionHostProcess.js:156:39221)
	at C.activate (/home/bobbeh/.vscode-oss/extensions/ms-python.python-2024.16.1-universal/out/client/extension.js:2:947691)
	at /home/bobbeh/.vscode-oss/extensions/ms-python.python-2024.16.1-universal/out/client/extension.js:2:2457
	at Array.map (<anonymous>)
	at v.activateWorkspace (/home/bobbeh/.vscode-oss/extensions/ms-python.python-2024.16.1-universal/out/client/extension.js:2:2447)
2024-10-21 00:35:27.487 [info] Extension host terminating: renderer closed the MessagePort
2024-10-21 00:35:27.497 [error] Canceled: Canceled
	at new eA (file:///usr/lib/code/out/vs/workbench/api/node/extensionHostProcess.js:31:109321)
	at Zb.U (file:///usr/lib/code/out/vs/workbench/api/node/extensionHostProcess.js:31:113933)
	at s.<computed>.n.charCodeAt.s.<computed> (file:///usr/lib/code/out/vs/workbench/api/node/extensionHostProcess.js:31:111427)
	at T0.g (file:///usr/lib/code/out/vs/workbench/api/node/extensionHostProcess.js:114:32325)
	at T0.executeCommand (file:///usr/lib/code/out/vs/workbench/api/node/extensionHostProcess.js:114:31826)
	at r.registerCommand.description (file:///usr/lib/code/out/vs/workbench/api/node/extensionHostProcess.js:114:31156)
	at T0.h (file:///usr/lib/code/out/vs/workbench/api/node/extensionHostProcess.js:114:32845)
	at T0.g (file:///usr/lib/code/out/vs/workbench/api/node/extensionHostProcess.js:114:31919)
	at T0.executeCommand (file:///usr/lib/code/out/vs/workbench/api/node/extensionHostProcess.js:114:31826)
	at Object.executeCommand (file:///usr/lib/code/out/vs/workbench/api/node/extensionHostProcess.js:156:37049)
	at gh.O [as value] (/usr/lib/code/extensions/git/dist/main.js:2:953034)
	at T.B (file:///usr/lib/code/out/vs/workbench/api/node/extensionHostProcess.js:29:732)
	at T.C (file:///usr/lib/code/out/vs/workbench/api/node/extensionHostProcess.js:29:802)
	at T.fire (file:///usr/lib/code/out/vs/workbench/api/node/extensionHostProcess.js:29:1019)
	at Object.p [as dispose] (/usr/lib/code/extensions/git/dist/main.js:2:973612)
	at /usr/lib/code/extensions/git/dist/main.js:2:979734
	at Array.forEach (<anonymous>)
	at f.dispose (/usr/lib/code/extensions/git/dist/main.js:2:979720)
	at D1.<anonymous> (file:///usr/lib/code/out/vs/workbench/api/node/extensionHostProcess.js:108:19996)
	at D1.dispose (file:///usr/lib/code/out/vs/workbench/api/node/extensionHostProcess.js:108:20092)
	at D1.<anonymous> (/usr/lib/code/extensions/git/dist/main.js:2:955332)
	at D1.dispose (file:///usr/lib/code/out/vs/workbench/api/node/extensionHostProcess.js:108:20092)
	at Si (file:///usr/lib/code/out/vs/workbench/api/node/extensionHostProcess.js:24:701)
	at file:///usr/lib/code/out/vs/workbench/api/node/extensionHostProcess.js:118:14995
	at file:///usr/lib/code/out/vs/workbench/api/node/extensionHostProcess.js:24:1011
	at Object.dispose (file:///usr/lib/code/out/vs/workbench/api/node/extensionHostProcess.js:7:2146)
	at hB.eb (file:///usr/lib/code/out/vs/workbench/api/node/extensionHostProcess.js:118:11922)
	at file:///usr/lib/code/out/vs/workbench/api/node/extensionHostProcess.js:118:9877
	at Array.map (<anonymous>)
	at hB.$ (file:///usr/lib/code/out/vs/workbench/api/node/extensionHostProcess.js:118:9865)
	at hB.terminate (file:///usr/lib/code/out/vs/workbench/api/node/extensionHostProcess.js:118:10108)
	at M3.terminate (file:///usr/lib/code/out/vs/workbench/api/node/extensionHostProcess.js:119:1424)
	at ps (file:///usr/lib/code/out/vs/workbench/api/node/extensionHostProcess.js:174:15058)
	at MessagePortMain.<anonymous> (file:///usr/lib/code/out/vs/workbench/api/node/extensionHostProcess.js:174:11603)
	at MessagePortMain.emit (node:events:519:28)
	at MessagePortMain._internalPort.emit (node:electron/js2c/utility_init:2:2619) setContext undefined
2024-10-21 00:35:27.498 [error] Canceled: Canceled
	at new eA (file:///usr/lib/code/out/vs/workbench/api/node/extensionHostProcess.js:31:109321)
	at Zb.U (file:///usr/lib/code/out/vs/workbench/api/node/extensionHostProcess.js:31:113933)
	at s.<computed>.n.charCodeAt.s.<computed> (file:///usr/lib/code/out/vs/workbench/api/node/extensionHostProcess.js:31:111427)
	at T0.g (file:///usr/lib/code/out/vs/workbench/api/node/extensionHostProcess.js:114:32325)
	at T0.executeCommand (file:///usr/lib/code/out/vs/workbench/api/node/extensionHostProcess.js:114:31826)
	at r.registerCommand.description (file:///usr/lib/code/out/vs/workbench/api/node/extensionHostProcess.js:114:31156)
	at T0.h (file:///usr/lib/code/out/vs/workbench/api/node/extensionHostProcess.js:114:32845)
	at T0.g (file:///usr/lib/code/out/vs/workbench/api/node/extensionHostProcess.js:114:31919)
	at T0.executeCommand (file:///usr/lib/code/out/vs/workbench/api/node/extensionHostProcess.js:114:31826)
	at Object.executeCommand (file:///usr/lib/code/out/vs/workbench/api/node/extensionHostProcess.js:156:37049)
	at set hasGitHubRepositories (/usr/lib/code/extensions/github/dist/extension.js:2:321578)
	at /usr/lib/code/extensions/github/dist/extension.js:2:322537
	at gh.value (/usr/lib/code/extensions/git/dist/main.js:2:1061875)
	at T.B (file:///usr/lib/code/out/vs/workbench/api/node/extensionHostProcess.js:29:732)
	at T.C (file:///usr/lib/code/out/vs/workbench/api/node/extensionHostProcess.js:29:802)
	at T.fire (file:///usr/lib/code/out/vs/workbench/api/node/extensionHostProcess.js:29:1019)
	at Object.p [as dispose] (/usr/lib/code/extensions/git/dist/main.js:2:973612)
	at /usr/lib/code/extensions/git/dist/main.js:2:979734
	at Array.forEach (<anonymous>)
	at f.dispose (/usr/lib/code/extensions/git/dist/main.js:2:979720)
	at D1.<anonymous> (file:///usr/lib/code/out/vs/workbench/api/node/extensionHostProcess.js:108:19996)
	at D1.dispose (file:///usr/lib/code/out/vs/workbench/api/node/extensionHostProcess.js:108:20092)
	at D1.<anonymous> (/usr/lib/code/extensions/git/dist/main.js:2:955332)
	at D1.dispose (file:///usr/lib/code/out/vs/workbench/api/node/extensionHostProcess.js:108:20092)
	at Si (file:///usr/lib/code/out/vs/workbench/api/node/extensionHostProcess.js:24:701)
	at file:///usr/lib/code/out/vs/workbench/api/node/extensionHostProcess.js:118:14995
	at file:///usr/lib/code/out/vs/workbench/api/node/extensionHostProcess.js:24:1011
	at Object.dispose (file:///usr/lib/code/out/vs/workbench/api/node/extensionHostProcess.js:7:2146)
	at hB.eb (file:///usr/lib/code/out/vs/workbench/api/node/extensionHostProcess.js:118:11922)
	at file:///usr/lib/code/out/vs/workbench/api/node/extensionHostProcess.js:118:9877
	at Array.map (<anonymous>)
	at hB.$ (file:///usr/lib/code/out/vs/workbench/api/node/extensionHostProcess.js:118:9865)
	at hB.terminate (file:///usr/lib/code/out/vs/workbench/api/node/extensionHostProcess.js:118:10108)
	at M3.terminate (file:///usr/lib/code/out/vs/workbench/api/node/extensionHostProcess.js:119:1424)
	at ps (file:///usr/lib/code/out/vs/workbench/api/node/extensionHostProcess.js:174:15058)
	at MessagePortMain.<anonymous> (file:///usr/lib/code/out/vs/workbench/api/node/extensionHostProcess.js:174:11603)
	at MessagePortMain.emit (node:events:519:28)
	at MessagePortMain._internalPort.emit (node:electron/js2c/utility_init:2:2619) setContext undefined
2024-10-21 00:35:27.501 [info] Extension host with pid 5186 exiting with code 0
