2024-10-23 02:57:49.608 [info] Added views:outline in workbench.view.explorer
2024-10-23 02:57:49.608 [info] Added views:workbench.view.search in workbench.view.search
2024-10-23 02:57:49.608 [info] Added views:workbench.scm in workbench.view.scm
2024-10-23 02:57:49.608 [info] Added views:workbench.panel.markers.view in workbench.panel.markers
2024-10-23 02:57:49.608 [info] Added views:workbench.panel.output in workbench.panel.output
2024-10-23 02:57:49.608 [info] Added views:terminal in terminal
2024-10-23 02:57:49.608 [info] Added views:timeline in workbench.view.explorer
2024-10-23 02:57:49.608 [info] Added views:workbench.explorer.emptyView in workbench.view.explorer
2024-10-23 02:57:49.812 [info] Added views:workbench.debug.welcome in workbench.view.debug
2024-10-23 02:57:50.594 [info] Added views:workbench.panel.repl.view in workbench.panel.repl
2024-10-23 02:57:51.053 [info] Added views:~remote.forwardedPorts in ~remote.forwardedPortsContainer
2024-10-23 02:58:12.134 [info] Added views:outline in workbench.view.explorer
2024-10-23 02:58:12.134 [info] Added views:workbench.view.search in workbench.view.search
2024-10-23 02:58:12.134 [info] Added views:workbench.scm in workbench.view.scm
2024-10-23 02:58:12.134 [info] Added views:workbench.panel.markers.view in workbench.panel.markers
2024-10-23 02:58:12.134 [info] Added views:workbench.panel.output in workbench.panel.output
2024-10-23 02:58:12.134 [info] Added views:terminal in terminal
2024-10-23 02:58:12.134 [info] Added views:timeline in workbench.view.explorer
2024-10-23 02:58:12.134 [info] Added views:workbench.explorer.fileView in workbench.view.explorer
2024-10-23 02:58:12.787 [info] Added views:workbench.debug.variablesView,workbench.debug.watchExpressionsView,workbench.debug.callStackView,workbench.debug.breakPointsView in workbench.view.debug
2024-10-23 02:58:12.789 [info] Added views:~remote.forwardedPorts in ~remote.forwardedPortsContainer
2024-10-23 02:58:12.951 [info] Added views:workbench.panel.repl.view in workbench.panel.repl
2024-10-23 02:58:12.953 [info] Removed views:workbench.debug.breakPointsView,workbench.debug.callStackView,workbench.debug.watchExpressionsView,workbench.debug.variablesView from workbench.view.debug
2024-10-23 02:58:12.954 [info] Added views:workbench.debug.welcome in workbench.view.debug
2024-10-23 02:58:13.291 [info] Added views:workbench.scm.history in workbench.view.scm
2024-10-23 03:05:23.184 [info] Removed views:workbench.scm.history from workbench.view.scm
2024-10-23 03:05:23.836 [info] Added views:outline in workbench.view.explorer
2024-10-23 03:05:23.836 [info] Added views:workbench.view.search in workbench.view.search
2024-10-23 03:05:23.836 [info] Added views:workbench.scm in workbench.view.scm
2024-10-23 03:05:23.836 [info] Added views:workbench.panel.markers.view in workbench.panel.markers
2024-10-23 03:05:23.836 [info] Added views:workbench.panel.output in workbench.panel.output
2024-10-23 03:05:23.836 [info] Added views:terminal in terminal
2024-10-23 03:05:23.836 [info] Added views:timeline in workbench.view.explorer
2024-10-23 03:05:23.836 [info] Added views:workbench.explorer.fileView in workbench.view.explorer
2024-10-23 03:05:23.904 [info] Added views:workbench.debug.welcome in workbench.view.debug
2024-10-23 03:05:24.577 [info] Added views:workbench.panel.repl.view in workbench.panel.repl
2024-10-23 03:05:24.939 [info] Added views:~remote.forwardedPorts in ~remote.forwardedPortsContainer
2024-10-23 03:05:25.086 [info] Added views:workbench.scm.history in workbench.view.scm
2024-10-23 03:25:59.684 [info] Removed views:workbench.scm.history from workbench.view.scm
