2024-10-23 02:57:51.022 [info] [main] Log level: Info
2024-10-23 02:57:51.022 [info] [main] Validating found git in: "git"
2024-10-23 02:57:51.022 [info] [main] Using git "2.47.0" from "git"
2024-10-23 02:57:51.022 [info] [Model][doInitialScan] Initial repository scan started
2024-10-23 02:57:51.022 [info] > git rev-parse --show-toplevel [10ms]
2024-10-23 02:57:51.022 [info] fatal: not a git repository (or any of the parent directories): .git
2024-10-23 02:57:51.022 [info] [Model][doInitialScan] Initial repository scan completed - repositories (0), closed repositories (0), parent repositories (0), unsafe repositories (0)
2024-10-23 02:58:13.282 [info] [main] Log level: Info
2024-10-23 02:58:13.282 [info] [main] Validating found git in: "git"
2024-10-23 02:58:13.282 [info] [main] Using git "2.47.0" from "git"
2024-10-23 02:58:13.282 [info] [Model][doInitialScan] Initial repository scan started
2024-10-23 02:58:13.282 [info] > git rev-parse --show-toplevel [10ms]
2024-10-23 02:58:13.283 [info] > git rev-parse --git-dir --git-common-dir [2ms]
2024-10-23 02:58:13.302 [info] [Model][openRepository] Opened repository: /home/bobbeh/codes/css-exercises
2024-10-23 02:58:13.322 [info] > git rev-parse --show-toplevel [8ms]
2024-10-23 02:58:13.322 [info] [Model][doInitialScan] Initial repository scan completed - repositories (1), closed repositories (0), parent repositories (0), unsafe repositories (0)
2024-10-23 02:58:13.323 [info] > git config --get commit.template [13ms]
2024-10-23 02:58:13.723 [info] > git for-each-ref --format=%(refname)%00%(upstream:short)%00%(objectname)%00%(upstream:track)%00%(upstream:remotename)%00%(upstream:remoteref) refs/heads/main refs/remotes/main [27ms]
2024-10-23 02:58:13.754 [info] > git status -z -uall [12ms]
2024-10-23 02:58:13.754 [info] > git for-each-ref --sort -committerdate --format %(refname) %(objectname) %(*objectname) [5ms]
2024-10-23 02:58:13.776 [info] > git for-each-ref --format=%(refname)%00%(upstream:short)%00%(objectname)%00%(upstream:track)%00%(upstream:remotename)%00%(upstream:remoteref) refs/heads/main refs/remotes/main [10ms]
2024-10-23 02:58:13.799 [info] > git config --local branch.main.vscode-merge-base [16ms]
2024-10-23 02:58:13.805 [info] > git config --get commit.template [31ms]
2024-10-23 02:58:13.813 [info] > git for-each-ref --format=%(refname)%00%(upstream:short)%00%(objectname)%00%(upstream:track)%00%(upstream:remotename)%00%(upstream:remoteref) refs/heads/origin/main refs/remotes/origin/main [9ms]
2024-10-23 02:58:13.848 [info] > git check-ignore -v -z --stdin [9ms]
2024-10-23 02:58:13.849 [info] > git merge-base refs/heads/main refs/remotes/origin/main [29ms]
2024-10-23 02:58:13.961 [info] > git diff --name-status -z --diff-filter=ADMR 82d8b8b512e7d736efe411d4ffad479e43d6aba2...refs/remotes/origin/main [107ms]
2024-10-23 02:58:13.962 [info] > git for-each-ref --format=%(refname)%00%(upstream:short)%00%(objectname)%00%(upstream:track)%00%(upstream:remotename)%00%(upstream:remoteref) refs/heads/main refs/remotes/main [116ms]
2024-10-23 02:58:13.987 [info] > git status -z -uall [8ms]
2024-10-23 02:58:13.987 [info] > git for-each-ref --sort -committerdate --format %(refname) %(objectname) %(*objectname) [2ms]
2024-10-23 02:58:14.613 [info] > git fetch [1312ms]
2024-10-23 02:58:14.626 [info] > git config --get commit.template [7ms]
2024-10-23 02:58:14.627 [info] > git for-each-ref --format=%(refname)%00%(upstream:short)%00%(objectname)%00%(upstream:track)%00%(upstream:remotename)%00%(upstream:remoteref) refs/heads/main refs/remotes/main [1ms]
2024-10-23 02:58:14.639 [info] > git status -z -uall [6ms]
2024-10-23 02:58:14.640 [info] > git for-each-ref --sort -committerdate --format %(refname) %(objectname) %(*objectname) [1ms]
2024-10-23 02:58:21.381 [info] > git check-ignore -v -z --stdin [1ms]
2024-10-23 02:58:30.472 [info] > git show --textconv :flex/02-flex-header/index.html [22ms]
2024-10-23 02:58:30.474 [info] > git ls-files --stage -- /home/bobbeh/codes/css-exercises/flex/02-flex-header/index.html [7ms]
2024-10-23 02:58:30.483 [info] > git cat-file -s db430825501cdc1e942af5c52557e019609fe39f [1ms]
2024-10-23 02:58:32.454 [info] > git show --textconv :flex/02-flex-header/style.css [11ms]
2024-10-23 02:58:32.456 [info] > git ls-files --stage -- /home/bobbeh/codes/css-exercises/flex/02-flex-header/style.css [2ms]
2024-10-23 02:58:32.477 [info] > git cat-file -s cb598c935480a941f8a7f2979a3156a1e72c3ce1 [14ms]
2024-10-23 02:59:13.444 [info] > git config --get commit.template [10ms]
2024-10-23 02:59:13.445 [info] > git for-each-ref --format=%(refname)%00%(upstream:short)%00%(objectname)%00%(upstream:track)%00%(upstream:remotename)%00%(upstream:remoteref) refs/heads/main refs/remotes/main [2ms]
2024-10-23 02:59:13.463 [info] > git status -z -uall [10ms]
2024-10-23 02:59:13.464 [info] > git for-each-ref --sort -committerdate --format %(refname) %(objectname) %(*objectname) [2ms]
2024-10-23 02:59:25.537 [info] > git show --textconv :flex/02-flex-header/index.html [14ms]
2024-10-23 02:59:25.538 [info] > git ls-files --stage -- /home/bobbeh/codes/css-exercises/flex/02-flex-header/index.html [2ms]
2024-10-23 02:59:25.548 [info] > git cat-file -s db430825501cdc1e942af5c52557e019609fe39f [1ms]
2024-10-23 02:59:42.877 [info] > git show --textconv :flex/02-flex-header/style.css [9ms]
2024-10-23 02:59:42.878 [info] > git ls-files --stage -- /home/bobbeh/codes/css-exercises/flex/02-flex-header/style.css [1ms]
2024-10-23 02:59:42.888 [info] > git cat-file -s cb598c935480a941f8a7f2979a3156a1e72c3ce1 [2ms]
2024-10-23 03:00:37.670 [info] > git config --get commit.template [6ms]
2024-10-23 03:00:37.670 [info] > git for-each-ref --format=%(refname)%00%(upstream:short)%00%(objectname)%00%(upstream:track)%00%(upstream:remotename)%00%(upstream:remoteref) refs/heads/main refs/remotes/main [1ms]
2024-10-23 03:00:37.683 [info] > git status -z -uall [7ms]
2024-10-23 03:00:37.683 [info] > git for-each-ref --sort -committerdate --format %(refname) %(objectname) %(*objectname) [1ms]
2024-10-23 03:00:53.894 [info] > git show --textconv :flex/02-flex-header/solution/solution.html [16ms]
2024-10-23 03:00:53.896 [info] > git ls-files --stage -- /home/bobbeh/codes/css-exercises/flex/02-flex-header/solution/solution.html [10ms]
2024-10-23 03:00:53.904 [info] > git cat-file -s 7048e8d851d6238f8dbe000b42595399ac76f5f6 [2ms]
2024-10-23 03:00:56.617 [info] > git show --textconv :flex/02-flex-header/README.md [8ms]
2024-10-23 03:00:56.618 [info] > git ls-files --stage -- /home/bobbeh/codes/css-exercises/flex/02-flex-header/README.md [1ms]
2024-10-23 03:00:56.630 [info] > git cat-file -s fce7035581cb27a53afa998717e264127edf653a [4ms]
2024-10-23 03:01:24.419 [info] > git ls-files --stage -- /home/bobbeh/codes/css-exercises/flex/02-flex-header/README.md [1ms]
2024-10-23 03:01:24.426 [info] > git cat-file -s fce7035581cb27a53afa998717e264127edf653a [1ms]
2024-10-23 03:01:24.435 [info] > git show --textconv :flex/02-flex-header/README.md [1ms]
2024-10-23 03:01:24.470 [info] > git fetch [1238ms]
2024-10-23 03:01:24.484 [info] > git config --get commit.template [6ms]
2024-10-23 03:01:24.484 [info] > git for-each-ref --format=%(refname)%00%(upstream:short)%00%(objectname)%00%(upstream:track)%00%(upstream:remotename)%00%(upstream:remoteref) refs/heads/main refs/remotes/main [1ms]
2024-10-23 03:01:24.497 [info] > git status -z -uall [7ms]
2024-10-23 03:01:24.498 [info] > git for-each-ref --sort -committerdate --format %(refname) %(objectname) %(*objectname) [2ms]
2024-10-23 03:01:32.547 [info] > git ls-files --stage -- /home/bobbeh/codes/css-exercises/flex/02-flex-header/README.md [0ms]
2024-10-23 03:01:32.555 [info] > git cat-file -s fce7035581cb27a53afa998717e264127edf653a [1ms]
2024-10-23 03:01:32.564 [info] > git show --textconv :flex/02-flex-header/README.md [1ms]
2024-10-23 03:02:03.268 [info] > git show --textconv :flex/02-flex-header/style.css [7ms]
2024-10-23 03:02:03.268 [info] > git ls-files --stage -- /home/bobbeh/codes/css-exercises/flex/02-flex-header/style.css [1ms]
2024-10-23 03:02:03.275 [info] > git cat-file -s cb598c935480a941f8a7f2979a3156a1e72c3ce1 [1ms]
2024-10-23 03:02:32.345 [info] > git config --get commit.template [1ms]
2024-10-23 03:02:32.352 [info] > git for-each-ref --format=%(refname)%00%(upstream:short)%00%(objectname)%00%(upstream:track)%00%(upstream:remotename)%00%(upstream:remoteref) refs/heads/main refs/remotes/main [1ms]
2024-10-23 03:02:32.364 [info] > git status -z -uall [6ms]
2024-10-23 03:02:32.365 [info] > git for-each-ref --sort -committerdate --format %(refname) %(objectname) %(*objectname) [1ms]
2024-10-23 03:02:53.978 [info] > git show --textconv :flex/02-flex-header/solution/solution.css [6ms]
2024-10-23 03:02:53.978 [info] > git ls-files --stage -- /home/bobbeh/codes/css-exercises/flex/02-flex-header/solution/solution.css [1ms]
2024-10-23 03:02:53.984 [info] > git cat-file -s 884e862e13b1240f75d8c5d06d40f49247674e29 [1ms]
2024-10-23 03:03:15.284 [info] > git show --textconv :flex/02-flex-header/style.css [6ms]
2024-10-23 03:03:15.285 [info] > git ls-files --stage -- /home/bobbeh/codes/css-exercises/flex/02-flex-header/style.css [1ms]
2024-10-23 03:03:15.291 [info] > git cat-file -s cb598c935480a941f8a7f2979a3156a1e72c3ce1 [0ms]
2024-10-23 03:03:18.698 [info] > git show --textconv :flex/02-flex-header/solution/solution.css [7ms]
2024-10-23 03:03:18.699 [info] > git ls-files --stage -- /home/bobbeh/codes/css-exercises/flex/02-flex-header/solution/solution.css [0ms]
2024-10-23 03:03:18.704 [info] > git cat-file -s 884e862e13b1240f75d8c5d06d40f49247674e29 [0ms]
2024-10-23 03:03:22.107 [info] > git show --textconv :flex/02-flex-header/style.css [6ms]
2024-10-23 03:03:22.108 [info] > git ls-files --stage -- /home/bobbeh/codes/css-exercises/flex/02-flex-header/style.css [1ms]
2024-10-23 03:03:22.114 [info] > git cat-file -s cb598c935480a941f8a7f2979a3156a1e72c3ce1 [1ms]
2024-10-23 03:03:23.112 [info] > git show --textconv :flex/02-flex-header/solution/solution.css [7ms]
2024-10-23 03:03:23.112 [info] > git ls-files --stage -- /home/bobbeh/codes/css-exercises/flex/02-flex-header/solution/solution.css [1ms]
2024-10-23 03:03:23.118 [info] > git cat-file -s 884e862e13b1240f75d8c5d06d40f49247674e29 [1ms]
2024-10-23 03:03:28.034 [info] > git show --textconv :flex/02-flex-header/style.css [6ms]
2024-10-23 03:03:28.035 [info] > git ls-files --stage -- /home/bobbeh/codes/css-exercises/flex/02-flex-header/style.css [1ms]
2024-10-23 03:03:28.041 [info] > git cat-file -s cb598c935480a941f8a7f2979a3156a1e72c3ce1 [1ms]
2024-10-23 03:03:57.790 [info] > git config --get commit.template [7ms]
2024-10-23 03:03:57.790 [info] > git for-each-ref --format=%(refname)%00%(upstream:short)%00%(objectname)%00%(upstream:track)%00%(upstream:remotename)%00%(upstream:remoteref) refs/heads/main refs/remotes/main [1ms]
2024-10-23 03:03:57.803 [info] > git status -z -uall [6ms]
2024-10-23 03:03:57.804 [info] > git for-each-ref --sort -committerdate --format %(refname) %(objectname) %(*objectname) [1ms]
2024-10-23 03:04:10.084 [info] > git show --textconv :flex/02-flex-header/solution/solution.css [7ms]
2024-10-23 03:04:10.084 [info] > git ls-files --stage -- /home/bobbeh/codes/css-exercises/flex/02-flex-header/solution/solution.css [1ms]
2024-10-23 03:04:10.090 [info] > git cat-file -s 884e862e13b1240f75d8c5d06d40f49247674e29 [1ms]
2024-10-23 03:04:25.691 [info] > git ls-files --stage -- /home/bobbeh/codes/css-exercises/flex/02-flex-header/solution/solution.css [0ms]
2024-10-23 03:04:25.698 [info] > git cat-file -s 884e862e13b1240f75d8c5d06d40f49247674e29 [1ms]
2024-10-23 03:04:25.706 [info] > git show --textconv :flex/02-flex-header/solution/solution.css [1ms]
2024-10-23 03:04:25.864 [info] > git fetch [1359ms]
2024-10-23 03:04:25.878 [info] > git config --get commit.template [7ms]
2024-10-23 03:04:25.878 [info] > git for-each-ref --format=%(refname)%00%(upstream:short)%00%(objectname)%00%(upstream:track)%00%(upstream:remotename)%00%(upstream:remoteref) refs/heads/main refs/remotes/main [1ms]
2024-10-23 03:04:25.892 [info] > git status -z -uall [6ms]
2024-10-23 03:04:25.892 [info] > git for-each-ref --sort -committerdate --format %(refname) %(objectname) %(*objectname) [1ms]
2024-10-23 03:04:26.524 [info] > git show --textconv :flex/02-flex-header/style.css [6ms]
2024-10-23 03:04:26.525 [info] > git ls-files --stage -- /home/bobbeh/codes/css-exercises/flex/02-flex-header/style.css [1ms]
2024-10-23 03:04:26.531 [info] > git cat-file -s cb598c935480a941f8a7f2979a3156a1e72c3ce1 [1ms]
2024-10-23 03:04:26.953 [info] > git ls-files --stage -- /home/bobbeh/codes/css-exercises/flex/02-flex-header/style.css [0ms]
2024-10-23 03:04:26.960 [info] > git cat-file -s cb598c935480a941f8a7f2979a3156a1e72c3ce1 [0ms]
2024-10-23 03:04:26.968 [info] > git show --textconv :flex/02-flex-header/style.css [1ms]
2024-10-23 03:04:38.872 [info] > git config --get commit.template [6ms]
2024-10-23 03:04:38.873 [info] > git for-each-ref --format=%(refname)%00%(upstream:short)%00%(objectname)%00%(upstream:track)%00%(upstream:remotename)%00%(upstream:remoteref) refs/heads/main refs/remotes/main [1ms]
2024-10-23 03:04:38.885 [info] > git status -z -uall [6ms]
2024-10-23 03:04:38.886 [info] > git for-each-ref --sort -committerdate --format %(refname) %(objectname) %(*objectname) [1ms]
2024-10-23 03:05:25.066 [info] [main] Log level: Info
2024-10-23 03:05:25.066 [info] [main] Validating found git in: "git"
2024-10-23 03:05:25.066 [info] [main] Using git "2.47.0" from "git"
2024-10-23 03:05:25.066 [info] [Model][doInitialScan] Initial repository scan started
2024-10-23 03:05:25.066 [info] > git rev-parse --show-toplevel [3ms]
2024-10-23 03:05:25.072 [info] > git rev-parse --git-dir --git-common-dir [2ms]
2024-10-23 03:05:25.085 [info] [Model][openRepository] Opened repository: /home/bobbeh/codes/css-exercises
2024-10-23 03:05:25.105 [info] > git rev-parse --show-toplevel [8ms]
2024-10-23 03:05:25.106 [info] > git config --get commit.template [12ms]
2024-10-23 03:05:25.119 [info] > git for-each-ref --format=%(refname)%00%(upstream:short)%00%(objectname)%00%(upstream:track)%00%(upstream:remotename)%00%(upstream:remoteref) refs/heads/main refs/remotes/main [5ms]
2024-10-23 03:05:25.122 [info] > git rev-parse --show-toplevel [3ms]
2024-10-23 03:05:25.365 [info] > git rev-parse --show-toplevel [170ms]
2024-10-23 03:05:25.409 [info] > git status -z -uall [20ms]
2024-10-23 03:05:25.409 [info] > git rev-parse --show-toplevel [9ms]
2024-10-23 03:05:25.410 [info] > git for-each-ref --sort -committerdate --format %(refname) %(objectname) %(*objectname) [15ms]
2024-10-23 03:05:25.434 [info] > git for-each-ref --format=%(refname)%00%(upstream:short)%00%(objectname)%00%(upstream:track)%00%(upstream:remotename)%00%(upstream:remoteref) refs/heads/main refs/remotes/main [15ms]
2024-10-23 03:05:25.445 [info] > git config --local branch.main.vscode-merge-base [5ms]
2024-10-23 03:05:25.450 [info] > git config --get commit.template [20ms]
2024-10-23 03:05:25.450 [info] > git rev-parse --show-toplevel [25ms]
2024-10-23 03:05:25.457 [info] > git for-each-ref --format=%(refname)%00%(upstream:short)%00%(objectname)%00%(upstream:track)%00%(upstream:remotename)%00%(upstream:remoteref) refs/heads/origin/main refs/remotes/origin/main [8ms]
2024-10-23 03:05:25.482 [info] > git merge-base refs/heads/main refs/remotes/origin/main [20ms]
2024-10-23 03:05:25.487 [info] > git rev-parse --show-toplevel [31ms]
2024-10-23 03:05:25.494 [info] > git for-each-ref --format=%(refname)%00%(upstream:short)%00%(objectname)%00%(upstream:track)%00%(upstream:remotename)%00%(upstream:remoteref) refs/heads/main refs/remotes/main [18ms]
2024-10-23 03:05:25.497 [info] > git rev-parse --show-toplevel [5ms]
2024-10-23 03:05:25.497 [info] > git diff --name-status -z --diff-filter=ADMR 82d8b8b512e7d736efe411d4ffad479e43d6aba2...refs/remotes/origin/main [10ms]
2024-10-23 03:05:25.527 [info] > git rev-parse --show-toplevel [25ms]
2024-10-23 03:05:25.527 [info] [Model][doInitialScan] Initial repository scan completed - repositories (1), closed repositories (0), parent repositories (0), unsafe repositories (0)
2024-10-23 03:05:25.597 [info] > git status -z -uall [62ms]
2024-10-23 03:05:25.597 [info] > git for-each-ref --sort -committerdate --format %(refname) %(objectname) %(*objectname) [57ms]
2024-10-23 03:05:25.613 [info] > git check-ignore -v -z --stdin [2ms]
2024-10-23 03:05:25.863 [info] > git ls-files --stage -- /home/bobbeh/codes/css-exercises/flex/01-flex-centerDONE/style.css [1ms]
2024-10-23 03:05:25.869 [info] > git show --textconv :flex/01-flex-centerDONE/style.css [15ms]
2024-10-23 03:05:25.870 [info] > git cat-file -s a12c9d264b37cc6f386f56d1a31dc2d27d203ae6 [1ms]
2024-10-23 03:05:26.366 [info] > git fetch [1281ms]
2024-10-23 03:05:26.378 [info] > git config --get commit.template [5ms]
2024-10-23 03:05:26.378 [info] > git for-each-ref --format=%(refname)%00%(upstream:short)%00%(objectname)%00%(upstream:track)%00%(upstream:remotename)%00%(upstream:remoteref) refs/heads/main refs/remotes/main [1ms]
2024-10-23 03:05:26.390 [info] > git status -z -uall [6ms]
2024-10-23 03:05:26.391 [info] > git for-each-ref --sort -committerdate --format %(refname) %(objectname) %(*objectname) [1ms]
2024-10-23 03:05:27.465 [info] > git ls-files --stage -- /home/bobbeh/codes/css-exercises/flex/01-flex-centerDONE/style.css [1ms]
2024-10-23 03:05:27.472 [info] > git cat-file -s a12c9d264b37cc6f386f56d1a31dc2d27d203ae6 [1ms]
2024-10-23 03:05:27.479 [info] > git show --textconv :flex/01-flex-centerDONE/style.css [1ms]
2024-10-23 03:08:47.797 [info] > git fetch [1241ms]
2024-10-23 03:08:47.809 [info] > git config --get commit.template [5ms]
2024-10-23 03:08:47.809 [info] > git for-each-ref --format=%(refname)%00%(upstream:short)%00%(objectname)%00%(upstream:track)%00%(upstream:remotename)%00%(upstream:remoteref) refs/heads/main refs/remotes/main [1ms]
2024-10-23 03:08:47.821 [info] > git status -z -uall [6ms]
2024-10-23 03:08:47.821 [info] > git for-each-ref --sort -committerdate --format %(refname) %(objectname) %(*objectname) [1ms]
2024-10-23 03:09:37.722 [info] > git show --textconv :flex/01-flex-centerDONE/style.css [6ms]
2024-10-23 03:09:37.722 [info] > git ls-files --stage -- /home/bobbeh/codes/css-exercises/flex/01-flex-centerDONE/style.css [1ms]
2024-10-23 03:09:37.728 [info] > git cat-file -s a12c9d264b37cc6f386f56d1a31dc2d27d203ae6 [1ms]
2024-10-23 03:09:48.139 [info] > git check-ignore -v -z --stdin [0ms]
2024-10-23 03:09:48.697 [info] > git config --get commit.template [6ms]
2024-10-23 03:09:48.698 [info] > git for-each-ref --format=%(refname)%00%(upstream:short)%00%(objectname)%00%(upstream:track)%00%(upstream:remotename)%00%(upstream:remoteref) refs/heads/main refs/remotes/main [1ms]
2024-10-23 03:09:48.709 [info] > git status -z -uall [6ms]
2024-10-23 03:09:48.710 [info] > git for-each-ref --sort -committerdate --format %(refname) %(objectname) %(*objectname) [1ms]
2024-10-23 03:09:49.870 [info] > git log --format=%H%n%aN%n%aE%n%at%n%ct%n%P%n%D%n%B -z --shortstat --diff-merges=first-parent -n50 --skip=0 --topo-order --decorate=full --stdin [42ms]
2024-10-23 03:09:50.400 [info] > git check-ignore -v -z --stdin [1ms]
2024-10-23 03:09:55.003 [info] > git add -A -- . [3ms]
2024-10-23 03:09:55.039 [info] > git -c user.useConfigOnly=true commit --quiet --allow-empty-message --file - [30ms]
2024-10-23 03:09:55.046 [info] > git config --get commit.template [1ms]
2024-10-23 03:09:55.053 [info] > git config --get commit.template [1ms]
2024-10-23 03:09:55.060 [info] > git for-each-ref --format=%(refname)%00%(upstream:short)%00%(objectname)%00%(upstream:track)%00%(upstream:remotename)%00%(upstream:remoteref) refs/heads/main refs/remotes/main [1ms]
2024-10-23 03:09:55.072 [info] > git status -z -uall [6ms]
2024-10-23 03:09:55.072 [info] > git for-each-ref --sort -committerdate --format %(refname) %(objectname) %(*objectname) [0ms]
2024-10-23 03:09:55.085 [info] > git merge-base refs/heads/main refs/remotes/origin/main [2ms]
2024-10-23 03:09:55.093 [info] > git diff --name-status -z --diff-filter=ADMR 82d8b8b512e7d736efe411d4ffad479e43d6aba2...refs/remotes/origin/main [1ms]
2024-10-23 03:09:55.141 [info] > git config --get commit.template [1ms]
2024-10-23 03:09:55.141 [info] > git log --format=%H%n%aN%n%aE%n%at%n%ct%n%P%n%D%n%B -z --shortstat --diff-merges=first-parent -n50 --skip=0 --topo-order --decorate=full --stdin [13ms]
2024-10-23 03:09:55.150 [info] > git for-each-ref --format=%(refname)%00%(upstream:short)%00%(objectname)%00%(upstream:track)%00%(upstream:remotename)%00%(upstream:remoteref) refs/heads/main refs/remotes/main [1ms]
2024-10-23 03:09:55.163 [info] > git status -z -uall [7ms]
2024-10-23 03:09:55.164 [info] > git for-each-ref --sort -committerdate --format %(refname) %(objectname) %(*objectname) [1ms]
2024-10-23 03:09:56.210 [info] > git config --get commit.template [6ms]
2024-10-23 03:09:56.210 [info] > git for-each-ref --format=%(refname)%00%(upstream:short)%00%(objectname)%00%(upstream:track)%00%(upstream:remotename)%00%(upstream:remoteref) refs/heads/main refs/remotes/main [1ms]
2024-10-23 03:09:56.223 [info] > git status -z -uall [7ms]
2024-10-23 03:09:56.224 [info] > git for-each-ref --sort -committerdate --format %(refname) %(objectname) %(*objectname) [1ms]
2024-10-23 03:09:56.303 [info] > git ls-files --stage -- /home/bobbeh/codes/css-exercises/flex/01-flex-centerDONE/style.css [1ms]
2024-10-23 03:09:56.309 [info] > git cat-file -s a12c9d264b37cc6f386f56d1a31dc2d27d203ae6 [1ms]
2024-10-23 03:09:56.316 [info] > git show --textconv :flex/01-flex-centerDONE/style.css [1ms]
2024-10-23 03:09:59.098 [info] > git log --oneline --cherry main...main@{upstream} -- [1ms]
2024-10-23 03:10:00.326 [info] > git ls-files --stage -- /home/bobbeh/codes/css-exercises/flex/01-flex-centerDONE/style.css [1ms]
2024-10-23 03:10:00.332 [info] > git cat-file -s a12c9d264b37cc6f386f56d1a31dc2d27d203ae6 [1ms]
2024-10-23 03:10:00.340 [info] > git show --textconv :flex/01-flex-centerDONE/style.css [2ms]
2024-10-23 03:10:00.461 [info] > git pull --tags origin main [1356ms]
2024-10-23 03:10:00.461 [info] From github.com:bdelucia/css-exercises
 * branch            main       -> FETCH_HEAD
2024-10-23 03:10:01.746 [info] > git ls-files --stage -- /home/bobbeh/codes/css-exercises/flex/01-flex-centerDONE/style.css [1ms]
2024-10-23 03:10:01.753 [info] > git cat-file -s a12c9d264b37cc6f386f56d1a31dc2d27d203ae6 [0ms]
2024-10-23 03:10:01.761 [info] > git show --textconv :flex/01-flex-centerDONE/style.css [1ms]
2024-10-23 03:10:02.127 [info] > git push origin main:main [1660ms]
2024-10-23 03:10:02.127 [info] To github.com:bdelucia/css-exercises.git
   82d8b8b..26c71f8  main -> main
2024-10-23 03:10:02.138 [info] > git config --get commit.template [5ms]
2024-10-23 03:10:02.139 [info] > git for-each-ref --format=%(refname)%00%(upstream:short)%00%(objectname)%00%(upstream:track)%00%(upstream:remotename)%00%(upstream:remoteref) refs/heads/main refs/remotes/main [1ms]
2024-10-23 03:10:02.149 [info] > git status -z -uall [6ms]
2024-10-23 03:10:02.150 [info] > git for-each-ref --sort -committerdate --format %(refname) %(objectname) %(*objectname) [1ms]
2024-10-23 03:10:02.162 [info] > git merge-base refs/heads/main refs/remotes/origin/main [2ms]
2024-10-23 03:10:02.169 [info] > git diff --name-status -z --diff-filter=ADMR 26c71f8959bf05c5c0a15c3dc8674e5e5242054a...refs/remotes/origin/main [0ms]
2024-10-23 03:10:03.208 [info] > git config --get commit.template [6ms]
2024-10-23 03:10:03.209 [info] > git for-each-ref --format=%(refname)%00%(upstream:short)%00%(objectname)%00%(upstream:track)%00%(upstream:remotename)%00%(upstream:remoteref) refs/heads/main refs/remotes/main [1ms]
2024-10-23 03:10:03.220 [info] > git status -z -uall [6ms]
2024-10-23 03:10:03.220 [info] > git for-each-ref --sort -committerdate --format %(refname) %(objectname) %(*objectname) [1ms]
2024-10-23 03:10:03.301 [info] > git ls-files --stage -- /home/bobbeh/codes/css-exercises/flex/01-flex-centerDONE/style.css [0ms]
2024-10-23 03:10:03.307 [info] > git cat-file -s a12c9d264b37cc6f386f56d1a31dc2d27d203ae6 [0ms]
2024-10-23 03:10:03.313 [info] > git show --textconv :flex/01-flex-centerDONE/style.css [1ms]
2024-10-23 03:10:03.987 [info] > git check-ignore -v -z --stdin [1ms]
2024-10-23 03:10:05.762 [info] > git show --textconv :flex/03-flex-header-2/style.css [6ms]
2024-10-23 03:10:05.763 [info] > git ls-files --stage -- /home/bobbeh/codes/css-exercises/flex/03-flex-header-2/style.css [1ms]
2024-10-23 03:10:05.768 [info] > git cat-file -s bf4c8af10d4c409a77d10de1f2c8a8a04dc4fd6e [0ms]
2024-10-23 03:10:06.922 [info] > git show --textconv :flex/03-flex-header-2/index.html [6ms]
2024-10-23 03:10:06.923 [info] > git ls-files --stage -- /home/bobbeh/codes/css-exercises/flex/03-flex-header-2/index.html [1ms]
2024-10-23 03:10:06.929 [info] > git cat-file -s 21d56170b0b8f2b7f30eaeab7e3602257b1a30c2 [1ms]
2024-10-23 03:10:08.019 [info] > git show --textconv :flex/01-flex-centerDONE/style.css [5ms]
2024-10-23 03:10:08.020 [info] > git ls-files --stage -- /home/bobbeh/codes/css-exercises/flex/01-flex-centerDONE/style.css [1ms]
2024-10-23 03:10:08.026 [info] > git cat-file -s a12c9d264b37cc6f386f56d1a31dc2d27d203ae6 [1ms]
2024-10-23 03:10:14.183 [info] > git show --textconv :flex/03-flex-header-2/style.css [5ms]
2024-10-23 03:10:14.184 [info] > git ls-files --stage -- /home/bobbeh/codes/css-exercises/flex/03-flex-header-2/style.css [1ms]
2024-10-23 03:10:14.190 [info] > git cat-file -s bf4c8af10d4c409a77d10de1f2c8a8a04dc4fd6e [1ms]
2024-10-23 03:10:28.407 [info] > git check-ignore -v -z --stdin [0ms]
2024-10-23 03:10:31.192 [info] > git show --textconv :flex/03-flex-header-2/README.md [8ms]
2024-10-23 03:10:31.193 [info] > git ls-files --stage -- /home/bobbeh/codes/css-exercises/flex/03-flex-header-2/README.md [2ms]
2024-10-23 03:10:31.200 [info] > git cat-file -s 3d952160cf5abfaff824d33d036a0f80d166e5a0 [1ms]
2024-10-23 03:11:04.407 [info] > git show --textconv :flex/03-flex-header-2/style.css [5ms]
2024-10-23 03:11:04.408 [info] > git ls-files --stage -- /home/bobbeh/codes/css-exercises/flex/03-flex-header-2/style.css [1ms]
2024-10-23 03:11:04.413 [info] > git cat-file -s bf4c8af10d4c409a77d10de1f2c8a8a04dc4fd6e [0ms]
2024-10-23 03:11:17.854 [info] > git show --textconv :flex/03-flex-header-2/index.html [6ms]
2024-10-23 03:11:17.855 [info] > git ls-files --stage -- /home/bobbeh/codes/css-exercises/flex/03-flex-header-2/index.html [1ms]
2024-10-23 03:11:17.860 [info] > git cat-file -s 21d56170b0b8f2b7f30eaeab7e3602257b1a30c2 [1ms]
2024-10-23 03:11:49.023 [info] > git ls-files --stage -- /home/bobbeh/codes/css-exercises/flex/03-flex-header-2/index.html [1ms]
2024-10-23 03:11:49.029 [info] > git cat-file -s 21d56170b0b8f2b7f30eaeab7e3602257b1a30c2 [1ms]
2024-10-23 03:11:49.037 [info] > git show --textconv :flex/03-flex-header-2/index.html [1ms]
2024-10-23 03:11:49.162 [info] > git fetch [1326ms]
2024-10-23 03:11:49.208 [info] > git config --get commit.template [6ms]
2024-10-23 03:11:49.208 [info] > git for-each-ref --format=%(refname)%00%(upstream:short)%00%(objectname)%00%(upstream:track)%00%(upstream:remotename)%00%(upstream:remoteref) refs/heads/main refs/remotes/main [1ms]
2024-10-23 03:11:49.220 [info] > git status -z -uall [6ms]
2024-10-23 03:11:49.220 [info] > git for-each-ref --sort -committerdate --format %(refname) %(objectname) %(*objectname) [1ms]
2024-10-23 03:11:50.253 [info] > git ls-files --stage -- /home/bobbeh/codes/css-exercises/flex/03-flex-header-2/index.html [1ms]
2024-10-23 03:11:50.259 [info] > git cat-file -s 21d56170b0b8f2b7f30eaeab7e3602257b1a30c2 [1ms]
2024-10-23 03:11:50.266 [info] > git show --textconv :flex/03-flex-header-2/index.html [1ms]
2024-10-23 03:12:35.173 [info] > git show --textconv :flex/03-flex-header-2/README.md [9ms]
2024-10-23 03:12:35.174 [info] > git ls-files --stage -- /home/bobbeh/codes/css-exercises/flex/03-flex-header-2/README.md [4ms]
2024-10-23 03:12:35.181 [info] > git cat-file -s 3d952160cf5abfaff824d33d036a0f80d166e5a0 [1ms]
2024-10-23 03:12:53.355 [info] > git show --textconv :flex/03-flex-header-2/index.html [9ms]
2024-10-23 03:12:53.355 [info] > git ls-files --stage -- /home/bobbeh/codes/css-exercises/flex/03-flex-header-2/index.html [1ms]
2024-10-23 03:12:53.363 [info] > git cat-file -s 21d56170b0b8f2b7f30eaeab7e3602257b1a30c2 [1ms]
2024-10-23 03:14:06.434 [info] > git config --get commit.template [6ms]
2024-10-23 03:14:06.434 [info] > git for-each-ref --format=%(refname)%00%(upstream:short)%00%(objectname)%00%(upstream:track)%00%(upstream:remotename)%00%(upstream:remoteref) refs/heads/main refs/remotes/main [0ms]
2024-10-23 03:14:06.447 [info] > git status -z -uall [7ms]
2024-10-23 03:14:06.449 [info] > git for-each-ref --sort -committerdate --format %(refname) %(objectname) %(*objectname) [3ms]
2024-10-23 03:14:09.305 [info] > git show --textconv :flex/03-flex-header-2/style.css [6ms]
2024-10-23 03:14:09.306 [info] > git ls-files --stage -- /home/bobbeh/codes/css-exercises/flex/03-flex-header-2/style.css [1ms]
2024-10-23 03:14:09.311 [info] > git cat-file -s bf4c8af10d4c409a77d10de1f2c8a8a04dc4fd6e [0ms]
2024-10-23 03:14:50.414 [info] > git ls-files --stage -- /home/bobbeh/codes/css-exercises/flex/03-flex-header-2/style.css [1ms]
2024-10-23 03:14:50.420 [info] > git cat-file -s bf4c8af10d4c409a77d10de1f2c8a8a04dc4fd6e [1ms]
2024-10-23 03:14:50.427 [info] > git show --textconv :flex/03-flex-header-2/style.css [1ms]
2024-10-23 03:14:50.575 [info] > git fetch [1346ms]
2024-10-23 03:14:50.587 [info] > git config --get commit.template [6ms]
2024-10-23 03:14:50.588 [info] > git for-each-ref --format=%(refname)%00%(upstream:short)%00%(objectname)%00%(upstream:track)%00%(upstream:remotename)%00%(upstream:remoteref) refs/heads/main refs/remotes/main [1ms]
2024-10-23 03:14:50.600 [info] > git status -z -uall [7ms]
2024-10-23 03:14:50.600 [info] > git for-each-ref --sort -committerdate --format %(refname) %(objectname) %(*objectname) [1ms]
2024-10-23 03:14:51.662 [info] > git ls-files --stage -- /home/bobbeh/codes/css-exercises/flex/03-flex-header-2/style.css [0ms]
2024-10-23 03:14:51.669 [info] > git cat-file -s bf4c8af10d4c409a77d10de1f2c8a8a04dc4fd6e [1ms]
2024-10-23 03:14:51.676 [info] > git show --textconv :flex/03-flex-header-2/style.css [1ms]
2024-10-23 03:14:55.415 [info] > git config --get commit.template [6ms]
2024-10-23 03:14:55.416 [info] > git for-each-ref --format=%(refname)%00%(upstream:short)%00%(objectname)%00%(upstream:track)%00%(upstream:remotename)%00%(upstream:remoteref) refs/heads/main refs/remotes/main [1ms]
2024-10-23 03:14:55.427 [info] > git status -z -uall [6ms]
2024-10-23 03:14:55.428 [info] > git for-each-ref --sort -committerdate --format %(refname) %(objectname) %(*objectname) [2ms]
2024-10-23 03:15:22.082 [info] > git config --get commit.template [6ms]
2024-10-23 03:15:22.082 [info] > git for-each-ref --format=%(refname)%00%(upstream:short)%00%(objectname)%00%(upstream:track)%00%(upstream:remotename)%00%(upstream:remoteref) refs/heads/main refs/remotes/main [1ms]
2024-10-23 03:15:22.094 [info] > git status -z -uall [6ms]
2024-10-23 03:15:22.094 [info] > git for-each-ref --sort -committerdate --format %(refname) %(objectname) %(*objectname) [1ms]
2024-10-23 03:15:46.749 [info] > git show --textconv :flex/03-flex-header-2/index.html [6ms]
2024-10-23 03:15:46.750 [info] > git ls-files --stage -- /home/bobbeh/codes/css-exercises/flex/03-flex-header-2/index.html [1ms]
2024-10-23 03:15:46.756 [info] > git cat-file -s 21d56170b0b8f2b7f30eaeab7e3602257b1a30c2 [0ms]
2024-10-23 03:17:51.827 [info] > git ls-files --stage -- /home/bobbeh/codes/css-exercises/flex/03-flex-header-2/index.html [1ms]
2024-10-23 03:17:51.834 [info] > git cat-file -s 21d56170b0b8f2b7f30eaeab7e3602257b1a30c2 [1ms]
2024-10-23 03:17:51.841 [info] > git show --textconv :flex/03-flex-header-2/index.html [1ms]
2024-10-23 03:17:51.857 [info] > git fetch [1246ms]
2024-10-23 03:17:51.869 [info] > git config --get commit.template [5ms]
2024-10-23 03:17:51.870 [info] > git for-each-ref --format=%(refname)%00%(upstream:short)%00%(objectname)%00%(upstream:track)%00%(upstream:remotename)%00%(upstream:remoteref) refs/heads/main refs/remotes/main [1ms]
2024-10-23 03:17:51.882 [info] > git status -z -uall [7ms]
2024-10-23 03:17:51.882 [info] > git for-each-ref --sort -committerdate --format %(refname) %(objectname) %(*objectname) [1ms]
2024-10-23 03:17:52.958 [info] > git ls-files --stage -- /home/bobbeh/codes/css-exercises/flex/03-flex-header-2/index.html [1ms]
2024-10-23 03:17:52.964 [info] > git cat-file -s 21d56170b0b8f2b7f30eaeab7e3602257b1a30c2 [1ms]
2024-10-23 03:17:52.971 [info] > git show --textconv :flex/03-flex-header-2/index.html [1ms]
2024-10-23 03:19:14.488 [info] > git config --get commit.template [5ms]
2024-10-23 03:19:14.489 [info] > git for-each-ref --format=%(refname)%00%(upstream:short)%00%(objectname)%00%(upstream:track)%00%(upstream:remotename)%00%(upstream:remoteref) refs/heads/main refs/remotes/main [1ms]
2024-10-23 03:19:14.501 [info] > git status -z -uall [6ms]
2024-10-23 03:19:14.501 [info] > git for-each-ref --sort -committerdate --format %(refname) %(objectname) %(*objectname) [1ms]
2024-10-23 03:19:23.331 [info] > git show --textconv :flex/03-flex-header-2/solution/solution.html [10ms]
2024-10-23 03:19:23.332 [info] > git ls-files --stage -- /home/bobbeh/codes/css-exercises/flex/03-flex-header-2/solution/solution.html [2ms]
2024-10-23 03:19:23.343 [info] > git cat-file -s 043e3d77d4efd7cdc91a330e7f71f2aef7c5e16b [2ms]
2024-10-23 03:20:53.106 [info] > git ls-files --stage -- /home/bobbeh/codes/css-exercises/flex/03-flex-header-2/solution/solution.html [1ms]
2024-10-23 03:20:53.111 [info] > git cat-file -s 043e3d77d4efd7cdc91a330e7f71f2aef7c5e16b [0ms]
2024-10-23 03:20:53.119 [info] > git show --textconv :flex/03-flex-header-2/solution/solution.html [0ms]
2024-10-23 03:20:53.306 [info] > git fetch [1416ms]
2024-10-23 03:20:53.318 [info] > git config --get commit.template [6ms]
2024-10-23 03:20:53.318 [info] > git for-each-ref --format=%(refname)%00%(upstream:short)%00%(objectname)%00%(upstream:track)%00%(upstream:remotename)%00%(upstream:remoteref) refs/heads/main refs/remotes/main [1ms]
2024-10-23 03:20:53.331 [info] > git status -z -uall [8ms]
2024-10-23 03:20:53.331 [info] > git for-each-ref --sort -committerdate --format %(refname) %(objectname) %(*objectname) [1ms]
2024-10-23 03:20:54.387 [info] > git ls-files --stage -- /home/bobbeh/codes/css-exercises/flex/03-flex-header-2/solution/solution.html [1ms]
2024-10-23 03:20:54.393 [info] > git cat-file -s 043e3d77d4efd7cdc91a330e7f71f2aef7c5e16b [1ms]
2024-10-23 03:20:54.400 [info] > git show --textconv :flex/03-flex-header-2/solution/solution.html [1ms]
2024-10-23 03:21:03.114 [info] > git show --textconv :flex/03-flex-header-2/index.html [8ms]
2024-10-23 03:21:03.114 [info] > git ls-files --stage -- /home/bobbeh/codes/css-exercises/flex/03-flex-header-2/index.html [1ms]
2024-10-23 03:21:03.121 [info] > git cat-file -s 21d56170b0b8f2b7f30eaeab7e3602257b1a30c2 [1ms]
2024-10-23 03:21:19.260 [info] > git config --get commit.template [6ms]
2024-10-23 03:21:19.260 [info] > git for-each-ref --format=%(refname)%00%(upstream:short)%00%(objectname)%00%(upstream:track)%00%(upstream:remotename)%00%(upstream:remoteref) refs/heads/main refs/remotes/main [1ms]
2024-10-23 03:21:19.272 [info] > git status -z -uall [6ms]
2024-10-23 03:21:19.273 [info] > git for-each-ref --sort -committerdate --format %(refname) %(objectname) %(*objectname) [1ms]
2024-10-23 03:21:24.117 [info] > git show --textconv :flex/03-flex-header-2/style.css [6ms]
2024-10-23 03:21:24.118 [info] > git ls-files --stage -- /home/bobbeh/codes/css-exercises/flex/03-flex-header-2/style.css [1ms]
2024-10-23 03:21:24.124 [info] > git cat-file -s bf4c8af10d4c409a77d10de1f2c8a8a04dc4fd6e [1ms]
2024-10-23 03:21:27.177 [info] > git show --textconv :flex/03-flex-header-2/solution/solution.css [6ms]
2024-10-23 03:21:27.177 [info] > git ls-files --stage -- /home/bobbeh/codes/css-exercises/flex/03-flex-header-2/solution/solution.css [1ms]
2024-10-23 03:21:27.184 [info] > git cat-file -s df6c99a9e449f6e8a7d5441cbe5fa04d9c41f497 [1ms]
2024-10-23 03:21:39.658 [info] > git show --textconv :flex/03-flex-header-2/style.css [7ms]
2024-10-23 03:21:39.658 [info] > git ls-files --stage -- /home/bobbeh/codes/css-exercises/flex/03-flex-header-2/style.css [1ms]
2024-10-23 03:21:39.664 [info] > git cat-file -s bf4c8af10d4c409a77d10de1f2c8a8a04dc4fd6e [1ms]
2024-10-23 03:22:14.811 [info] > git show --textconv :flex/03-flex-header-2/solution/solution.css [6ms]
2024-10-23 03:22:14.812 [info] > git ls-files --stage -- /home/bobbeh/codes/css-exercises/flex/03-flex-header-2/solution/solution.css [1ms]
2024-10-23 03:22:14.818 [info] > git cat-file -s df6c99a9e449f6e8a7d5441cbe5fa04d9c41f497 [1ms]
2024-10-23 03:22:18.417 [info] > git show --textconv :flex/03-flex-header-2/style.css [6ms]
2024-10-23 03:22:18.418 [info] > git ls-files --stage -- /home/bobbeh/codes/css-exercises/flex/03-flex-header-2/style.css [1ms]
2024-10-23 03:22:18.424 [info] > git cat-file -s bf4c8af10d4c409a77d10de1f2c8a8a04dc4fd6e [1ms]
2024-10-23 03:22:42.922 [info] > git config --get commit.template [8ms]
2024-10-23 03:22:42.923 [info] > git for-each-ref --format=%(refname)%00%(upstream:short)%00%(objectname)%00%(upstream:track)%00%(upstream:remotename)%00%(upstream:remoteref) refs/heads/main refs/remotes/main [1ms]
2024-10-23 03:22:42.939 [info] > git status -z -uall [8ms]
2024-10-23 03:22:42.939 [info] > git for-each-ref --sort -committerdate --format %(refname) %(objectname) %(*objectname) [1ms]
2024-10-23 03:22:48.313 [info] > git show --textconv :flex/03-flex-header-2/solution/solution.css [6ms]
2024-10-23 03:22:48.313 [info] > git ls-files --stage -- /home/bobbeh/codes/css-exercises/flex/03-flex-header-2/solution/solution.css [1ms]
2024-10-23 03:22:48.319 [info] > git cat-file -s df6c99a9e449f6e8a7d5441cbe5fa04d9c41f497 [1ms]
2024-10-23 03:22:52.791 [info] > git show --textconv :flex/03-flex-header-2/style.css [6ms]
2024-10-23 03:22:52.791 [info] > git ls-files --stage -- /home/bobbeh/codes/css-exercises/flex/03-flex-header-2/style.css [1ms]
2024-10-23 03:22:52.797 [info] > git cat-file -s bf4c8af10d4c409a77d10de1f2c8a8a04dc4fd6e [1ms]
2024-10-23 03:23:08.088 [info] > git show --textconv :flex/03-flex-header-2/solution/solution.css [6ms]
2024-10-23 03:23:08.089 [info] > git ls-files --stage -- /home/bobbeh/codes/css-exercises/flex/03-flex-header-2/solution/solution.css [2ms]
2024-10-23 03:23:08.129 [info] > git cat-file -s df6c99a9e449f6e8a7d5441cbe5fa04d9c41f497 [1ms]
2024-10-23 03:23:10.307 [info] > git show --textconv :flex/03-flex-header-2/style.css [6ms]
2024-10-23 03:23:10.308 [info] > git ls-files --stage -- /home/bobbeh/codes/css-exercises/flex/03-flex-header-2/style.css [1ms]
2024-10-23 03:23:10.314 [info] > git cat-file -s bf4c8af10d4c409a77d10de1f2c8a8a04dc4fd6e [0ms]
2024-10-23 03:23:24.641 [info] > git show --textconv :flex/03-flex-header-2/solution/solution.css [6ms]
2024-10-23 03:23:24.642 [info] > git ls-files --stage -- /home/bobbeh/codes/css-exercises/flex/03-flex-header-2/solution/solution.css [1ms]
2024-10-23 03:23:24.648 [info] > git cat-file -s df6c99a9e449f6e8a7d5441cbe5fa04d9c41f497 [0ms]
2024-10-23 03:23:27.985 [info] > git show --textconv :flex/03-flex-header-2/style.css [7ms]
2024-10-23 03:23:27.985 [info] > git ls-files --stage -- /home/bobbeh/codes/css-exercises/flex/03-flex-header-2/style.css [1ms]
2024-10-23 03:23:27.992 [info] > git cat-file -s bf4c8af10d4c409a77d10de1f2c8a8a04dc4fd6e [1ms]
2024-10-23 03:23:36.817 [info] > git config --get commit.template [7ms]
2024-10-23 03:23:36.817 [info] > git for-each-ref --format=%(refname)%00%(upstream:short)%00%(objectname)%00%(upstream:track)%00%(upstream:remotename)%00%(upstream:remoteref) refs/heads/main refs/remotes/main [1ms]
2024-10-23 03:23:36.829 [info] > git status -z -uall [6ms]
2024-10-23 03:23:36.830 [info] > git for-each-ref --sort -committerdate --format %(refname) %(objectname) %(*objectname) [1ms]
2024-10-23 03:23:41.724 [info] > git show --textconv :flex/03-flex-header-2/solution/solution.css [6ms]
2024-10-23 03:23:41.725 [info] > git ls-files --stage -- /home/bobbeh/codes/css-exercises/flex/03-flex-header-2/solution/solution.css [1ms]
2024-10-23 03:23:41.732 [info] > git cat-file -s df6c99a9e449f6e8a7d5441cbe5fa04d9c41f497 [1ms]
2024-10-23 03:23:46.956 [info] > git show --textconv :flex/03-flex-header-2/style.css [7ms]
2024-10-23 03:23:46.956 [info] > git ls-files --stage -- /home/bobbeh/codes/css-exercises/flex/03-flex-header-2/style.css [1ms]
2024-10-23 03:23:46.971 [info] > git cat-file -s bf4c8af10d4c409a77d10de1f2c8a8a04dc4fd6e [0ms]
2024-10-23 03:23:54.524 [info] > git ls-files --stage -- /home/bobbeh/codes/css-exercises/flex/03-flex-header-2/style.css [1ms]
2024-10-23 03:23:54.530 [info] > git cat-file -s bf4c8af10d4c409a77d10de1f2c8a8a04dc4fd6e [1ms]
2024-10-23 03:23:54.537 [info] > git show --textconv :flex/03-flex-header-2/style.css [0ms]
2024-10-23 03:23:54.622 [info] > git fetch [1283ms]
2024-10-23 03:23:54.635 [info] > git config --get commit.template [6ms]
2024-10-23 03:23:54.635 [info] > git for-each-ref --format=%(refname)%00%(upstream:short)%00%(objectname)%00%(upstream:track)%00%(upstream:remotename)%00%(upstream:remoteref) refs/heads/main refs/remotes/main [1ms]
2024-10-23 03:23:54.647 [info] > git status -z -uall [6ms]
2024-10-23 03:23:54.648 [info] > git for-each-ref --sort -committerdate --format %(refname) %(objectname) %(*objectname) [1ms]
2024-10-23 03:23:55.717 [info] > git ls-files --stage -- /home/bobbeh/codes/css-exercises/flex/03-flex-header-2/style.css [0ms]
2024-10-23 03:23:55.723 [info] > git cat-file -s bf4c8af10d4c409a77d10de1f2c8a8a04dc4fd6e [1ms]
2024-10-23 03:23:55.731 [info] > git show --textconv :flex/03-flex-header-2/style.css [1ms]
2024-10-23 03:24:03.768 [info] > git config --get commit.template [6ms]
2024-10-23 03:24:03.769 [info] > git for-each-ref --format=%(refname)%00%(upstream:short)%00%(objectname)%00%(upstream:track)%00%(upstream:remotename)%00%(upstream:remoteref) refs/heads/main refs/remotes/main [1ms]
2024-10-23 03:24:03.781 [info] > git status -z -uall [6ms]
2024-10-23 03:24:03.781 [info] > git for-each-ref --sort -committerdate --format %(refname) %(objectname) %(*objectname) [0ms]
2024-10-23 03:24:06.234 [info] > git show --textconv :flex/03-flex-header-2/solution/solution.css [7ms]
2024-10-23 03:24:06.234 [info] > git ls-files --stage -- /home/bobbeh/codes/css-exercises/flex/03-flex-header-2/solution/solution.css [1ms]
2024-10-23 03:24:06.241 [info] > git cat-file -s df6c99a9e449f6e8a7d5441cbe5fa04d9c41f497 [0ms]
2024-10-23 03:24:17.380 [info] > git show --textconv :flex/03-flex-header-2/style.css [6ms]
2024-10-23 03:24:17.380 [info] > git ls-files --stage -- /home/bobbeh/codes/css-exercises/flex/03-flex-header-2/style.css [1ms]
2024-10-23 03:24:17.386 [info] > git cat-file -s bf4c8af10d4c409a77d10de1f2c8a8a04dc4fd6e [0ms]
2024-10-23 03:24:31.192 [info] > git config --get commit.template [5ms]
2024-10-23 03:24:31.193 [info] > git for-each-ref --format=%(refname)%00%(upstream:short)%00%(objectname)%00%(upstream:track)%00%(upstream:remotename)%00%(upstream:remoteref) refs/heads/main refs/remotes/main [1ms]
2024-10-23 03:24:31.205 [info] > git status -z -uall [5ms]
2024-10-23 03:24:31.205 [info] > git for-each-ref --sort -committerdate --format %(refname) %(objectname) %(*objectname) [1ms]
2024-10-23 03:24:50.235 [info] > git show --textconv :flex/03-flex-header-2/solution/solution.css [6ms]
2024-10-23 03:24:50.236 [info] > git ls-files --stage -- /home/bobbeh/codes/css-exercises/flex/03-flex-header-2/solution/solution.css [1ms]
2024-10-23 03:24:50.242 [info] > git cat-file -s df6c99a9e449f6e8a7d5441cbe5fa04d9c41f497 [1ms]
2024-10-23 03:24:57.315 [info] > git show --textconv :flex/03-flex-header-2/index.html [6ms]
2024-10-23 03:24:57.315 [info] > git ls-files --stage -- /home/bobbeh/codes/css-exercises/flex/03-flex-header-2/index.html [1ms]
2024-10-23 03:24:57.321 [info] > git cat-file -s 21d56170b0b8f2b7f30eaeab7e3602257b1a30c2 [1ms]
2024-10-23 03:25:04.709 [info] > git show --textconv :flex/03-flex-header-2/style.css [6ms]
2024-10-23 03:25:04.710 [info] > git ls-files --stage -- /home/bobbeh/codes/css-exercises/flex/03-flex-header-2/style.css [1ms]
2024-10-23 03:25:04.716 [info] > git cat-file -s bf4c8af10d4c409a77d10de1f2c8a8a04dc4fd6e [1ms]
2024-10-23 03:25:17.066 [info] > git show --textconv :flex/03-flex-header-2/solution/solution.css [7ms]
2024-10-23 03:25:17.066 [info] > git ls-files --stage -- /home/bobbeh/codes/css-exercises/flex/03-flex-header-2/solution/solution.css [1ms]
2024-10-23 03:25:17.072 [info] > git cat-file -s df6c99a9e449f6e8a7d5441cbe5fa04d9c41f497 [0ms]
2024-10-23 03:25:18.990 [info] > git show --textconv :flex/03-flex-header-2/style.css [6ms]
2024-10-23 03:25:18.990 [info] > git ls-files --stage -- /home/bobbeh/codes/css-exercises/flex/03-flex-header-2/style.css [1ms]
2024-10-23 03:25:18.996 [info] > git cat-file -s bf4c8af10d4c409a77d10de1f2c8a8a04dc4fd6e [0ms]
2024-10-23 03:25:24.124 [info] > git show --textconv :flex/03-flex-header-2/solution/solution.css [7ms]
2024-10-23 03:25:24.124 [info] > git ls-files --stage -- /home/bobbeh/codes/css-exercises/flex/03-flex-header-2/solution/solution.css [1ms]
2024-10-23 03:25:24.130 [info] > git cat-file -s df6c99a9e449f6e8a7d5441cbe5fa04d9c41f497 [0ms]
2024-10-23 03:25:25.552 [info] > git show --textconv :flex/03-flex-header-2/style.css [8ms]
2024-10-23 03:25:25.552 [info] > git ls-files --stage -- /home/bobbeh/codes/css-exercises/flex/03-flex-header-2/style.css [1ms]
2024-10-23 03:25:25.558 [info] > git cat-file -s bf4c8af10d4c409a77d10de1f2c8a8a04dc4fd6e [0ms]
2024-10-23 03:25:27.760 [info] > git show --textconv :flex/03-flex-header-2/solution/solution.css [7ms]
2024-10-23 03:25:27.760 [info] > git ls-files --stage -- /home/bobbeh/codes/css-exercises/flex/03-flex-header-2/solution/solution.css [1ms]
2024-10-23 03:25:27.766 [info] > git cat-file -s df6c99a9e449f6e8a7d5441cbe5fa04d9c41f497 [0ms]
2024-10-23 03:25:28.853 [info] > git show --textconv :flex/03-flex-header-2/style.css [6ms]
2024-10-23 03:25:28.854 [info] > git ls-files --stage -- /home/bobbeh/codes/css-exercises/flex/03-flex-header-2/style.css [1ms]
2024-10-23 03:25:28.860 [info] > git cat-file -s bf4c8af10d4c409a77d10de1f2c8a8a04dc4fd6e [1ms]
2024-10-23 03:25:39.616 [info] > git show --textconv :flex/03-flex-header-2/solution/solution.css [6ms]
2024-10-23 03:25:39.617 [info] > git ls-files --stage -- /home/bobbeh/codes/css-exercises/flex/03-flex-header-2/solution/solution.css [0ms]
2024-10-23 03:25:39.623 [info] > git cat-file -s df6c99a9e449f6e8a7d5441cbe5fa04d9c41f497 [1ms]
