2024-10-22 04:22:51.652 [info] [main] Log level: Info
2024-10-22 04:22:51.652 [info] [main] Validating found git in: "git"
2024-10-22 04:22:51.652 [info] [main] Using git "2.47.0" from "git"
2024-10-22 04:22:51.652 [info] [Model][doInitialScan] Initial repository scan started
2024-10-22 04:22:51.652 [info] > git rev-parse --show-toplevel [7ms]
2024-10-22 04:22:51.652 [info] > git rev-parse --git-dir --git-common-dir [8ms]
2024-10-22 04:22:51.652 [info] [Model][openRepository] Opened repository: /home/bobbeh/codes/BobbehLandingPage
2024-10-22 04:22:51.658 [info] > git config --get commit.template [154ms]
2024-10-22 04:22:51.692 [info] > git for-each-ref --format=%(refname)%00%(upstream:short)%00%(objectname)%00%(upstream:track)%00%(upstream:remotename)%00%(upstream:remoteref) refs/heads/master refs/remotes/master [7ms]
2024-10-22 04:22:51.693 [info] > git rev-parse --show-toplevel [11ms]
2024-10-22 04:22:51.707 [info] > git rev-parse --show-toplevel [10ms]
2024-10-22 04:22:51.732 [info] > git status -z -uall [10ms]
2024-10-22 04:22:51.732 [info] > git for-each-ref --sort -committerdate --format %(refname) %(objectname) %(*objectname) [5ms]
2024-10-22 04:22:51.743 [info] > git rev-parse --show-toplevel [25ms]
2024-10-22 04:22:51.753 [info] > git for-each-ref --format=%(refname)%00%(upstream:short)%00%(objectname)%00%(upstream:track)%00%(upstream:remotename)%00%(upstream:remoteref) refs/heads/master refs/remotes/master [12ms]
2024-10-22 04:22:51.759 [info] > git config --local branch.master.vscode-merge-base [2ms]
2024-10-22 04:22:51.763 [info] > git rev-parse --show-toplevel [14ms]
2024-10-22 04:22:51.763 [info] > git config --get commit.template [17ms]
2024-10-22 04:22:51.786 [info] > git for-each-ref --format=%(refname)%00%(upstream:short)%00%(objectname)%00%(upstream:track)%00%(upstream:remotename)%00%(upstream:remoteref) refs/heads/origin/master refs/remotes/origin/master [23ms]
2024-10-22 04:22:51.851 [info] > git merge-base refs/heads/master refs/remotes/origin/master [60ms]
2024-10-22 04:22:51.855 [info] > git rev-parse --show-toplevel [88ms]
2024-10-22 04:22:51.864 [info] > git diff --name-status -z --diff-filter=ADMR ada8bb29fb92ea59d35d5b1c7d6c632b3ef83796...refs/remotes/origin/master [9ms]
2024-10-22 04:22:51.865 [info] > git for-each-ref --format=%(refname)%00%(upstream:short)%00%(objectname)%00%(upstream:track)%00%(upstream:remotename)%00%(upstream:remoteref) refs/heads/master refs/remotes/master [15ms]
2024-10-22 04:22:51.870 [info] > git rev-parse --show-toplevel [7ms]
2024-10-22 04:22:51.871 [info] [Model][doInitialScan] Initial repository scan completed - repositories (1), closed repositories (0), parent repositories (0), unsafe repositories (0)
2024-10-22 04:22:51.909 [info] > git status -z -uall [24ms]
2024-10-22 04:22:51.909 [info] > git for-each-ref --sort -committerdate --format %(refname) %(objectname) %(*objectname) [21ms]
2024-10-22 04:22:52.128 [info] > git check-ignore -v -z --stdin [2ms]
