[2024-Oct-11 05:10:56.811 -07:00][142816:142816][info ] Logging initialized
[2024-Oct-11 05:10:56.811 -07:00][142816:142816][info ] Initializing krisp SDK...
[2024-Oct-11 05:10:56.811 -07:00][142816:142816][info ] DoKrispInitialize
[2024-Oct-11 05:10:57.099 -07:00][142816:142816][info ] LoadDynamicKrisp
[2024-Oct-11 05:10:57.099 -07:00][142816:142816][info ] Did not find KRISP_DYLIB_PATH, skipping dynamic loading
[2024-Oct-11 05:10:57.099 -07:00][142816:142816][info ] Initializing Krisp SDK in PID 142816, addr 0x78d2e21907a0
[2024-Oct-11 05:10:57.258 -07:00][142816:142816][info ] Initialized Krisp SDK successfully
[2024-Oct-11 05:10:57.258 -07:00][142816:142816][info ] Krisp SDK initialized
[2024-Oct-11 05:14:42.344 -07:00][150556:150556][info ] Logging initialized
[2024-Oct-11 05:14:42.344 -07:00][150556:150556][info ] Initializing krisp SDK...
[2024-Oct-11 05:14:42.344 -07:00][150556:150556][info ] DoKrispInitialize
[2024-Oct-11 05:14:42.805 -07:00][150556:150556][info ] LoadDynamicKrisp
[2024-Oct-11 05:14:42.805 -07:00][150556:150556][info ] Did not find KRISP_DYLIB_PATH, skipping dynamic loading
[2024-Oct-11 05:14:42.805 -07:00][150556:150556][info ] Initializing Krisp SDK in PID 150556, addr 0x7f8aebd907a0
[2024-Oct-11 05:14:43.069 -07:00][150556:150556][info ] Initialized Krisp SDK successfully
[2024-Oct-11 05:14:43.069 -07:00][150556:150556][info ] Krisp SDK initialized
[2024-Oct-11 15:24:34.524 -07:00][33093:33093][info ] Logging initialized
[2024-Oct-11 15:24:34.524 -07:00][33093:33093][info ] Initializing krisp SDK...
[2024-Oct-11 15:24:34.524 -07:00][33093:33093][info ] DoKrispInitialize
[2024-Oct-11 15:24:34.833 -07:00][33093:33093][info ] LoadDynamicKrisp
[2024-Oct-11 15:24:34.833 -07:00][33093:33093][info ] Did not find KRISP_DYLIB_PATH, skipping dynamic loading
[2024-Oct-11 15:24:34.833 -07:00][33093:33093][info ] Initializing Krisp SDK in PID 33093, addr 0x7fb1c5b907a0
[2024-Oct-11 15:24:35.008 -07:00][33093:33093][info ] Initialized Krisp SDK successfully
[2024-Oct-11 15:24:35.008 -07:00][33093:33093][info ] Krisp SDK initialized
[2024-Oct-11 16:51:58.120 -07:00][ 9978: 9978][info ] Logging initialized
[2024-Oct-11 16:51:58.120 -07:00][ 9978: 9978][info ] Initializing krisp SDK...
[2024-Oct-11 16:51:58.120 -07:00][ 9978: 9978][info ] DoKrispInitialize
[2024-Oct-11 16:51:58.593 -07:00][ 9978: 9978][info ] LoadDynamicKrisp
[2024-Oct-11 16:51:58.593 -07:00][ 9978: 9978][info ] Did not find KRISP_DYLIB_PATH, skipping dynamic loading
[2024-Oct-11 16:51:58.593 -07:00][ 9978: 9978][info ] Initializing Krisp SDK in PID 9978, addr 0x70bb613907a0
[2024-Oct-11 16:51:58.869 -07:00][ 9978: 9978][info ] Initialized Krisp SDK successfully
[2024-Oct-11 16:51:58.869 -07:00][ 9978: 9978][info ] Krisp SDK initialized
[2024-Oct-13 15:58:37.018 -07:00][44622:44622][info ] Logging initialized
[2024-Oct-13 15:58:37.018 -07:00][44622:44622][info ] Initializing krisp SDK...
[2024-Oct-13 15:58:37.018 -07:00][44622:44622][info ] DoKrispInitialize
[2024-Oct-13 15:58:37.501 -07:00][44622:44622][info ] LoadDynamicKrisp
[2024-Oct-13 15:58:37.501 -07:00][44622:44622][info ] Did not find KRISP_DYLIB_PATH, skipping dynamic loading
[2024-Oct-13 15:58:37.501 -07:00][44622:44622][info ] Initializing Krisp SDK in PID 44622, addr 0x758f36b907a0
[2024-Oct-13 15:58:37.779 -07:00][44622:44622][info ] Initialized Krisp SDK successfully
[2024-Oct-13 15:58:37.779 -07:00][44622:44622][info ] Krisp SDK initialized
[2024-Oct-17 04:05:04.792 -07:00][ 6907: 6907][info ] Logging initialized
[2024-Oct-17 04:05:04.792 -07:00][ 6907: 6907][info ] Initializing krisp SDK...
[2024-Oct-17 04:05:04.792 -07:00][ 6907: 6907][info ] DoKrispInitialize
[2024-Oct-17 04:05:05.272 -07:00][ 6907: 6907][info ] LoadDynamicKrisp
[2024-Oct-17 04:05:05.272 -07:00][ 6907: 6907][info ] Did not find KRISP_DYLIB_PATH, skipping dynamic loading
[2024-Oct-17 04:05:05.272 -07:00][ 6907: 6907][info ] Initializing Krisp SDK in PID 6907, addr 0x70e62e9907a0
[2024-Oct-17 04:05:05.577 -07:00][ 6907: 6907][info ] Initialized Krisp SDK successfully
[2024-Oct-17 04:05:05.577 -07:00][ 6907: 6907][info ] Krisp SDK initialized
[2024-Oct-25 03:49:07.100 -07:00][56246:56246][info ] Logging initialized
[2024-Oct-25 03:49:07.100 -07:00][56246:56246][info ] Initializing krisp SDK...
[2024-Oct-25 03:49:07.100 -07:00][56246:56246][info ] DoKrispInitialize
[2024-Oct-25 03:49:07.399 -07:00][56246:56246][info ] LoadDynamicKrisp
[2024-Oct-25 03:49:07.399 -07:00][56246:56246][info ] Did not find KRISP_DYLIB_PATH, skipping dynamic loading
[2024-Oct-25 03:49:07.399 -07:00][56246:56246][info ] Initializing Krisp SDK in PID 56246, addr 0x73f3891907a0
[2024-Oct-25 03:49:07.558 -07:00][56246:56246][info ] Initialized Krisp SDK successfully
[2024-Oct-25 03:49:07.558 -07:00][56246:56246][info ] Krisp SDK initialized
[2024-Oct-25 21:29:33.756 -07:00][ 6169: 6169][info ] Logging initialized
[2024-Oct-25 21:29:33.756 -07:00][ 6169: 6169][info ] Initializing krisp SDK...
[2024-Oct-25 21:29:33.756 -07:00][ 6169: 6169][info ] DoKrispInitialize
[2024-Oct-25 21:29:34.278 -07:00][ 6169: 6169][info ] LoadDynamicKrisp
[2024-Oct-25 21:29:34.278 -07:00][ 6169: 6169][info ] Did not find KRISP_DYLIB_PATH, skipping dynamic loading
[2024-Oct-25 21:29:34.278 -07:00][ 6169: 6169][info ] Initializing Krisp SDK in PID 6169, addr 0x7a90b51907a0
[2024-Oct-25 21:29:34.555 -07:00][ 6169: 6169][info ] Initialized Krisp SDK successfully
[2024-Oct-25 21:29:34.555 -07:00][ 6169: 6169][info ] Krisp SDK initialized
[2024-Oct-25 21:29:45.089 -07:00][ 6169: 6219][info ] KrispNCSetup: sampleRate = 48000, duration = 10
[2024-Oct-25 21:29:45.089 -07:00][ 6169: 6219][info ] Setting Krisp model: full_NC
[2024-Oct-25 21:29:45.109 -07:00][ 6169: 6219][info ] KrispVADSetup: sampleRate = 48000, duration = 10
[2024-Oct-25 21:31:12.811 -07:00][ 6169: 6211][info ] KrispVADReset
