2024-10-23 23:57:19.789 [info] [main] Log level: Info
2024-10-23 23:57:19.789 [info] [main] Validating found git in: "git"
2024-10-23 23:57:19.789 [info] [main] Using git "2.47.0" from "git"
2024-10-23 23:57:19.789 [info] [Model][doInitialScan] Initial repository scan started
2024-10-23 23:57:19.789 [info] > git rev-parse --show-toplevel [13ms]
2024-10-23 23:57:19.789 [info] > git rev-parse --git-dir --git-common-dir [4ms]
2024-10-23 23:57:19.789 [info] [Model][openRepository] Opened repository: /home/bobbeh/codes/css-exercises
2024-10-23 23:57:19.791 [info] > git rev-parse --show-toplevel [12ms]
2024-10-23 23:57:19.792 [info] > git config --get commit.template [18ms]
2024-10-23 23:57:20.078 [info] > git rev-parse --show-toplevel [44ms]
2024-10-23 23:57:20.089 [info] > git for-each-ref --format=%(refname)%00%(upstream:short)%00%(objectname)%00%(upstream:track)%00%(upstream:remotename)%00%(upstream:remoteref) refs/heads/main refs/remotes/main [12ms]
2024-10-23 23:57:20.091 [info] > git rev-parse --show-toplevel [4ms]
2024-10-23 23:57:20.117 [info] > git status -z -uall [13ms]
2024-10-23 23:57:20.117 [info] > git rev-parse --show-toplevel [20ms]
2024-10-23 23:57:20.125 [info] > git for-each-ref --sort -committerdate --format %(refname) %(objectname) %(*objectname) [14ms]
2024-10-23 23:57:20.147 [info] > git for-each-ref --format=%(refname)%00%(upstream:short)%00%(objectname)%00%(upstream:track)%00%(upstream:remotename)%00%(upstream:remoteref) refs/heads/main refs/remotes/main [9ms]
2024-10-23 23:57:20.154 [info] > git rev-parse --show-toplevel [30ms]
2024-10-23 23:57:20.161 [info] > git config --local branch.main.vscode-merge-base [8ms]
2024-10-23 23:57:20.169 [info] > git config --get commit.template [22ms]
2024-10-23 23:57:20.170 [info] > git for-each-ref --format=%(refname)%00%(upstream:short)%00%(objectname)%00%(upstream:track)%00%(upstream:remotename)%00%(upstream:remoteref) refs/heads/origin/main refs/remotes/origin/main [2ms]
2024-10-23 23:57:20.202 [info] > git rev-parse --show-toplevel [41ms]
2024-10-23 23:57:20.217 [info] > git merge-base refs/heads/main refs/remotes/origin/main [38ms]
2024-10-23 23:57:20.314 [info] > git diff --name-status -z --diff-filter=ADMR e1e77a5d6e3e118f3b9f9f8df8d142b727543e8c...refs/remotes/origin/main [89ms]
2024-10-23 23:57:20.314 [info] > git rev-parse --show-toplevel [97ms]
2024-10-23 23:57:20.315 [info] > git for-each-ref --format=%(refname)%00%(upstream:short)%00%(objectname)%00%(upstream:track)%00%(upstream:remotename)%00%(upstream:remoteref) refs/heads/main refs/remotes/main [104ms]
2024-10-23 23:57:20.335 [info] > git check-ignore -v -z --stdin [12ms]
2024-10-23 23:57:20.335 [info] > git rev-parse --show-toplevel [4ms]
2024-10-23 23:57:20.355 [info] > git status -z -uall [8ms]
2024-10-23 23:57:20.355 [info] > git for-each-ref --sort -committerdate --format %(refname) %(objectname) %(*objectname) [2ms]
2024-10-23 23:57:20.359 [info] > git rev-parse --show-toplevel [17ms]
2024-10-23 23:57:20.359 [info] [Model][doInitialScan] Initial repository scan completed - repositories (1), closed repositories (0), parent repositories (0), unsafe repositories (0)
2024-10-23 23:57:20.391 [info] > git show --textconv :flex/04-flex-information/style.css [26ms]
2024-10-23 23:57:20.408 [info] > git ls-files --stage -- /home/bobbeh/codes/css-exercises/flex/04-flex-information/style.css [36ms]
2024-10-23 23:57:20.495 [info] > git cat-file -s 80c00fd4bd5bdee3457dae266e588fe3a011fff5 [82ms]
2024-10-23 23:57:20.756 [info] > git show --textconv :flex/04-flex-information/index.html [6ms]
2024-10-23 23:57:20.756 [info] > git ls-files --stage -- /home/bobbeh/codes/css-exercises/flex/04-flex-information/index.html [1ms]
2024-10-23 23:57:20.763 [info] > git cat-file -s 3cc3efd262ae045e8d73de6269f05ffabb8ea4ee [1ms]
2024-10-23 23:57:20.988 [info] > git fetch [1224ms]
2024-10-23 23:57:21.001 [info] > git config --get commit.template [7ms]
2024-10-23 23:57:21.002 [info] > git for-each-ref --format=%(refname)%00%(upstream:short)%00%(objectname)%00%(upstream:track)%00%(upstream:remotename)%00%(upstream:remoteref) refs/heads/main refs/remotes/main [1ms]
2024-10-23 23:57:21.015 [info] > git status -z -uall [6ms]
2024-10-23 23:57:21.016 [info] > git for-each-ref --sort -committerdate --format %(refname) %(objectname) %(*objectname) [2ms]
2024-10-23 23:57:22.044 [info] > git config --get commit.template [7ms]
2024-10-23 23:57:22.044 [info] > git for-each-ref --format=%(refname)%00%(upstream:short)%00%(objectname)%00%(upstream:track)%00%(upstream:remotename)%00%(upstream:remoteref) refs/heads/main refs/remotes/main [1ms]
2024-10-23 23:57:22.057 [info] > git status -z -uall [7ms]
2024-10-23 23:57:22.058 [info] > git for-each-ref --sort -committerdate --format %(refname) %(objectname) %(*objectname) [1ms]
2024-10-23 23:57:22.139 [info] > git ls-files --stage -- /home/bobbeh/codes/css-exercises/flex/04-flex-information/index.html [2ms]
2024-10-23 23:57:22.144 [info] > git cat-file -s 3cc3efd262ae045e8d73de6269f05ffabb8ea4ee [1ms]
2024-10-23 23:57:22.152 [info] > git show --textconv :flex/04-flex-information/index.html [1ms]
2024-10-23 23:57:22.162 [info] > git check-ignore -v -z --stdin [1ms]
2024-10-23 23:57:31.107 [info] > git show --textconv :flex/04-flex-information/style.css [7ms]
2024-10-23 23:57:31.108 [info] > git ls-files --stage -- /home/bobbeh/codes/css-exercises/flex/04-flex-information/style.css [2ms]
2024-10-23 23:57:31.114 [info] > git cat-file -s 80c00fd4bd5bdee3457dae266e588fe3a011fff5 [1ms]
2024-10-23 23:58:27.623 [info] > git config --get commit.template [7ms]
2024-10-23 23:58:27.623 [info] > git for-each-ref --format=%(refname)%00%(upstream:short)%00%(objectname)%00%(upstream:track)%00%(upstream:remotename)%00%(upstream:remoteref) refs/heads/main refs/remotes/main [1ms]
2024-10-23 23:58:27.637 [info] > git status -z -uall [6ms]
2024-10-23 23:58:27.637 [info] > git for-each-ref --sort -committerdate --format %(refname) %(objectname) %(*objectname) [1ms]
2024-10-23 23:58:54.295 [info] > git check-ignore -v -z --stdin [1ms]
2024-10-23 23:59:17.449 [info] > git show --textconv :flex/04-flex-information/index.html [8ms]
2024-10-23 23:59:17.450 [info] > git ls-files --stage -- /home/bobbeh/codes/css-exercises/flex/04-flex-information/index.html [2ms]
2024-10-23 23:59:17.458 [info] > git cat-file -s 3cc3efd262ae045e8d73de6269f05ffabb8ea4ee [1ms]
2024-10-24 00:00:22.213 [info] > git ls-files --stage -- /home/bobbeh/codes/css-exercises/flex/04-flex-information/index.html [2ms]
2024-10-24 00:00:22.220 [info] > git cat-file -s 3cc3efd262ae045e8d73de6269f05ffabb8ea4ee [1ms]
2024-10-24 00:00:22.229 [info] > git show --textconv :flex/04-flex-information/index.html [2ms]
2024-10-24 00:00:22.293 [info] > git fetch [1268ms]
2024-10-24 00:00:22.307 [info] > git config --get commit.template [7ms]
2024-10-24 00:00:22.307 [info] > git for-each-ref --format=%(refname)%00%(upstream:short)%00%(objectname)%00%(upstream:track)%00%(upstream:remotename)%00%(upstream:remoteref) refs/heads/main refs/remotes/main [1ms]
2024-10-24 00:00:22.320 [info] > git status -z -uall [6ms]
2024-10-24 00:00:22.321 [info] > git for-each-ref --sort -committerdate --format %(refname) %(objectname) %(*objectname) [1ms]
2024-10-24 00:00:23.392 [info] > git ls-files --stage -- /home/bobbeh/codes/css-exercises/flex/04-flex-information/index.html [1ms]
2024-10-24 00:00:23.399 [info] > git cat-file -s 3cc3efd262ae045e8d73de6269f05ffabb8ea4ee [2ms]
2024-10-24 00:00:23.435 [info] > git show --textconv :flex/04-flex-information/index.html [2ms]
2024-10-24 00:02:11.346 [info] > git show --textconv :flex/04-flex-information/style.css [8ms]
2024-10-24 00:02:11.346 [info] > git ls-files --stage -- /home/bobbeh/codes/css-exercises/flex/04-flex-information/style.css [1ms]
2024-10-24 00:02:11.354 [info] > git cat-file -s 80c00fd4bd5bdee3457dae266e588fe3a011fff5 [1ms]
2024-10-24 00:03:23.520 [info] > git ls-files --stage -- /home/bobbeh/codes/css-exercises/flex/04-flex-information/style.css [1ms]
2024-10-24 00:03:23.528 [info] > git cat-file -s 80c00fd4bd5bdee3457dae266e588fe3a011fff5 [2ms]
2024-10-24 00:03:23.537 [info] > git show --textconv :flex/04-flex-information/style.css [2ms]
2024-10-24 00:03:23.565 [info] > git fetch [1234ms]
2024-10-24 00:03:23.579 [info] > git config --get commit.template [7ms]
2024-10-24 00:03:23.580 [info] > git for-each-ref --format=%(refname)%00%(upstream:short)%00%(objectname)%00%(upstream:track)%00%(upstream:remotename)%00%(upstream:remoteref) refs/heads/main refs/remotes/main [2ms]
2024-10-24 00:03:23.594 [info] > git status -z -uall [8ms]
2024-10-24 00:03:23.594 [info] > git for-each-ref --sort -committerdate --format %(refname) %(objectname) %(*objectname) [1ms]
2024-10-24 00:03:24.666 [info] > git ls-files --stage -- /home/bobbeh/codes/css-exercises/flex/04-flex-information/style.css [1ms]
2024-10-24 00:03:24.673 [info] > git cat-file -s 80c00fd4bd5bdee3457dae266e588fe3a011fff5 [1ms]
2024-10-24 00:03:24.683 [info] > git show --textconv :flex/04-flex-information/style.css [1ms]
2024-10-24 00:03:31.998 [info] > git config --get commit.template [7ms]
2024-10-24 00:03:31.999 [info] > git for-each-ref --format=%(refname)%00%(upstream:short)%00%(objectname)%00%(upstream:track)%00%(upstream:remotename)%00%(upstream:remoteref) refs/heads/main refs/remotes/main [2ms]
2024-10-24 00:03:32.013 [info] > git status -z -uall [6ms]
2024-10-24 00:03:32.014 [info] > git for-each-ref --sort -committerdate --format %(refname) %(objectname) %(*objectname) [2ms]
2024-10-24 00:03:38.361 [info] [main] Log level: Info
2024-10-24 00:03:38.361 [info] [main] Validating found git in: "git"
2024-10-24 00:03:38.361 [info] [main] Using git "2.47.0" from "git"
2024-10-24 00:03:38.361 [info] [Model][doInitialScan] Initial repository scan started
2024-10-24 00:03:38.361 [info] > git rev-parse --show-toplevel [11ms]
2024-10-24 00:03:38.370 [info] > git rev-parse --git-dir --git-common-dir [3ms]
2024-10-24 00:03:38.390 [info] [Model][openRepository] Opened repository: /home/bobbeh/codes/css-exercises
2024-10-24 00:03:38.414 [info] > git rev-parse --show-toplevel [8ms]
2024-10-24 00:03:38.415 [info] > git config --get commit.template [14ms]
2024-10-24 00:03:38.693 [info] > git for-each-ref --format=%(refname)%00%(upstream:short)%00%(objectname)%00%(upstream:track)%00%(upstream:remotename)%00%(upstream:remoteref) refs/heads/main refs/remotes/main [11ms]
2024-10-24 00:03:38.696 [info] > git rev-parse --show-toplevel [4ms]
2024-10-24 00:03:38.718 [info] > git status -z -uall [7ms]
2024-10-24 00:03:38.718 [info] > git rev-parse --show-toplevel [16ms]
2024-10-24 00:03:38.724 [info] > git for-each-ref --sort -committerdate --format %(refname) %(objectname) %(*objectname) [7ms]
2024-10-24 00:03:38.750 [info] > git for-each-ref --format=%(refname)%00%(upstream:short)%00%(objectname)%00%(upstream:track)%00%(upstream:remotename)%00%(upstream:remoteref) refs/heads/main refs/remotes/main [13ms]
2024-10-24 00:03:38.757 [info] > git rev-parse --show-toplevel [34ms]
2024-10-24 00:03:38.766 [info] > git config --local branch.main.vscode-merge-base [9ms]
2024-10-24 00:03:38.774 [info] > git config --get commit.template [28ms]
2024-10-24 00:03:38.775 [info] > git for-each-ref --format=%(refname)%00%(upstream:short)%00%(objectname)%00%(upstream:track)%00%(upstream:remotename)%00%(upstream:remoteref) refs/heads/origin/main refs/remotes/origin/main [2ms]
2024-10-24 00:03:38.797 [info] > git rev-parse --show-toplevel [32ms]
2024-10-24 00:03:38.810 [info] > git merge-base refs/heads/main refs/remotes/origin/main [28ms]
2024-10-24 00:03:38.902 [info] > git rev-parse --show-toplevel [93ms]
2024-10-24 00:03:38.903 [info] > git for-each-ref --format=%(refname)%00%(upstream:short)%00%(objectname)%00%(upstream:track)%00%(upstream:remotename)%00%(upstream:remoteref) refs/heads/main refs/remotes/main [98ms]
2024-10-24 00:03:38.914 [info] > git diff --name-status -z --diff-filter=ADMR e1e77a5d6e3e118f3b9f9f8df8d142b727543e8c...refs/remotes/origin/main [98ms]
2024-10-24 00:03:38.937 [info] > git check-ignore -v -z --stdin [12ms]
2024-10-24 00:03:38.937 [info] > git rev-parse --show-toplevel [23ms]
2024-10-24 00:03:38.960 [info] > git status -z -uall [7ms]
2024-10-24 00:03:38.961 [info] > git rev-parse --show-toplevel [16ms]
2024-10-24 00:03:38.961 [info] [Model][doInitialScan] Initial repository scan completed - repositories (1), closed repositories (0), parent repositories (0), unsafe repositories (0)
2024-10-24 00:03:38.977 [info] > git show --textconv :flex/04-flex-information/style.css [9ms]
2024-10-24 00:03:38.978 [info] > git for-each-ref --sort -committerdate --format %(refname) %(objectname) %(*objectname) [19ms]
2024-10-24 00:03:39.010 [info] > git ls-files --stage -- /home/bobbeh/codes/css-exercises/flex/04-flex-information/style.css [35ms]
2024-10-24 00:03:39.032 [info] > git cat-file -s 80c00fd4bd5bdee3457dae266e588fe3a011fff5 [16ms]
2024-10-24 00:03:39.602 [info] > git show --textconv :flex/04-flex-information/index.html [6ms]
2024-10-24 00:03:39.603 [info] > git ls-files --stage -- /home/bobbeh/codes/css-exercises/flex/04-flex-information/index.html [1ms]
2024-10-24 00:03:39.610 [info] > git cat-file -s 3cc3efd262ae045e8d73de6269f05ffabb8ea4ee [1ms]
2024-10-24 00:03:39.666 [info] > git fetch [1276ms]
2024-10-24 00:03:39.680 [info] > git config --get commit.template [7ms]
2024-10-24 00:03:39.681 [info] > git for-each-ref --format=%(refname)%00%(upstream:short)%00%(objectname)%00%(upstream:track)%00%(upstream:remotename)%00%(upstream:remoteref) refs/heads/main refs/remotes/main [2ms]
2024-10-24 00:03:39.693 [info] > git status -z -uall [6ms]
2024-10-24 00:03:39.694 [info] > git for-each-ref --sort -committerdate --format %(refname) %(objectname) %(*objectname) [2ms]
2024-10-24 00:03:40.763 [info] > git ls-files --stage -- /home/bobbeh/codes/css-exercises/flex/04-flex-information/index.html [1ms]
2024-10-24 00:03:40.769 [info] > git cat-file -s 3cc3efd262ae045e8d73de6269f05ffabb8ea4ee [1ms]
2024-10-24 00:03:40.777 [info] > git show --textconv :flex/04-flex-information/index.html [1ms]
2024-10-24 00:03:59.506 [info] > git show --textconv :flex/04-flex-information/style.css [7ms]
2024-10-24 00:03:59.507 [info] > git ls-files --stage -- /home/bobbeh/codes/css-exercises/flex/04-flex-information/style.css [1ms]
2024-10-24 00:03:59.515 [info] > git cat-file -s 80c00fd4bd5bdee3457dae266e588fe3a011fff5 [2ms]
2024-10-24 00:06:40.893 [info] > git ls-files --stage -- /home/bobbeh/codes/css-exercises/flex/04-flex-information/style.css [1ms]
2024-10-24 00:06:40.900 [info] > git cat-file -s 80c00fd4bd5bdee3457dae266e588fe3a011fff5 [1ms]
2024-10-24 00:06:40.909 [info] > git show --textconv :flex/04-flex-information/style.css [1ms]
2024-10-24 00:06:40.942 [info] > git fetch [1238ms]
2024-10-24 00:06:40.957 [info] > git config --get commit.template [6ms]
2024-10-24 00:06:40.957 [info] > git for-each-ref --format=%(refname)%00%(upstream:short)%00%(objectname)%00%(upstream:track)%00%(upstream:remotename)%00%(upstream:remoteref) refs/heads/main refs/remotes/main [1ms]
2024-10-24 00:06:40.970 [info] > git status -z -uall [7ms]
2024-10-24 00:06:40.971 [info] > git for-each-ref --sort -committerdate --format %(refname) %(objectname) %(*objectname) [1ms]
2024-10-24 00:06:42.054 [info] > git ls-files --stage -- /home/bobbeh/codes/css-exercises/flex/04-flex-information/style.css [2ms]
2024-10-24 00:06:42.062 [info] > git cat-file -s 80c00fd4bd5bdee3457dae266e588fe3a011fff5 [2ms]
2024-10-24 00:06:42.072 [info] > git show --textconv :flex/04-flex-information/style.css [2ms]
2024-10-24 00:06:48.594 [info] > git show --textconv :flex/04-flex-information/style.css [6ms]
2024-10-24 00:06:48.595 [info] > git ls-files --stage -- /home/bobbeh/codes/css-exercises/flex/04-flex-information/style.css [1ms]
2024-10-24 00:06:48.602 [info] > git cat-file -s 80c00fd4bd5bdee3457dae266e588fe3a011fff5 [1ms]
2024-10-24 00:07:23.431 [info] > git show --textconv :flex/04-flex-information/index.html [8ms]
2024-10-24 00:07:23.432 [info] > git ls-files --stage -- /home/bobbeh/codes/css-exercises/flex/04-flex-information/index.html [2ms]
2024-10-24 00:07:23.440 [info] > git cat-file -s 3cc3efd262ae045e8d73de6269f05ffabb8ea4ee [1ms]
2024-10-24 00:07:38.920 [info] > git config --get commit.template [8ms]
2024-10-24 00:07:38.920 [info] > git for-each-ref --format=%(refname)%00%(upstream:short)%00%(objectname)%00%(upstream:track)%00%(upstream:remotename)%00%(upstream:remoteref) refs/heads/main refs/remotes/main [1ms]
2024-10-24 00:07:38.935 [info] > git status -z -uall [8ms]
2024-10-24 00:07:38.935 [info] > git for-each-ref --sort -committerdate --format %(refname) %(objectname) %(*objectname) [1ms]
2024-10-24 00:07:39.481 [info] > git show --textconv :flex/04-flex-information/style.css [7ms]
2024-10-24 00:07:39.482 [info] > git ls-files --stage -- /home/bobbeh/codes/css-exercises/flex/04-flex-information/style.css [2ms]
2024-10-24 00:07:39.490 [info] > git cat-file -s 80c00fd4bd5bdee3457dae266e588fe3a011fff5 [2ms]
2024-10-24 00:07:44.606 [info] > git show --textconv :flex/04-flex-information/index.html [7ms]
2024-10-24 00:07:44.607 [info] > git ls-files --stage -- /home/bobbeh/codes/css-exercises/flex/04-flex-information/index.html [2ms]
2024-10-24 00:07:44.614 [info] > git cat-file -s 3cc3efd262ae045e8d73de6269f05ffabb8ea4ee [1ms]
2024-10-24 00:07:45.460 [info] > git config --get commit.template [8ms]
2024-10-24 00:07:45.461 [info] > git for-each-ref --format=%(refname)%00%(upstream:short)%00%(objectname)%00%(upstream:track)%00%(upstream:remotename)%00%(upstream:remoteref) refs/heads/main refs/remotes/main [1ms]
2024-10-24 00:07:45.477 [info] > git status -z -uall [8ms]
2024-10-24 00:07:45.478 [info] > git for-each-ref --sort -committerdate --format %(refname) %(objectname) %(*objectname) [2ms]
2024-10-24 00:07:47.720 [info] > git show --textconv :flex/04-flex-information/index.html [7ms]
2024-10-24 00:07:47.721 [info] > git ls-files --stage -- /home/bobbeh/codes/css-exercises/flex/04-flex-information/index.html [2ms]
2024-10-24 00:07:47.728 [info] > git cat-file -s 3cc3efd262ae045e8d73de6269f05ffabb8ea4ee [1ms]
2024-10-24 00:09:42.170 [info] > git ls-files --stage -- /home/bobbeh/codes/css-exercises/flex/04-flex-information/index.html [1ms]
2024-10-24 00:09:42.178 [info] > git cat-file -s 3cc3efd262ae045e8d73de6269f05ffabb8ea4ee [2ms]
2024-10-24 00:09:42.186 [info] > git fetch [1205ms]
2024-10-24 00:09:42.194 [info] > git show --textconv :flex/04-flex-information/index.html [8ms]
2024-10-24 00:09:42.194 [info] > git config --get commit.template [1ms]
2024-10-24 00:09:42.203 [info] > git for-each-ref --format=%(refname)%00%(upstream:short)%00%(objectname)%00%(upstream:track)%00%(upstream:remotename)%00%(upstream:remoteref) refs/heads/main refs/remotes/main [2ms]
2024-10-24 00:09:42.217 [info] > git status -z -uall [7ms]
2024-10-24 00:09:42.218 [info] > git for-each-ref --sort -committerdate --format %(refname) %(objectname) %(*objectname) [2ms]
2024-10-24 00:09:43.287 [info] > git ls-files --stage -- /home/bobbeh/codes/css-exercises/flex/04-flex-information/index.html [1ms]
2024-10-24 00:09:43.294 [info] > git cat-file -s 3cc3efd262ae045e8d73de6269f05ffabb8ea4ee [1ms]
2024-10-24 00:09:43.303 [info] > git show --textconv :flex/04-flex-information/index.html [2ms]
2024-10-24 00:10:22.404 [info] > git config --get commit.template [2ms]
2024-10-24 00:10:22.414 [info] > git for-each-ref --format=%(refname)%00%(upstream:short)%00%(objectname)%00%(upstream:track)%00%(upstream:remotename)%00%(upstream:remoteref) refs/heads/main refs/remotes/main [2ms]
2024-10-24 00:10:22.434 [info] > git status -z -uall [11ms]
2024-10-24 00:10:22.434 [info] > git for-each-ref --sort -committerdate --format %(refname) %(objectname) %(*objectname) [1ms]
2024-10-24 00:10:23.428 [info] > git check-ignore -v -z --stdin [1ms]
2024-10-24 00:10:26.334 [info] > git show --textconv :flex/04-flex-information/style.css [7ms]
2024-10-24 00:10:26.335 [info] > git ls-files --stage -- /home/bobbeh/codes/css-exercises/flex/04-flex-information/style.css [1ms]
2024-10-24 00:10:26.342 [info] > git cat-file -s 80c00fd4bd5bdee3457dae266e588fe3a011fff5 [1ms]
2024-10-24 00:10:35.081 [info] > git show --textconv :flex/04-flex-information/README.md [14ms]
2024-10-24 00:10:35.082 [info] > git ls-files --stage -- /home/bobbeh/codes/css-exercises/flex/04-flex-information/README.md [2ms]
2024-10-24 00:10:35.091 [info] > git cat-file -s f035b6308c3b934451e44783fe4af39903135a66 [1ms]
2024-10-24 00:10:36.292 [info] > git show --textconv :flex/04-flex-information/index.html [7ms]
2024-10-24 00:10:36.293 [info] > git ls-files --stage -- /home/bobbeh/codes/css-exercises/flex/04-flex-information/index.html [2ms]
2024-10-24 00:10:36.300 [info] > git cat-file -s 3cc3efd262ae045e8d73de6269f05ffabb8ea4ee [2ms]
2024-10-24 00:10:45.620 [info] > git config --get commit.template [7ms]
2024-10-24 00:10:45.620 [info] > git for-each-ref --format=%(refname)%00%(upstream:short)%00%(objectname)%00%(upstream:track)%00%(upstream:remotename)%00%(upstream:remoteref) refs/heads/main refs/remotes/main [1ms]
2024-10-24 00:10:45.636 [info] > git status -z -uall [9ms]
2024-10-24 00:10:45.636 [info] > git for-each-ref --sort -committerdate --format %(refname) %(objectname) %(*objectname) [2ms]
2024-10-24 00:11:05.298 [info] > git show --textconv :flex/04-flex-information/style.css [7ms]
2024-10-24 00:11:05.299 [info] > git ls-files --stage -- /home/bobbeh/codes/css-exercises/flex/04-flex-information/style.css [1ms]
2024-10-24 00:11:05.306 [info] > git cat-file -s 80c00fd4bd5bdee3457dae266e588fe3a011fff5 [1ms]
2024-10-24 00:11:21.309 [info] > git config --get commit.template [1ms]
2024-10-24 00:11:21.318 [info] > git for-each-ref --format=%(refname)%00%(upstream:short)%00%(objectname)%00%(upstream:track)%00%(upstream:remotename)%00%(upstream:remoteref) refs/heads/main refs/remotes/main [1ms]
2024-10-24 00:11:21.334 [info] > git status -z -uall [8ms]
2024-10-24 00:11:21.335 [info] > git for-each-ref --sort -committerdate --format %(refname) %(objectname) %(*objectname) [1ms]
2024-10-24 00:12:35.536 [info] > git config --get commit.template [10ms]
2024-10-24 00:12:35.536 [info] > git for-each-ref --format=%(refname)%00%(upstream:short)%00%(objectname)%00%(upstream:track)%00%(upstream:remotename)%00%(upstream:remoteref) refs/heads/main refs/remotes/main [1ms]
2024-10-24 00:12:35.554 [info] > git status -z -uall [9ms]
2024-10-24 00:12:35.556 [info] > git for-each-ref --sort -committerdate --format %(refname) %(objectname) %(*objectname) [3ms]
2024-10-24 00:12:43.429 [info] > git ls-files --stage -- /home/bobbeh/codes/css-exercises/flex/04-flex-information/style.css [1ms]
2024-10-24 00:12:43.437 [info] > git cat-file -s 80c00fd4bd5bdee3457dae266e588fe3a011fff5 [2ms]
2024-10-24 00:12:43.446 [info] > git show --textconv :flex/04-flex-information/style.css [2ms]
2024-10-24 00:12:43.554 [info] > git fetch [1313ms]
2024-10-24 00:12:43.567 [info] > git config --get commit.template [6ms]
2024-10-24 00:12:43.568 [info] > git for-each-ref --format=%(refname)%00%(upstream:short)%00%(objectname)%00%(upstream:track)%00%(upstream:remotename)%00%(upstream:remoteref) refs/heads/main refs/remotes/main [1ms]
2024-10-24 00:12:43.582 [info] > git status -z -uall [7ms]
2024-10-24 00:12:43.583 [info] > git for-each-ref --sort -committerdate --format %(refname) %(objectname) %(*objectname) [1ms]
2024-10-24 00:12:44.651 [info] > git ls-files --stage -- /home/bobbeh/codes/css-exercises/flex/04-flex-information/style.css [1ms]
2024-10-24 00:12:44.658 [info] > git cat-file -s 80c00fd4bd5bdee3457dae266e588fe3a011fff5 [2ms]
2024-10-24 00:12:44.666 [info] > git show --textconv :flex/04-flex-information/style.css [1ms]
2024-10-24 00:12:49.074 [info] > git config --get commit.template [11ms]
2024-10-24 00:12:49.075 [info] > git for-each-ref --format=%(refname)%00%(upstream:short)%00%(objectname)%00%(upstream:track)%00%(upstream:remotename)%00%(upstream:remoteref) refs/heads/main refs/remotes/main [2ms]
2024-10-24 00:12:49.098 [info] > git status -z -uall [13ms]
2024-10-24 00:12:49.098 [info] > git for-each-ref --sort -committerdate --format %(refname) %(objectname) %(*objectname) [2ms]
2024-10-24 00:13:14.699 [info] > git config --get commit.template [8ms]
2024-10-24 00:13:14.700 [info] > git for-each-ref --format=%(refname)%00%(upstream:short)%00%(objectname)%00%(upstream:track)%00%(upstream:remotename)%00%(upstream:remoteref) refs/heads/main refs/remotes/main [1ms]
2024-10-24 00:13:14.714 [info] > git status -z -uall [8ms]
2024-10-24 00:13:14.715 [info] > git for-each-ref --sort -committerdate --format %(refname) %(objectname) %(*objectname) [2ms]
2024-10-24 00:14:02.425 [info] > git config --get commit.template [8ms]
2024-10-24 00:14:02.426 [info] > git for-each-ref --format=%(refname)%00%(upstream:short)%00%(objectname)%00%(upstream:track)%00%(upstream:remotename)%00%(upstream:remoteref) refs/heads/main refs/remotes/main [1ms]
2024-10-24 00:14:02.442 [info] > git status -z -uall [8ms]
2024-10-24 00:14:02.443 [info] > git for-each-ref --sort -committerdate --format %(refname) %(objectname) %(*objectname) [2ms]
2024-10-24 00:14:28.702 [info] > git config --get commit.template [2ms]
2024-10-24 00:14:28.715 [info] > git for-each-ref --format=%(refname)%00%(upstream:short)%00%(objectname)%00%(upstream:track)%00%(upstream:remotename)%00%(upstream:remoteref) refs/heads/main refs/remotes/main [2ms]
2024-10-24 00:14:28.738 [info] > git status -z -uall [11ms]
2024-10-24 00:14:28.739 [info] > git for-each-ref --sort -committerdate --format %(refname) %(objectname) %(*objectname) [2ms]
2024-10-24 00:14:43.032 [info] > git show --textconv :flex/04-flex-information/README.md [7ms]
2024-10-24 00:14:43.033 [info] > git ls-files --stage -- /home/bobbeh/codes/css-exercises/flex/04-flex-information/README.md [2ms]
2024-10-24 00:14:43.041 [info] > git cat-file -s f035b6308c3b934451e44783fe4af39903135a66 [2ms]
2024-10-24 00:15:00.067 [info] > git show --textconv :flex/04-flex-information/style.css [6ms]
2024-10-24 00:15:00.068 [info] > git ls-files --stage -- /home/bobbeh/codes/css-exercises/flex/04-flex-information/style.css [1ms]
2024-10-24 00:15:00.075 [info] > git cat-file -s 80c00fd4bd5bdee3457dae266e588fe3a011fff5 [1ms]
2024-10-24 00:15:37.196 [info] > git config --get commit.template [8ms]
2024-10-24 00:15:37.197 [info] > git for-each-ref --format=%(refname)%00%(upstream:short)%00%(objectname)%00%(upstream:track)%00%(upstream:remotename)%00%(upstream:remoteref) refs/heads/main refs/remotes/main [2ms]
2024-10-24 00:15:37.213 [info] > git status -z -uall [8ms]
2024-10-24 00:15:37.214 [info] > git for-each-ref --sort -committerdate --format %(refname) %(objectname) %(*objectname) [2ms]
2024-10-24 00:15:44.882 [info] > git fetch [1291ms]
2024-10-24 00:15:44.890 [info] > git config --get commit.template [1ms]
2024-10-24 00:15:44.897 [info] > git for-each-ref --format=%(refname)%00%(upstream:short)%00%(objectname)%00%(upstream:track)%00%(upstream:remotename)%00%(upstream:remoteref) refs/heads/main refs/remotes/main [1ms]
2024-10-24 00:15:44.910 [info] > git status -z -uall [7ms]
2024-10-24 00:15:44.911 [info] > git for-each-ref --sort -committerdate --format %(refname) %(objectname) %(*objectname) [2ms]
2024-10-24 00:16:02.016 [info] > git show --textconv :flex/04-flex-information/README.md [7ms]
2024-10-24 00:16:02.016 [info] > git ls-files --stage -- /home/bobbeh/codes/css-exercises/flex/04-flex-information/README.md [1ms]
2024-10-24 00:16:02.024 [info] > git cat-file -s f035b6308c3b934451e44783fe4af39903135a66 [2ms]
2024-10-24 00:16:05.322 [info] > git show --textconv :flex/04-flex-information/style.css [7ms]
2024-10-24 00:16:05.323 [info] > git ls-files --stage -- /home/bobbeh/codes/css-exercises/flex/04-flex-information/style.css [1ms]
2024-10-24 00:16:05.330 [info] > git cat-file -s 80c00fd4bd5bdee3457dae266e588fe3a011fff5 [1ms]
2024-10-24 00:16:12.317 [info] > git config --get commit.template [8ms]
2024-10-24 00:16:12.317 [info] > git for-each-ref --format=%(refname)%00%(upstream:short)%00%(objectname)%00%(upstream:track)%00%(upstream:remotename)%00%(upstream:remoteref) refs/heads/main refs/remotes/main [1ms]
2024-10-24 00:16:12.332 [info] > git status -z -uall [8ms]
2024-10-24 00:16:12.333 [info] > git for-each-ref --sort -committerdate --format %(refname) %(objectname) %(*objectname) [2ms]
2024-10-24 00:16:25.876 [info] > git config --get commit.template [7ms]
2024-10-24 00:16:25.876 [info] > git for-each-ref --format=%(refname)%00%(upstream:short)%00%(objectname)%00%(upstream:track)%00%(upstream:remotename)%00%(upstream:remoteref) refs/heads/main refs/remotes/main [1ms]
2024-10-24 00:16:25.891 [info] > git status -z -uall [7ms]
2024-10-24 00:16:25.892 [info] > git for-each-ref --sort -committerdate --format %(refname) %(objectname) %(*objectname) [1ms]
2024-10-24 00:16:31.808 [info] > git show --textconv :flex/04-flex-information/README.md [7ms]
2024-10-24 00:16:31.809 [info] > git ls-files --stage -- /home/bobbeh/codes/css-exercises/flex/04-flex-information/README.md [1ms]
2024-10-24 00:16:31.816 [info] > git cat-file -s f035b6308c3b934451e44783fe4af39903135a66 [1ms]
2024-10-24 00:16:34.470 [info] > git show --textconv :flex/04-flex-information/style.css [7ms]
2024-10-24 00:16:34.471 [info] > git ls-files --stage -- /home/bobbeh/codes/css-exercises/flex/04-flex-information/style.css [1ms]
2024-10-24 00:16:34.478 [info] > git cat-file -s 80c00fd4bd5bdee3457dae266e588fe3a011fff5 [1ms]
2024-10-24 00:16:53.717 [info] > git config --get commit.template [10ms]
2024-10-24 00:16:53.717 [info] > git for-each-ref --format=%(refname)%00%(upstream:short)%00%(objectname)%00%(upstream:track)%00%(upstream:remotename)%00%(upstream:remoteref) refs/heads/main refs/remotes/main [1ms]
2024-10-24 00:16:53.736 [info] > git status -z -uall [11ms]
2024-10-24 00:16:53.736 [info] > git for-each-ref --sort -committerdate --format %(refname) %(objectname) %(*objectname) [2ms]
2024-10-24 00:17:09.685 [info] > git config --get commit.template [7ms]
2024-10-24 00:17:09.685 [info] > git for-each-ref --format=%(refname)%00%(upstream:short)%00%(objectname)%00%(upstream:track)%00%(upstream:remotename)%00%(upstream:remoteref) refs/heads/main refs/remotes/main [1ms]
2024-10-24 00:17:09.701 [info] > git status -z -uall [8ms]
2024-10-24 00:17:09.702 [info] > git for-each-ref --sort -committerdate --format %(refname) %(objectname) %(*objectname) [2ms]
2024-10-24 00:17:25.161 [info] > git show --textconv :flex/04-flex-information/README.md [8ms]
2024-10-24 00:17:25.162 [info] > git ls-files --stage -- /home/bobbeh/codes/css-exercises/flex/04-flex-information/README.md [2ms]
2024-10-24 00:17:25.170 [info] > git cat-file -s f035b6308c3b934451e44783fe4af39903135a66 [2ms]
2024-10-24 00:18:07.560 [info] > git show --textconv :flex/04-flex-information/style.css [8ms]
2024-10-24 00:18:07.560 [info] > git ls-files --stage -- /home/bobbeh/codes/css-exercises/flex/04-flex-information/style.css [1ms]
2024-10-24 00:18:07.568 [info] > git cat-file -s 80c00fd4bd5bdee3457dae266e588fe3a011fff5 [1ms]
2024-10-24 00:18:19.646 [info] > git config --get commit.template [2ms]
2024-10-24 00:18:19.655 [info] > git for-each-ref --format=%(refname)%00%(upstream:short)%00%(objectname)%00%(upstream:track)%00%(upstream:remotename)%00%(upstream:remoteref) refs/heads/main refs/remotes/main [1ms]
2024-10-24 00:18:19.670 [info] > git status -z -uall [8ms]
2024-10-24 00:18:19.671 [info] > git for-each-ref --sort -committerdate --format %(refname) %(objectname) %(*objectname) [1ms]
2024-10-24 00:19:07.765 [info] > git fetch [1209ms]
2024-10-24 00:19:07.780 [info] > git config --get commit.template [7ms]
2024-10-24 00:19:07.781 [info] > git for-each-ref --format=%(refname)%00%(upstream:short)%00%(objectname)%00%(upstream:track)%00%(upstream:remotename)%00%(upstream:remoteref) refs/heads/main refs/remotes/main [1ms]
2024-10-24 00:19:07.797 [info] > git status -z -uall [8ms]
2024-10-24 00:19:07.798 [info] > git for-each-ref --sort -committerdate --format %(refname) %(objectname) %(*objectname) [2ms]
2024-10-24 00:19:25.060 [info] > git ls-files --stage -- /home/bobbeh/codes/css-exercises/flex/04-flex-information/style.css [1ms]
2024-10-24 00:19:25.069 [info] > git cat-file -s 80c00fd4bd5bdee3457dae266e588fe3a011fff5 [1ms]
2024-10-24 00:19:25.087 [info] > git show --textconv :flex/04-flex-information/style.css [2ms]
2024-10-24 00:19:26.508 [info] > git show --textconv :flex/04-flex-information/README.md [7ms]
2024-10-24 00:19:26.508 [info] > git ls-files --stage -- /home/bobbeh/codes/css-exercises/flex/04-flex-information/README.md [1ms]
2024-10-24 00:19:26.516 [info] > git cat-file -s f035b6308c3b934451e44783fe4af39903135a66 [1ms]
2024-10-24 00:19:36.072 [info] > git show --textconv :flex/04-flex-information/style.css [8ms]
2024-10-24 00:19:36.073 [info] > git ls-files --stage -- /home/bobbeh/codes/css-exercises/flex/04-flex-information/style.css [2ms]
2024-10-24 00:19:36.080 [info] > git cat-file -s 80c00fd4bd5bdee3457dae266e588fe3a011fff5 [1ms]
2024-10-24 00:19:55.240 [info] > git config --get commit.template [8ms]
2024-10-24 00:19:55.241 [info] > git for-each-ref --format=%(refname)%00%(upstream:short)%00%(objectname)%00%(upstream:track)%00%(upstream:remotename)%00%(upstream:remoteref) refs/heads/main refs/remotes/main [2ms]
2024-10-24 00:19:55.255 [info] > git status -z -uall [8ms]
2024-10-24 00:19:55.256 [info] > git for-each-ref --sort -committerdate --format %(refname) %(objectname) %(*objectname) [2ms]
2024-10-24 00:20:19.194 [info] > git config --get commit.template [8ms]
2024-10-24 00:20:19.195 [info] > git for-each-ref --format=%(refname)%00%(upstream:short)%00%(objectname)%00%(upstream:track)%00%(upstream:remotename)%00%(upstream:remoteref) refs/heads/main refs/remotes/main [1ms]
2024-10-24 00:20:19.212 [info] > git status -z -uall [9ms]
2024-10-24 00:20:19.213 [info] > git for-each-ref --sort -committerdate --format %(refname) %(objectname) %(*objectname) [2ms]
2024-10-24 00:20:38.426 [info] > git check-ignore -v -z --stdin [1ms]
2024-10-24 00:20:39.601 [info] > git show --textconv :flex/04-flex-information/solution/solution.css [8ms]
2024-10-24 00:20:39.602 [info] > git ls-files --stage -- /home/bobbeh/codes/css-exercises/flex/04-flex-information/solution/solution.css [3ms]
2024-10-24 00:20:39.609 [info] > git cat-file -s 2e53bb8e3c5f36c1738a34f7bc10044c128bcd84 [1ms]
2024-10-24 00:21:00.689 [info] > git show --textconv :flex/04-flex-information/solution/solution.html [10ms]
2024-10-24 00:21:00.690 [info] > git ls-files --stage -- /home/bobbeh/codes/css-exercises/flex/04-flex-information/solution/solution.html [1ms]
2024-10-24 00:21:00.700 [info] > git cat-file -s a9c70eb375d8574e2b8c15e63ab6d2b9ffb18e72 [3ms]
2024-10-24 00:21:29.430 [info] > git show --textconv :flex/04-flex-information/solution/solution.css [7ms]
2024-10-24 00:21:29.431 [info] > git ls-files --stage -- /home/bobbeh/codes/css-exercises/flex/04-flex-information/solution/solution.css [1ms]
2024-10-24 00:21:29.439 [info] > git cat-file -s 2e53bb8e3c5f36c1738a34f7bc10044c128bcd84 [2ms]
2024-10-24 00:21:35.933 [info] > git show --textconv :flex/04-flex-information/style.css [7ms]
2024-10-24 00:21:35.934 [info] > git ls-files --stage -- /home/bobbeh/codes/css-exercises/flex/04-flex-information/style.css [1ms]
2024-10-24 00:21:35.941 [info] > git cat-file -s 80c00fd4bd5bdee3457dae266e588fe3a011fff5 [1ms]
2024-10-24 00:21:42.825 [info] > git show --textconv :flex/04-flex-information/index.html [8ms]
2024-10-24 00:21:42.827 [info] > git ls-files --stage -- /home/bobbeh/codes/css-exercises/flex/04-flex-information/index.html [2ms]
2024-10-24 00:21:42.837 [info] > git cat-file -s 3cc3efd262ae045e8d73de6269f05ffabb8ea4ee [2ms]
2024-10-24 00:21:45.025 [info] > git show --textconv :flex/04-flex-information/style.css [8ms]
2024-10-24 00:21:45.026 [info] > git ls-files --stage -- /home/bobbeh/codes/css-exercises/flex/04-flex-information/style.css [2ms]
2024-10-24 00:21:45.033 [info] > git cat-file -s 80c00fd4bd5bdee3457dae266e588fe3a011fff5 [1ms]
2024-10-24 00:21:49.681 [info] > git show --textconv :flex/04-flex-information/solution/solution.css [7ms]
2024-10-24 00:21:49.682 [info] > git ls-files --stage -- /home/bobbeh/codes/css-exercises/flex/04-flex-information/solution/solution.css [2ms]
2024-10-24 00:21:49.689 [info] > git cat-file -s 2e53bb8e3c5f36c1738a34f7bc10044c128bcd84 [1ms]
2024-10-24 00:21:56.250 [info] > git show --textconv :flex/04-flex-information/style.css [7ms]
2024-10-24 00:21:56.251 [info] > git ls-files --stage -- /home/bobbeh/codes/css-exercises/flex/04-flex-information/style.css [1ms]
2024-10-24 00:21:56.259 [info] > git cat-file -s 80c00fd4bd5bdee3457dae266e588fe3a011fff5 [1ms]
2024-10-24 00:22:02.523 [info] > git show --textconv :flex/04-flex-information/solution/solution.css [7ms]
2024-10-24 00:22:02.523 [info] > git ls-files --stage -- /home/bobbeh/codes/css-exercises/flex/04-flex-information/solution/solution.css [1ms]
2024-10-24 00:22:02.531 [info] > git cat-file -s 2e53bb8e3c5f36c1738a34f7bc10044c128bcd84 [2ms]
2024-10-24 00:22:08.999 [info] > git ls-files --stage -- /home/bobbeh/codes/css-exercises/flex/04-flex-information/solution/solution.css [1ms]
2024-10-24 00:22:09.006 [info] > git cat-file -s 2e53bb8e3c5f36c1738a34f7bc10044c128bcd84 [1ms]
2024-10-24 00:22:09.015 [info] > git show --textconv :flex/04-flex-information/solution/solution.css [1ms]
2024-10-24 00:22:09.034 [info] > git fetch [1224ms]
2024-10-24 00:22:09.047 [info] > git config --get commit.template [6ms]
2024-10-24 00:22:09.048 [info] > git for-each-ref --format=%(refname)%00%(upstream:short)%00%(objectname)%00%(upstream:track)%00%(upstream:remotename)%00%(upstream:remoteref) refs/heads/main refs/remotes/main [1ms]
2024-10-24 00:22:09.062 [info] > git status -z -uall [7ms]
2024-10-24 00:22:09.063 [info] > git for-each-ref --sort -committerdate --format %(refname) %(objectname) %(*objectname) [2ms]
2024-10-24 00:22:10.134 [info] > git ls-files --stage -- /home/bobbeh/codes/css-exercises/flex/04-flex-information/solution/solution.css [1ms]
2024-10-24 00:22:10.141 [info] > git cat-file -s 2e53bb8e3c5f36c1738a34f7bc10044c128bcd84 [1ms]
2024-10-24 00:22:10.150 [info] > git show --textconv :flex/04-flex-information/solution/solution.css [1ms]
2024-10-24 00:22:14.859 [info] > git show --textconv :flex/04-flex-information/style.css [7ms]
2024-10-24 00:22:14.860 [info] > git ls-files --stage -- /home/bobbeh/codes/css-exercises/flex/04-flex-information/style.css [1ms]
2024-10-24 00:22:14.868 [info] > git cat-file -s 80c00fd4bd5bdee3457dae266e588fe3a011fff5 [2ms]
2024-10-24 00:22:26.237 [info] > git config --get commit.template [8ms]
2024-10-24 00:22:26.237 [info] > git for-each-ref --format=%(refname)%00%(upstream:short)%00%(objectname)%00%(upstream:track)%00%(upstream:remotename)%00%(upstream:remoteref) refs/heads/main refs/remotes/main [1ms]
2024-10-24 00:22:26.252 [info] > git status -z -uall [7ms]
2024-10-24 00:22:26.253 [info] > git for-each-ref --sort -committerdate --format %(refname) %(objectname) %(*objectname) [2ms]
2024-10-24 00:22:40.230 [info] > git show --textconv :flex/04-flex-information/solution/solution.css [7ms]
2024-10-24 00:22:40.231 [info] > git ls-files --stage -- /home/bobbeh/codes/css-exercises/flex/04-flex-information/solution/solution.css [1ms]
2024-10-24 00:22:40.238 [info] > git cat-file -s 2e53bb8e3c5f36c1738a34f7bc10044c128bcd84 [1ms]
2024-10-24 00:22:43.709 [info] > git show --textconv :flex/04-flex-information/style.css [7ms]
2024-10-24 00:22:43.710 [info] > git ls-files --stage -- /home/bobbeh/codes/css-exercises/flex/04-flex-information/style.css [2ms]
2024-10-24 00:22:43.717 [info] > git cat-file -s 80c00fd4bd5bdee3457dae266e588fe3a011fff5 [2ms]
2024-10-24 00:22:53.077 [info] > git show --textconv :flex/04-flex-information/solution/solution.css [7ms]
2024-10-24 00:22:53.078 [info] > git ls-files --stage -- /home/bobbeh/codes/css-exercises/flex/04-flex-information/solution/solution.css [1ms]
2024-10-24 00:22:53.086 [info] > git cat-file -s 2e53bb8e3c5f36c1738a34f7bc10044c128bcd84 [1ms]
2024-10-24 00:23:12.862 [info] > git show --textconv :flex/04-flex-information/style.css [7ms]
2024-10-24 00:23:12.863 [info] > git ls-files --stage -- /home/bobbeh/codes/css-exercises/flex/04-flex-information/style.css [1ms]
2024-10-24 00:23:12.870 [info] > git cat-file -s 80c00fd4bd5bdee3457dae266e588fe3a011fff5 [1ms]
2024-10-24 00:23:15.096 [info] > git show --textconv :flex/04-flex-information/index.html [7ms]
2024-10-24 00:23:15.097 [info] > git ls-files --stage -- /home/bobbeh/codes/css-exercises/flex/04-flex-information/index.html [1ms]
2024-10-24 00:23:15.104 [info] > git cat-file -s 3cc3efd262ae045e8d73de6269f05ffabb8ea4ee [1ms]
2024-10-24 00:23:20.401 [info] > git show --textconv :flex/04-flex-information/solution/solution.html [9ms]
2024-10-24 00:23:20.402 [info] > git ls-files --stage -- /home/bobbeh/codes/css-exercises/flex/04-flex-information/solution/solution.html [2ms]
2024-10-24 00:23:20.410 [info] > git cat-file -s a9c70eb375d8574e2b8c15e63ab6d2b9ffb18e72 [1ms]
2024-10-24 00:23:31.565 [info] > git show --textconv :flex/04-flex-information/style.css [8ms]
2024-10-24 00:23:31.565 [info] > git ls-files --stage -- /home/bobbeh/codes/css-exercises/flex/04-flex-information/style.css [1ms]
2024-10-24 00:23:31.573 [info] > git cat-file -s 80c00fd4bd5bdee3457dae266e588fe3a011fff5 [1ms]
2024-10-24 00:23:45.392 [info] > git show --textconv :flex/04-flex-information/solution/solution.css [7ms]
2024-10-24 00:23:45.392 [info] > git ls-files --stage -- /home/bobbeh/codes/css-exercises/flex/04-flex-information/solution/solution.css [1ms]
2024-10-24 00:23:45.400 [info] > git cat-file -s 2e53bb8e3c5f36c1738a34f7bc10044c128bcd84 [2ms]
2024-10-24 00:23:51.038 [info] > git show --textconv :flex/04-flex-information/style.css [8ms]
2024-10-24 00:23:51.039 [info] > git ls-files --stage -- /home/bobbeh/codes/css-exercises/flex/04-flex-information/style.css [1ms]
2024-10-24 00:23:51.047 [info] > git cat-file -s 80c00fd4bd5bdee3457dae266e588fe3a011fff5 [1ms]
2024-10-24 00:23:55.697 [info] > git show --textconv :flex/04-flex-information/solution/solution.css [9ms]
2024-10-24 00:23:55.698 [info] > git ls-files --stage -- /home/bobbeh/codes/css-exercises/flex/04-flex-information/solution/solution.css [1ms]
2024-10-24 00:23:55.706 [info] > git cat-file -s 2e53bb8e3c5f36c1738a34f7bc10044c128bcd84 [2ms]
2024-10-24 00:23:56.527 [info] > git config --get commit.template [8ms]
2024-10-24 00:23:56.527 [info] > git for-each-ref --format=%(refname)%00%(upstream:short)%00%(objectname)%00%(upstream:track)%00%(upstream:remotename)%00%(upstream:remoteref) refs/heads/main refs/remotes/main [1ms]
2024-10-24 00:23:56.543 [info] > git status -z -uall [8ms]
2024-10-24 00:23:56.544 [info] > git for-each-ref --sort -committerdate --format %(refname) %(objectname) %(*objectname) [1ms]
2024-10-24 00:24:02.083 [info] > git show --textconv :flex/04-flex-information/style.css [7ms]
2024-10-24 00:24:02.084 [info] > git ls-files --stage -- /home/bobbeh/codes/css-exercises/flex/04-flex-information/style.css [1ms]
2024-10-24 00:24:02.091 [info] > git cat-file -s 80c00fd4bd5bdee3457dae266e588fe3a011fff5 [1ms]
2024-10-24 00:24:06.888 [info] > git show --textconv :flex/04-flex-information/solution/solution.css [6ms]
2024-10-24 00:24:06.888 [info] > git ls-files --stage -- /home/bobbeh/codes/css-exercises/flex/04-flex-information/solution/solution.css [1ms]
2024-10-24 00:24:06.895 [info] > git cat-file -s 2e53bb8e3c5f36c1738a34f7bc10044c128bcd84 [1ms]
2024-10-24 00:24:10.449 [info] > git show --textconv :flex/04-flex-information/style.css [7ms]
2024-10-24 00:24:10.450 [info] > git ls-files --stage -- /home/bobbeh/codes/css-exercises/flex/04-flex-information/style.css [2ms]
2024-10-24 00:24:10.458 [info] > git cat-file -s 80c00fd4bd5bdee3457dae266e588fe3a011fff5 [1ms]
2024-10-24 00:24:20.388 [info] > git config --get commit.template [7ms]
2024-10-24 00:24:20.389 [info] > git for-each-ref --format=%(refname)%00%(upstream:short)%00%(objectname)%00%(upstream:track)%00%(upstream:remotename)%00%(upstream:remoteref) refs/heads/main refs/remotes/main [1ms]
2024-10-24 00:24:20.405 [info] > git status -z -uall [9ms]
2024-10-24 00:24:20.406 [info] > git for-each-ref --sort -committerdate --format %(refname) %(objectname) %(*objectname) [2ms]
2024-10-24 00:24:46.112 [info] > git config --get commit.template [7ms]
2024-10-24 00:24:46.113 [info] > git for-each-ref --format=%(refname)%00%(upstream:short)%00%(objectname)%00%(upstream:track)%00%(upstream:remotename)%00%(upstream:remoteref) refs/heads/main refs/remotes/main [1ms]
2024-10-24 00:24:46.127 [info] > git status -z -uall [7ms]
2024-10-24 00:24:46.128 [info] > git for-each-ref --sort -committerdate --format %(refname) %(objectname) %(*objectname) [2ms]
2024-10-24 00:25:10.312 [info] > git ls-files --stage -- /home/bobbeh/codes/css-exercises/flex/04-flex-information/style.css [1ms]
2024-10-24 00:25:10.319 [info] > git cat-file -s 80c00fd4bd5bdee3457dae266e588fe3a011fff5 [1ms]
2024-10-24 00:25:10.328 [info] > git show --textconv :flex/04-flex-information/style.css [2ms]
2024-10-24 00:25:10.372 [info] > git fetch [1299ms]
2024-10-24 00:25:10.385 [info] > git config --get commit.template [7ms]
2024-10-24 00:25:10.386 [info] > git for-each-ref --format=%(refname)%00%(upstream:short)%00%(objectname)%00%(upstream:track)%00%(upstream:remotename)%00%(upstream:remoteref) refs/heads/main refs/remotes/main [2ms]
2024-10-24 00:25:10.399 [info] > git status -z -uall [7ms]
2024-10-24 00:25:10.400 [info] > git for-each-ref --sort -committerdate --format %(refname) %(objectname) %(*objectname) [2ms]
2024-10-24 00:25:11.472 [info] > git ls-files --stage -- /home/bobbeh/codes/css-exercises/flex/04-flex-information/style.css [2ms]
2024-10-24 00:25:11.479 [info] > git cat-file -s 80c00fd4bd5bdee3457dae266e588fe3a011fff5 [1ms]
2024-10-24 00:25:11.488 [info] > git show --textconv :flex/04-flex-information/style.css [1ms]
