2024-10-21 00:46:09.482 [info] [main] Log level: Info
2024-10-21 00:46:09.482 [info] [main] Validating found git in: "git"
2024-10-21 00:46:09.482 [info] [main] Using git "2.47.0" from "git"
2024-10-21 00:46:09.482 [info] [Model][doInitialScan] Initial repository scan started
2024-10-21 00:46:09.482 [info] > git rev-parse --show-toplevel [12ms]
2024-10-21 00:46:09.482 [info] > git rev-parse --git-dir --git-common-dir [6ms]
2024-10-21 00:46:09.482 [info] [Model][openRepository] Opened repository: /home/bobbeh/codes/BobbehLandingPage
2024-10-21 00:46:09.483 [info] > git rev-parse --show-toplevel [3ms]
2024-10-21 00:46:09.484 [info] > git config --get commit.template [6ms]
2024-10-21 00:46:09.503 [info] > git for-each-ref --format=%(refname)%00%(upstream:short)%00%(objectname)%00%(upstream:track)%00%(upstream:remotename)%00%(upstream:remoteref) refs/heads/master refs/remotes/master [2ms]
2024-10-21 00:46:09.503 [info] > git rev-parse --show-toplevel [5ms]
2024-10-21 00:46:09.508 [info] > git rev-parse --show-toplevel [1ms]
2024-10-21 00:46:09.522 [info] > git status -z -uall [9ms]
2024-10-21 00:46:09.522 [info] > git for-each-ref --sort -committerdate --format %(refname) %(objectname) %(*objectname) [4ms]
2024-10-21 00:46:09.689 [info] > git for-each-ref --format=%(refname)%00%(upstream:short)%00%(objectname)%00%(upstream:track)%00%(upstream:remotename)%00%(upstream:remoteref) refs/heads/master refs/remotes/master [160ms]
2024-10-21 00:46:09.693 [info] > git rev-parse --show-toplevel [172ms]
2024-10-21 00:46:09.721 [info] > git config --local branch.master.vscode-merge-base [28ms]
2024-10-21 00:46:09.725 [info] > git config --get commit.template [38ms]
2024-10-21 00:46:09.727 [info] > git for-each-ref --format=%(refname)%00%(upstream:short)%00%(objectname)%00%(upstream:track)%00%(upstream:remotename)%00%(upstream:remoteref) refs/heads/origin/master refs/remotes/origin/master [2ms]
2024-10-21 00:46:09.740 [info] > git rev-parse --show-toplevel [20ms]
2024-10-21 00:46:09.750 [info] > git merge-base refs/heads/master refs/remotes/origin/master [18ms]
2024-10-21 00:46:09.755 [info] > git rev-parse --show-toplevel [5ms]
2024-10-21 00:46:09.755 [info] > git for-each-ref --format=%(refname)%00%(upstream:short)%00%(objectname)%00%(upstream:track)%00%(upstream:remotename)%00%(upstream:remoteref) refs/heads/master refs/remotes/master [10ms]
2024-10-21 00:46:09.765 [info] > git diff --name-status -z --diff-filter=ADMR ada8bb29fb92ea59d35d5b1c7d6c632b3ef83796...refs/remotes/origin/master [11ms]
2024-10-21 00:46:09.772 [info] > git rev-parse --show-toplevel [7ms]
2024-10-21 00:46:09.772 [info] [Model][doInitialScan] Initial repository scan completed - repositories (1), closed repositories (0), parent repositories (0), unsafe repositories (0)
2024-10-21 00:46:09.830 [info] > git status -z -uall [53ms]
2024-10-21 00:46:09.830 [info] > git for-each-ref --sort -committerdate --format %(refname) %(objectname) %(*objectname) [49ms]
2024-10-21 00:46:09.942 [info] > git show --textconv :static/styles.css [5ms]
2024-10-21 00:46:09.943 [info] > git ls-files --stage -- /home/bobbeh/codes/BobbehLandingPage/static/styles.css [2ms]
2024-10-21 00:46:09.948 [info] > git cat-file -s e24236706a80fa1df136017b3b3727c2b4b47174 [1ms]
2024-10-21 00:46:10.188 [info] > git check-ignore -v -z --stdin [1ms]
2024-10-21 00:46:10.790 [info] > git fetch [1327ms]
2024-10-21 00:46:10.797 [info] > git config --get commit.template [3ms]
2024-10-21 00:46:10.798 [info] > git for-each-ref --format=%(refname)%00%(upstream:short)%00%(objectname)%00%(upstream:track)%00%(upstream:remotename)%00%(upstream:remoteref) refs/heads/master refs/remotes/master [0ms]
2024-10-21 00:46:10.806 [info] > git for-each-ref --sort -committerdate --format %(refname) %(objectname) %(*objectname) [1ms]
2024-10-21 00:46:10.807 [info] > git status -z -uall [6ms]
2024-10-21 00:46:11.881 [info] > git ls-files --stage -- /home/bobbeh/codes/BobbehLandingPage/static/styles.css [1ms]
2024-10-21 00:46:11.885 [info] > git cat-file -s e24236706a80fa1df136017b3b3727c2b4b47174 [1ms]
2024-10-21 00:46:11.890 [info] > git show --textconv :static/styles.css [1ms]
