2024-10-23 23:57:17.597 [info] Added views:outline in workbench.view.explorer
2024-10-23 23:57:17.598 [info] Added views:workbench.view.search in workbench.view.search
2024-10-23 23:57:17.598 [info] Added views:workbench.scm in workbench.view.scm
2024-10-23 23:57:17.598 [info] Added views:workbench.panel.markers.view in workbench.panel.markers
2024-10-23 23:57:17.598 [info] Added views:workbench.panel.output in workbench.panel.output
2024-10-23 23:57:17.598 [info] Added views:terminal in terminal
2024-10-23 23:57:17.598 [info] Added views:timeline in workbench.view.explorer
2024-10-23 23:57:17.598 [info] Added views:workbench.explorer.fileView in workbench.view.explorer
2024-10-23 23:57:17.737 [info] Added views:workbench.debug.welcome in workbench.view.debug
2024-10-23 23:57:18.803 [info] Added views:workbench.panel.repl.view in workbench.panel.repl
2024-10-23 23:57:19.141 [info] Added views:workbench.views.extensions.installed,extensions.recommendedList in workbench.view.extensions
2024-10-23 23:57:19.179 [info] Added views:~remote.forwardedPorts in ~remote.forwardedPortsContainer
2024-10-23 23:57:19.754 [info] Added views:workbench.scm.history in workbench.view.scm
2024-10-24 00:03:35.539 [info] Removed views:workbench.scm.history from workbench.view.scm
2024-10-24 00:03:36.320 [info] Added views:outline in workbench.view.explorer
2024-10-24 00:03:36.320 [info] Added views:workbench.view.search in workbench.view.search
2024-10-24 00:03:36.320 [info] Added views:workbench.scm in workbench.view.scm
2024-10-24 00:03:36.320 [info] Added views:workbench.panel.markers.view in workbench.panel.markers
2024-10-24 00:03:36.320 [info] Added views:workbench.panel.output in workbench.panel.output
2024-10-24 00:03:36.320 [info] Added views:terminal in terminal
2024-10-24 00:03:36.320 [info] Added views:timeline in workbench.view.explorer
2024-10-24 00:03:36.320 [info] Added views:workbench.explorer.fileView in workbench.view.explorer
2024-10-24 00:03:36.482 [info] Added views:workbench.debug.welcome in workbench.view.debug
2024-10-24 00:03:37.469 [info] Added views:workbench.panel.repl.view in workbench.panel.repl
2024-10-24 00:03:37.988 [info] Added views:~remote.forwardedPorts in ~remote.forwardedPortsContainer
2024-10-24 00:03:38.381 [info] Added views:workbench.scm.history in workbench.view.scm
2024-10-24 00:26:17.732 [info] Removed views:workbench.scm.history from workbench.view.scm
