2024-10-25T10:48:57.619Z 0: 

----------------------------------------------
2024-10-25T10:48:57.628Z 1: Discord starting: {"releaseChannel":"stable","version":"0.0.72"}, modulepath: /home/bobbeh/.config/discord/0.0.72/modules
2024-10-25T10:48:57.631Z 2: ✅ webContents.created web1 ""
2024-10-25T10:48:57.636Z 3: ✅ window.created win1 "discord"
2024-10-25T10:48:58.024Z 4: ✅ webContents.did-finish-load web1
2024-10-25T10:49:03.949Z 5: ✅ webContents.created web2 ""
2024-10-25T10:49:03.952Z 6: ✅ window.created win2 "Discord"
2024-10-25T10:49:05.332Z 7: ✅ webContents.did-finish-load web2
2024-10-25T10:49:05.433Z 8: window.close win1
2024-10-25T10:49:05.440Z 9: webContents.destroyed web1
2024-10-25T10:49:05.441Z 10: window.closed win1
2024-10-25T10:49:08.555Z 11: window.close win2
2024-10-26T04:29:30.327Z 0: 

----------------------------------------------
2024-10-26T04:29:30.339Z 1: Discord starting: {"releaseChannel":"stable","version":"0.0.72"}, modulepath: /home/bobbeh/.config/discord/0.0.72/modules
2024-10-26T04:29:30.343Z 2: ✅ webContents.created web1 ""
2024-10-26T04:29:30.344Z 3: ✅ window.created win1 "discord"
2024-10-26T04:29:31.005Z 4: ✅ webContents.did-finish-load web1
2024-10-26T04:29:31.366Z 5: ✅ webContents.created web2 ""
2024-10-26T04:29:31.369Z 6: ✅ window.created win2 "Discord"
2024-10-26T04:29:34.558Z 7: ✅ webContents.did-finish-load web2
2024-10-26T04:29:34.659Z 8: window.close win1
2024-10-26T04:29:34.740Z 9: webContents.destroyed web1
2024-10-26T04:29:34.741Z 10: window.closed win1
2024-10-26T04:31:31.401Z 11: window.close win2
