2024-10-23 23:57:20.090 [info] Reading sessions from keychain...
2024-10-23 23:57:20.090 [info] Getting sessions for all scopes...
2024-10-23 23:57:20.090 [info] Getting sessions for all scopes...
2024-10-23 23:57:20.090 [info] Got 0 sessions for ...
2024-10-23 23:57:20.090 [info] Got 0 sessions for ...
2024-10-23 23:57:20.090 [info] Getting sessions for all scopes...
2024-10-23 23:57:20.090 [info] Got 0 sessions for ...
2024-10-23 23:57:20.202 [info] Getting sessions for read:user,repo,user:email,workflow...
2024-10-23 23:57:20.202 [info] Got 0 sessions for read:user,repo,user:email,workflow...
2024-10-23 23:57:20.324 [info] Getting sessions for all scopes...
2024-10-23 23:57:20.324 [info] Got 0 sessions for ...
2024-10-24 00:03:38.646 [info] Reading sessions from keychain...
2024-10-24 00:03:38.646 [info] Getting sessions for all scopes...
2024-10-24 00:03:38.646 [info] Getting sessions for all scopes...
2024-10-24 00:03:38.646 [info] Got 0 sessions for ...
2024-10-24 00:03:38.646 [info] Got 0 sessions for ...
2024-10-24 00:03:38.646 [info] Getting sessions for all scopes...
2024-10-24 00:03:38.646 [info] Got 0 sessions for ...
2024-10-24 00:03:38.798 [info] Getting sessions for read:user,repo,user:email,workflow...
2024-10-24 00:03:38.798 [info] Got 0 sessions for read:user,repo,user:email,workflow...
2024-10-24 00:03:38.989 [info] Getting sessions for all scopes...
2024-10-24 00:03:38.989 [info] Got 0 sessions for ...
