2024-10-22 04:17:32.963 [info] [main] Log level: Info
2024-10-22 04:17:32.963 [info] [main] Validating found git in: "git"
2024-10-22 04:17:32.963 [info] [main] Using git "2.47.0" from "git"
2024-10-22 04:17:32.963 [info] [Model][doInitialScan] Initial repository scan started
2024-10-22 04:17:32.963 [info] > git rev-parse --show-toplevel [14ms]
2024-10-22 04:17:32.963 [info] > git rev-parse --git-dir --git-common-dir [6ms]
2024-10-22 04:17:32.963 [info] [Model][openRepository] Opened repository: /home/bobbeh/codes/BobbehLandingPage
2024-10-22 04:17:32.964 [info] > git rev-parse --show-toplevel [4ms]
2024-10-22 04:17:32.964 [info] > git config --get commit.template [8ms]
2024-10-22 04:17:33.205 [info] > git for-each-ref --format=%(refname)%00%(upstream:short)%00%(objectname)%00%(upstream:track)%00%(upstream:remotename)%00%(upstream:remoteref) refs/heads/master refs/remotes/master [19ms]
2024-10-22 04:17:33.205 [info] > git rev-parse --show-toplevel [23ms]
2024-10-22 04:17:33.216 [info] > git rev-parse --show-toplevel [6ms]
2024-10-22 04:17:33.249 [info] > git status -z -uall [7ms]
2024-10-22 04:17:33.249 [info] > git rev-parse --show-toplevel [27ms]
2024-10-22 04:17:33.266 [info] > git for-each-ref --sort -committerdate --format %(refname) %(objectname) %(*objectname) [18ms]
2024-10-22 04:17:33.283 [info] > git for-each-ref --format=%(refname)%00%(upstream:short)%00%(objectname)%00%(upstream:track)%00%(upstream:remotename)%00%(upstream:remoteref) refs/heads/master refs/remotes/master [9ms]
2024-10-22 04:17:33.287 [info] > git rev-parse --show-toplevel [26ms]
2024-10-22 04:17:33.293 [info] > git config --local branch.master.vscode-merge-base [6ms]
2024-10-22 04:17:33.298 [info] > git config --get commit.template [19ms]
2024-10-22 04:17:33.318 [info] > git for-each-ref --format=%(refname)%00%(upstream:short)%00%(objectname)%00%(upstream:track)%00%(upstream:remotename)%00%(upstream:remoteref) refs/heads/origin/master refs/remotes/origin/master [21ms]
2024-10-22 04:17:33.332 [info] > git rev-parse --show-toplevel [40ms]
2024-10-22 04:17:33.343 [info] > git merge-base refs/heads/master refs/remotes/origin/master [20ms]
2024-10-22 04:17:33.401 [info] > git diff --name-status -z --diff-filter=ADMR ada8bb29fb92ea59d35d5b1c7d6c632b3ef83796...refs/remotes/origin/master [54ms]
2024-10-22 04:17:33.402 [info] > git rev-parse --show-toplevel [61ms]
2024-10-22 04:17:33.402 [info] [Model][doInitialScan] Initial repository scan completed - repositories (1), closed repositories (0), parent repositories (0), unsafe repositories (0)
2024-10-22 04:17:33.402 [info] > git for-each-ref --format=%(refname)%00%(upstream:short)%00%(objectname)%00%(upstream:track)%00%(upstream:remotename)%00%(upstream:remoteref) refs/heads/master refs/remotes/master [65ms]
2024-10-22 04:17:33.445 [info] > git status -z -uall [21ms]
2024-10-22 04:17:33.446 [info] > git for-each-ref --sort -committerdate --format %(refname) %(objectname) %(*objectname) [17ms]
2024-10-22 04:17:33.511 [info] > git check-ignore -v -z --stdin [45ms]
2024-10-22 04:17:33.629 [info] > git show --textconv :static/styles.css [108ms]
2024-10-22 04:17:33.639 [info] > git ls-files --stage -- /home/bobbeh/codes/BobbehLandingPage/static/styles.css [112ms]
2024-10-22 04:17:33.657 [info] > git cat-file -s e24236706a80fa1df136017b3b3727c2b4b47174 [13ms]
2024-10-22 04:17:34.211 [info] > git fetch [1268ms]
2024-10-22 04:17:34.221 [info] > git config --get commit.template [5ms]
2024-10-22 04:17:34.221 [info] > git for-each-ref --format=%(refname)%00%(upstream:short)%00%(objectname)%00%(upstream:track)%00%(upstream:remotename)%00%(upstream:remoteref) refs/heads/master refs/remotes/master [1ms]
2024-10-22 04:17:34.232 [info] > git status -z -uall [6ms]
2024-10-22 04:17:34.232 [info] > git for-each-ref --sort -committerdate --format %(refname) %(objectname) %(*objectname) [1ms]
2024-10-22 04:17:35.253 [info] > git config --get commit.template [5ms]
2024-10-22 04:17:35.254 [info] > git for-each-ref --format=%(refname)%00%(upstream:short)%00%(objectname)%00%(upstream:track)%00%(upstream:remotename)%00%(upstream:remoteref) refs/heads/master refs/remotes/master [1ms]
2024-10-22 04:17:35.264 [info] > git status -z -uall [5ms]
2024-10-22 04:17:35.264 [info] > git for-each-ref --sort -committerdate --format %(refname) %(objectname) %(*objectname) [1ms]
2024-10-22 04:17:35.349 [info] > git ls-files --stage -- /home/bobbeh/codes/BobbehLandingPage/static/styles.css [1ms]
2024-10-22 04:17:35.354 [info] > git cat-file -s e24236706a80fa1df136017b3b3727c2b4b47174 [1ms]
2024-10-22 04:17:35.360 [info] > git show --textconv :static/styles.css [1ms]
2024-10-22 04:18:09.950 [info] > git check-ignore -v -z --stdin [2ms]
